#
# A fatal error has been detected by the Java Runtime Environment:
#
#  SIGSEGV (0xb) at pc=0x000000012093f3fd, pid=615, tid=2571
#
# JRE version: Java(TM) SE Runtime Environment (8.0_25-b17) (build 1.8.0_25-b17)
# Java VM: Java HotSpot(TM) 64-Bit Server VM (25.25-b02 mixed mode bsd-amd64 compressed oops)
# Problematic frame:
# C  [libglass.dylib+0x163fd]  GlassScreenDidChangeScreenParameters+0x9d
#
# Failed to write core dump. Core dumps have been disabled. To enable core dumping, try "ulimit -c unlimited" before starting Java again
#
# If you would like to submit a bug report, please visit:
#   http://bugreport.sun.com/bugreport/crash.jsp
#

---------------  T H R E A D  ---------------

Current thread is native thread

siginfo: si_signo: 11 (SIGSEGV), si_code: 1 (SEGV_MAPERR), si_addr: 0x0000000000000000

Registers:
RAX=0x0000000120971e40, RBX=0x0000000000000000, RCX=0x0000000000000103, RDX=0x00007f8ff05afa70
RSP=0x00007fff58c13bb0, RBP=0x00007fff58c13bc0, RSI=0x00007f8ff0519d68, RDI=0x0000000000000000
R8 =0x0000000000000040, R9 =0x00007fff73eef1e0, R10=0xffffffffffffffff, R11=0x0000000000000246
R12=0x00007f8ff2e09390, R13=0x00007f8ff0571260, R14=0x00007f8ff0571320, R15=0x0000000000000000
RIP=0x000000012093f3fd, EFLAGS=0x0000000000010202, ERR=0x0000000000000004
  TRAPNO=0x000000000000000e

Top of Stack: (sp=0x00007fff58c13bb0)
0x00007fff58c13bb0:   00007fff58c13c08 00007f8ff0571320
0x00007fff58c13bc0:   00007fff58c13bd0 00007fff8c4d770c
0x00007fff58c13bd0:   00007fff58c13bf0 00007fff8c4d767f
0x00007fff58c13be0:   0000000000000000 0000000000000000
0x00007fff58c13bf0:   00007fff58c13c60 00007fff8c4d6d47
0x00007fff58c13c00:   00007fff8c8107ed 00007fff727060a0
0x00007fff58c13c10:   0000000042000000 00007fff8c4d7640
0x00007fff58c13c20:   00007fff73d96720 00007f8ff0571260
0x00007fff58c13c30:   00007f8ff2e09390 00007fff58c14408
0x00007fff58c13c40:   00007fff73ec3780 00007fff58c14408
0x00007fff58c13c50:   00007f8ff0571260 00007fff8c80fb0f
0x00007fff58c13c60:   00007fff58c13ca0 00007fff8c4d6ab2
0x00007fff58c13c70:   00007fff58c14280 0000000000000000
0x00007fff58c13c80:   00007fff73ec3780 00007fff58c14408
0x00007fff58c13c90:   00007fff8e0cf4c0 00007fff8c80fb0f
0x00007fff58c13ca0:   00007fff58c143b0 00007fff8c4d0d42
0x00007fff58c13cb0:   00007f8ff2e04d00 0000000000000002
0x00007fff58c13cc0:   0000000000000000 00007f8ff061bf90
0x00007fff58c13cd0:   00007f8ff1005048 00007f8ff0565250
0x00007fff58c13ce0:   0000000000000000 00007f8ff0571380
0x00007fff58c13cf0:   0000000000000000 0000000000000000
0x00007fff58c13d00:   00007fff73dd3bc0 00007fff58c14280
0x00007fff58c13d10:   0000000000000001 0000000000000100
0x00007fff58c13d20:   0000000000001d00 00007fff58c14180
0x00007fff58c13d30:   0000000000000000 0000000000000100
0x00007fff58c13d40:   4092ec0000000000 00007fff73ec3780
0x00007fff58c13d50:   0000000000000000 00007fff73d97500
0x00007fff58c13d60:   00007fff73ec3780 0000000000000000
0x00007fff58c13d70:   00007fff73d97500 00007f8ff2e09320
0x00007fff58c13d80:   00007f8ff2e04d00 0000000000000002
0x00007fff58c13d90:   0000000000000000 00007fff8e0cf4c0
0x00007fff58c13da0:   00007fff58c13f60 00007fff85b42348 

Instructions: (pc=0x000000012093f3fd)
0x000000012093f3dd:   89 df 4c 89 f1 41 ff 90 68 04 00 00 48 8d 05 58
0x000000012093f3ed:   29 03 00 48 8b 30 48 8d 05 46 2a 03 00 48 8b 10
0x000000012093f3fd:   48 8b 0b 30 c0 48 89 df ff 91 68 04 00 00 48 8b
0x000000012093f40d:   03 48 89 df ff 50 78 48 85 c0 74 36 49 89 c6 48 

Register to memory mapping:

RAX=0x0000000120971e40: jScreenNotifySettingsChanged+0 in /Library/Java/JavaVirtualMachines/jdk1.8.0_25.jdk/Contents/Home/jre/lib/libglass.dylib at 0x0000000120929000
RBX=0x0000000000000000 is an unknown value
RCX=0x0000000000000103 is an unknown value
RDX=0x00007f8ff05afa70 is an unknown value
RSP=0x00007fff58c13bb0 is an unknown value
RBP=0x00007fff58c13bc0 is an unknown value
RSI=0x00007f8ff0519d68 is a global jni handle
RDI=0x0000000000000000 is an unknown value
R8 =0x0000000000000040 is an unknown value
R9 =0x00007fff73eef1e0: __sFX+0x1c0 in /usr/lib/system/libsystem_c.dylib at 0x00007fff8c95d000
R10=0xffffffffffffffff is an unknown value
R11=0x0000000000000246 is an unknown value
R12=0x00007f8ff2e09390 is an unknown value
R13=0x00007f8ff0571260 is an unknown value
R14=0x00007f8ff0571320 is an unknown value
R15=0x0000000000000000 is an unknown value


Stack: [0x00007fff58417000,0x00007fff58c17000],  sp=0x00007fff58c13bb0,  free space=8178k
Native frames: (J=compiled Java code, j=interpreted, Vv=VM code, C=native code)
C  [libglass.dylib+0x163fd]  GlassScreenDidChangeScreenParameters+0x9d
C  [CoreFoundation+0x12870c]  __CFNOTIFICATIONCENTER_IS_CALLING_OUT_TO_AN_OBSERVER__+0xc
C  [CoreFoundation+0x12867f]  ___CFXRegistrationPost_block_invoke+0x3f
C  [CoreFoundation+0x127d47]  _CFXRegistrationPost+0x197
C  [CoreFoundation+0x127ab2]  ___CFXNotificationPost_block_invoke+0x32
C  [CoreFoundation+0x121d42]  -[_CFXNotificationRegistrar find:object:observer:enumerator:]+0x782
C  [CoreFoundation+0x10145]  _CFXNotificationPost+0x2b5
C  [Foundation+0x7921]  -[NSNotificationCenter postNotificationName:object:userInfo:]+0x42
C  [AppKit+0x3d9ca8]  -[NSApplication _reactToScreenInvalidationImmediately:]+0x17f
C  [AppKit+0x3d9af9]  __44-[NSApplication _reactToScreenInvalidation:]_block_invoke+0x3b
C  [CoreFoundation+0x7e4ac]  __CFRUNLOOP_IS_CALLING_OUT_TO_A_BLOCK__+0xc
C  [CoreFoundation+0x70165]  __CFRunLoopDoBlocks+0x155
C  [CoreFoundation+0x6fecb]  __CFRunLoopRun+0x92b
C  [CoreFoundation+0x6f338]  CFRunLoopRunSpecific+0x128
C  [java+0x56cc]  CreateExecutionEnvironment+0x367
C  [java+0x165c]  JLI_Launch+0x7a0
C  [java+0x768a]  main+0x65
C  [java+0xeb4]  start+0x34


---------------  P R O C E S S  ---------------

VM state:not at safepoint (normal execution)

VM Mutex/Monitor currently owned by a thread: None

Heap:
 PSYoungGen      total 38400K, used 30241K [0x0000000795580000, 0x0000000798000000, 0x00000007c0000000)
  eden space 33280K, 90% used [0x0000000795580000,0x00000007973084c0,0x0000000797600000)
  from space 5120K, 0% used [0x0000000797b00000,0x0000000797b00000,0x0000000798000000)
  to   space 5120K, 0% used [0x0000000797600000,0x0000000797600000,0x0000000797b00000)
 ParOldGen       total 87552K, used 0K [0x0000000740000000, 0x0000000745580000, 0x0000000795580000)
  object space 87552K, 0% used [0x0000000740000000,0x0000000740000000,0x0000000745580000)
 Metaspace       used 14269K, capacity 14800K, committed 14976K, reserved 1062912K
  class space    used 1906K, capacity 2083K, committed 2176K, reserved 1048576K

Card table byte_map: [0x0000000117edc000,0x00000001182dd000] byte_map_base: 0x00000001144dc000

Marking Bits: (ParMarkBitMap*) 0x000000010849d390
 Begin Bits: [0x0000000118588000, 0x000000011a588000)
 End Bits:   [0x000000011a588000, 0x000000011c588000)

Polling page: 0x00000001072aa000

CodeCache: size=245760Kb used=3690Kb max_used=3690Kb free=242069Kb
 bounds [0x0000000108b1c000, 0x0000000108ebc000, 0x0000000117b1c000]
 total_blobs=1633 nmethods=1023 adapters=525
 compilation: enabled

Compilation events (10 events):
Event: 10.700 Thread 0x00007f8ff2084000 1020       3       java.nio.ByteBuffer::arrayOffset (35 bytes)
Event: 10.700 Thread 0x00007f8ff2084000 nmethod 1020 0x0000000108eb15d0 code [0x0000000108eb1760, 0x0000000108eb1a58]
Event: 12.257 Thread 0x00007f8ff2084000 1021       3       java.nio.charset.CoderResult::isUnderflow (13 bytes)
Event: 12.257 Thread 0x00007f8ff2084000 nmethod 1021 0x0000000108eb1250 code [0x0000000108eb13c0, 0x0000000108eb1570]
Event: 12.262 Thread 0x00007f8ff2084000 1022       3       java.lang.StringCoding::deref (19 bytes)
Event: 12.262 Thread 0x00007f8ff2084000 nmethod 1022 0x0000000108eb6710 code [0x0000000108eb68a0, 0x0000000108eb6d48]
Event: 12.262 Thread 0x00007f8ff2084000 1023       3       java.lang.StringCoding::access$000 (6 bytes)
Event: 12.262 Thread 0x00007f8ff2084000 nmethod 1023 0x0000000108eb6e90 code [0x0000000108eb7000, 0x0000000108eb71b0]
Event: 12.262 Thread 0x00007f8ff2084000 1024       3       java.lang.StringCoding::scale (7 bytes)
Event: 12.263 Thread 0x00007f8ff2084000 nmethod 1024 0x0000000108eb7250 code [0x0000000108eb73c0, 0x0000000108eb7530]

GC Heap History (0 events):
No events

Deoptimization events (10 events):
Event: 0.787 Thread 0x00007f8ff221b000 Uncommon trap: reason=class_check action=maybe_recompile pc=0x0000000108d6d750 method=java.io.DataInputStream.readShort()S @ 4
Event: 0.787 Thread 0x00007f8ff221b000 Uncommon trap: reason=class_check action=maybe_recompile pc=0x0000000108d6d750 method=java.io.DataInputStream.readShort()S @ 4
Event: 0.787 Thread 0x00007f8ff221b000 Uncommon trap: reason=class_check action=maybe_recompile pc=0x0000000108d6d750 method=java.io.DataInputStream.readShort()S @ 4
Event: 0.787 Thread 0x00007f8ff221b000 Uncommon trap: reason=class_check action=maybe_recompile pc=0x0000000108d6d750 method=java.io.DataInputStream.readShort()S @ 4
Event: 0.791 Thread 0x00007f8ff221b000 Uncommon trap: reason=class_check action=maybe_recompile pc=0x0000000108c3e75c method=java.lang.String.equals(Ljava/lang/Object;)Z @ 8
Event: 0.791 Thread 0x00007f8ff221b000 Uncommon trap: reason=class_check action=maybe_recompile pc=0x0000000108c3e75c method=java.lang.String.equals(Ljava/lang/Object;)Z @ 8
Event: 0.791 Thread 0x00007f8ff221b000 Uncommon trap: reason=class_check action=maybe_recompile pc=0x0000000108c3e75c method=java.lang.String.equals(Ljava/lang/Object;)Z @ 8
Event: 1.009 Thread 0x00007f8ff221b000 Uncommon trap: reason=unloaded action=reinterpret pc=0x0000000108d63158 method=java.lang.CharacterData.of(I)Ljava/lang/CharacterData; @ 96
Event: 1.057 Thread 0x00007f8ff221b000 Uncommon trap: reason=unreached action=reinterpret pc=0x0000000108e1b8d0 method=java.util.HashMap.putVal(ILjava/lang/Object;Ljava/lang/Object;ZZ)Ljava/lang/Object; @ 193
Event: 1.060 Thread 0x00007f8ff221b000 Uncommon trap: reason=class_check action=maybe_recompile pc=0x0000000108c3e75c method=java.lang.String.equals(Ljava/lang/Object;)Z @ 8

Internal exceptions (10 events):
Event: 2.430 Thread 0x00007f8ff233d000 Exception <a 'java/security/PrivilegedActionException'> (0x00000007971bbbb8) thrown at [/HUDSON3/workspace/8-2-build-macosx-x86_64/jdk8u25/1514/hotspot/src/share/vm/prims/jvm.cpp, line 1312]
Event: 2.430 Thread 0x00007f8ff233d000 Exception <a 'java/security/PrivilegedActionException'> (0x00000007971bd6b0) thrown at [/HUDSON3/workspace/8-2-build-macosx-x86_64/jdk8u25/1514/hotspot/src/share/vm/prims/jvm.cpp, line 1312]
Event: 2.431 Thread 0x00007f8ff233d000 Exception <a 'java/security/PrivilegedActionException'> (0x00000007971bfe50) thrown at [/HUDSON3/workspace/8-2-build-macosx-x86_64/jdk8u25/1514/hotspot/src/share/vm/prims/jvm.cpp, line 1312]
Event: 2.431 Thread 0x00007f8ff233d000 Exception <a 'java/security/PrivilegedActionException'> (0x00000007971c2148) thrown at [/HUDSON3/workspace/8-2-build-macosx-x86_64/jdk8u25/1514/hotspot/src/share/vm/prims/jvm.cpp, line 1312]
Event: 2.432 Thread 0x00007f8ff233d000 Exception <a 'java/security/PrivilegedActionException'> (0x00000007971ce0b0) thrown at [/HUDSON3/workspace/8-2-build-macosx-x86_64/jdk8u25/1514/hotspot/src/share/vm/prims/jvm.cpp, line 1312]
Event: 2.433 Thread 0x00007f8ff233d000 Exception <a 'java/security/PrivilegedActionException'> (0x00000007971d1ca8) thrown at [/HUDSON3/workspace/8-2-build-macosx-x86_64/jdk8u25/1514/hotspot/src/share/vm/prims/jvm.cpp, line 1312]
Event: 12.258 Thread 0x00007f8ff233d000 Exception <a 'java/security/PrivilegedActionException'> (0x00000007971ec220) thrown at [/HUDSON3/workspace/8-2-build-macosx-x86_64/jdk8u25/1514/hotspot/src/share/vm/prims/jvm.cpp, line 1312]
Event: 12.261 Thread 0x00007f8ff233d000 Exception <a 'java/security/PrivilegedActionException'> (0x00000007971efca8) thrown at [/HUDSON3/workspace/8-2-build-macosx-x86_64/jdk8u25/1514/hotspot/src/share/vm/prims/jvm.cpp, line 1312]
Event: 12.262 Thread 0x00007f8ff233d000 Exception <a 'java/security/PrivilegedActionException'> (0x00000007971f1978) thrown at [/HUDSON3/workspace/8-2-build-macosx-x86_64/jdk8u25/1514/hotspot/src/share/vm/prims/jvm.cpp, line 1312]
Event: 12.265 Thread 0x00007f8ff233d000 Exception <a 'java/security/PrivilegedActionException'> (0x00000007971f35c8) thrown at [/HUDSON3/workspace/8-2-build-macosx-x86_64/jdk8u25/1514/hotspot/src/share/vm/prims/jvm.cpp, line 1312]

Events (10 events):
Event: 12.257 loading class java/io/InterruptedIOException
Event: 12.258 loading class java/io/InterruptedIOException done
Event: 12.258 loading class application/Plateau
Event: 12.258 loading class application/Plateau done
Event: 12.261 loading class application/PlateauTournant
Event: 12.261 loading class application/PlateauTournant done
Event: 12.262 loading class application/ExceptionPilierRempli
Event: 12.262 loading class application/ExceptionPilierRempli done
Event: 12.265 loading class application/Plateau$Pion
Event: 12.265 loading class application/Plateau$Pion done


Dynamic libraries:
0x0000000001a92000 	/System/Library/Frameworks/Cocoa.framework/Versions/A/Cocoa
0x0000000001a92000 	/System/Library/Frameworks/Security.framework/Versions/A/Security
0x0000000001a92000 	/System/Library/Frameworks/ApplicationServices.framework/Versions/A/ApplicationServices
0x0000000001a92000 	/usr/lib/libz.1.dylib
0x0000000001a92000 	/usr/lib/libSystem.B.dylib
0x0000000001a92000 	/usr/lib/libobjc.A.dylib
0x0000000001a92000 	/System/Library/Frameworks/CoreFoundation.framework/Versions/A/CoreFoundation
0x0000000001a92000 	/System/Library/Frameworks/Foundation.framework/Versions/C/Foundation
0x0000000001a92000 	/System/Library/Frameworks/AppKit.framework/Versions/C/AppKit
0x0000000001a92000 	/System/Library/Frameworks/CoreData.framework/Versions/A/CoreData
0x0000000001a92000 	/System/Library/PrivateFrameworks/RemoteViewServices.framework/Versions/A/RemoteViewServices
0x0000000001a92000 	/System/Library/PrivateFrameworks/UIFoundation.framework/Versions/A/UIFoundation
0x0000000001a92000 	/usr/lib/libScreenReader.dylib
0x0000000001a92000 	/System/Library/Frameworks/Accelerate.framework/Versions/A/Accelerate
0x0000000001a92000 	/System/Library/Frameworks/IOSurface.framework/Versions/A/IOSurface
0x0000000001a92000 	/System/Library/Frameworks/AudioToolbox.framework/Versions/A/AudioToolbox
0x0000000001a92000 	/System/Library/Frameworks/AudioUnit.framework/Versions/A/AudioUnit
0x0000000001a92000 	/System/Library/PrivateFrameworks/DataDetectorsCore.framework/Versions/A/DataDetectorsCore
0x0000000001a92000 	/System/Library/PrivateFrameworks/DesktopServicesPriv.framework/Versions/A/DesktopServicesPriv
0x0000000001a92000 	/System/Library/Frameworks/Carbon.framework/Versions/A/Frameworks/HIToolbox.framework/Versions/A/HIToolbox
0x0000000001a92000 	/System/Library/Frameworks/QuartzCore.framework/Versions/A/QuartzCore
0x0000000001a92000 	/System/Library/Frameworks/Carbon.framework/Versions/A/Frameworks/SpeechRecognition.framework/Versions/A/SpeechRecognition
0x0000000001a92000 	/usr/lib/libauto.dylib
0x0000000001a92000 	/usr/lib/libicucore.A.dylib
0x0000000001a92000 	/usr/lib/libxml2.2.dylib
0x0000000001a92000 	/System/Library/PrivateFrameworks/CoreUI.framework/Versions/A/CoreUI
0x0000000001a92000 	/System/Library/Frameworks/CoreAudio.framework/Versions/A/CoreAudio
0x0000000001a92000 	/System/Library/Frameworks/DiskArbitration.framework/Versions/A/DiskArbitration
0x0000000001a92000 	/usr/lib/liblangid.dylib
0x0000000001a92000 	/System/Library/PrivateFrameworks/MultitouchSupport.framework/Versions/A/MultitouchSupport
0x0000000001a92000 	/System/Library/Frameworks/IOKit.framework/Versions/A/IOKit
0x0000000001a92000 	/usr/lib/libDiagnosticMessagesClient.dylib
0x0000000001a92000 	/System/Library/Frameworks/CoreServices.framework/Versions/A/CoreServices
0x0000000001a92000 	/System/Library/PrivateFrameworks/PerformanceAnalysis.framework/Versions/A/PerformanceAnalysis
0x0000000001a92000 	/System/Library/PrivateFrameworks/GenerationalStorage.framework/Versions/A/GenerationalStorage
0x0000000001a92000 	/System/Library/Frameworks/OpenGL.framework/Versions/A/OpenGL
0x0000000001a92000 	/System/Library/PrivateFrameworks/Sharing.framework/Versions/A/Sharing
0x0000000001a92000 	/System/Library/Frameworks/CoreGraphics.framework/Versions/A/CoreGraphics
0x0000000001a92000 	/System/Library/Frameworks/CoreImage.framework/Versions/A/CoreImage
0x0000000001a92000 	/System/Library/Frameworks/CoreText.framework/Versions/A/CoreText
0x0000000001a92000 	/System/Library/Frameworks/ImageIO.framework/Versions/A/ImageIO
0x0000000001a92000 	/System/Library/PrivateFrameworks/Backup.framework/Versions/A/Backup
0x0000000001a92000 	/usr/lib/libextension.dylib
0x0000000001a92000 	/usr/lib/libarchive.2.dylib
0x0000000001a92000 	/System/Library/Frameworks/CFNetwork.framework/Versions/A/CFNetwork
0x0000000001a92000 	/System/Library/Frameworks/SystemConfiguration.framework/Versions/A/SystemConfiguration
0x0000000001a92000 	/usr/lib/libCRFSuite.dylib
0x0000000001a92000 	/usr/lib/libc++.1.dylib
0x0000000001a92000 	/usr/lib/libc++abi.dylib
0x0000000001a92000 	/usr/lib/system/libcache.dylib
0x0000000001a92000 	/usr/lib/system/libcommonCrypto.dylib
0x0000000001a92000 	/usr/lib/system/libcompiler_rt.dylib
0x0000000001a92000 	/usr/lib/system/libcopyfile.dylib
0x0000000001a92000 	/usr/lib/system/libcorecrypto.dylib
0x0000000001a92000 	/usr/lib/system/libdispatch.dylib
0x0000000001a92000 	/usr/lib/system/libdyld.dylib
0x0000000001a92000 	/usr/lib/system/libkeymgr.dylib
0x0000000001a92000 	/usr/lib/system/liblaunch.dylib
0x0000000001a92000 	/usr/lib/system/libmacho.dylib
0x0000000001a92000 	/usr/lib/system/libquarantine.dylib
0x0000000001a92000 	/usr/lib/system/libremovefile.dylib
0x0000000001a92000 	/usr/lib/system/libsystem_asl.dylib
0x0000000001a92000 	/usr/lib/system/libsystem_blocks.dylib
0x0000000001a92000 	/usr/lib/system/libsystem_c.dylib
0x0000000001a92000 	/usr/lib/system/libsystem_configuration.dylib
0x0000000001a92000 	/usr/lib/system/libsystem_coreservices.dylib
0x0000000001a92000 	/usr/lib/system/libsystem_coretls.dylib
0x0000000001a92000 	/usr/lib/system/libsystem_dnssd.dylib
0x0000000001a92000 	/usr/lib/system/libsystem_info.dylib
0x0000000001a92000 	/usr/lib/system/libsystem_kernel.dylib
0x0000000001a92000 	/usr/lib/system/libsystem_m.dylib
0x0000000001a92000 	/usr/lib/system/libsystem_malloc.dylib
0x0000000001a92000 	/usr/lib/system/libsystem_network.dylib
0x0000000001a92000 	/usr/lib/system/libsystem_networkextension.dylib
0x0000000001a92000 	/usr/lib/system/libsystem_notify.dylib
0x0000000001a92000 	/usr/lib/system/libsystem_platform.dylib
0x0000000001a92000 	/usr/lib/system/libsystem_pthread.dylib
0x0000000001a92000 	/usr/lib/system/libsystem_sandbox.dylib
0x0000000001a92000 	/usr/lib/system/libsystem_secinit.dylib
0x0000000001a92000 	/usr/lib/system/libsystem_trace.dylib
0x0000000001a92000 	/usr/lib/system/libunc.dylib
0x0000000001a92000 	/usr/lib/system/libunwind.dylib
0x0000000001a92000 	/usr/lib/system/libxpc.dylib
0x0000000001a92000 	/usr/lib/libenergytrace.dylib
0x0000000001a92000 	/usr/lib/libbsm.0.dylib
0x0000000001a92000 	/usr/lib/system/libkxld.dylib
0x0000000001a92000 	/usr/lib/libxar.1.dylib
0x0000000001a92000 	/usr/lib/libsqlite3.dylib
0x0000000001a92000 	/usr/lib/libpam.2.dylib
0x0000000001a92000 	/usr/lib/libOpenScriptingUtil.dylib
0x0000000001a92000 	/usr/lib/libbz2.1.0.dylib
0x0000000001a92000 	/usr/lib/liblzma.5.dylib
0x0000000001a92000 	/System/Library/Frameworks/CoreServices.framework/Versions/A/Frameworks/FSEvents.framework/Versions/A/FSEvents
0x0000000001a92000 	/System/Library/Frameworks/CoreServices.framework/Versions/A/Frameworks/CarbonCore.framework/Versions/A/CarbonCore
0x0000000001a92000 	/System/Library/Frameworks/CoreServices.framework/Versions/A/Frameworks/Metadata.framework/Versions/A/Metadata
0x0000000001a92000 	/System/Library/Frameworks/CoreServices.framework/Versions/A/Frameworks/OSServices.framework/Versions/A/OSServices
0x0000000001a92000 	/System/Library/Frameworks/CoreServices.framework/Versions/A/Frameworks/SearchKit.framework/Versions/A/SearchKit
0x0000000001a92000 	/System/Library/Frameworks/CoreServices.framework/Versions/A/Frameworks/AE.framework/Versions/A/AE
0x0000000001a92000 	/System/Library/Frameworks/CoreServices.framework/Versions/A/Frameworks/LaunchServices.framework/Versions/A/LaunchServices
0x0000000001a92000 	/System/Library/Frameworks/CoreServices.framework/Versions/A/Frameworks/DictionaryServices.framework/Versions/A/DictionaryServices
0x0000000001a92000 	/System/Library/Frameworks/CoreServices.framework/Versions/A/Frameworks/SharedFileList.framework/Versions/A/SharedFileList
0x0000000001a92000 	/System/Library/Frameworks/NetFS.framework/Versions/A/NetFS
0x0000000001a92000 	/System/Library/PrivateFrameworks/NetAuth.framework/Versions/A/NetAuth
0x0000000001a92000 	/System/Library/PrivateFrameworks/login.framework/Versions/A/Frameworks/loginsupport.framework/Versions/A/loginsupport
0x0000000001a92000 	/System/Library/PrivateFrameworks/TCC.framework/Versions/A/TCC
0x0000000001a92000 	/usr/lib/libmecabra.dylib
0x0000000001a92000 	/System/Library/Frameworks/ApplicationServices.framework/Versions/A/Frameworks/ATS.framework/Versions/A/ATS
0x0000000001a92000 	/System/Library/Frameworks/ApplicationServices.framework/Versions/A/Frameworks/ColorSync.framework/Versions/A/ColorSync
0x0000000001a92000 	/System/Library/Frameworks/ApplicationServices.framework/Versions/A/Frameworks/HIServices.framework/Versions/A/HIServices
0x0000000001a92000 	/System/Library/Frameworks/ApplicationServices.framework/Versions/A/Frameworks/LangAnalysis.framework/Versions/A/LangAnalysis
0x0000000001a92000 	/System/Library/Frameworks/ApplicationServices.framework/Versions/A/Frameworks/PrintCore.framework/Versions/A/PrintCore
0x0000000001a92000 	/System/Library/Frameworks/ApplicationServices.framework/Versions/A/Frameworks/QD.framework/Versions/A/QD
0x0000000001a92000 	/System/Library/Frameworks/ApplicationServices.framework/Versions/A/Frameworks/SpeechSynthesis.framework/Versions/A/SpeechSynthesis
0x0000000001a92000 	/System/Library/Frameworks/Metal.framework/Versions/A/Metal
0x0000000001a92000 	/System/Library/Frameworks/Accelerate.framework/Versions/A/Frameworks/vImage.framework/Versions/A/vImage
0x0000000001a92000 	/System/Library/Frameworks/Accelerate.framework/Versions/A/Frameworks/vecLib.framework/Versions/A/vecLib
0x0000000001a92000 	/System/Library/Frameworks/Accelerate.framework/Versions/A/Frameworks/vecLib.framework/Versions/A/libvDSP.dylib
0x0000000001a92000 	/System/Library/Frameworks/Accelerate.framework/Versions/A/Frameworks/vecLib.framework/Versions/A/libvMisc.dylib
0x0000000001a92000 	/System/Library/Frameworks/Accelerate.framework/Versions/A/Frameworks/vecLib.framework/Versions/A/libLAPACK.dylib
0x0000000001a92000 	/System/Library/Frameworks/Accelerate.framework/Versions/A/Frameworks/vecLib.framework/Versions/A/libBLAS.dylib
0x0000000001a92000 	/System/Library/Frameworks/Accelerate.framework/Versions/A/Frameworks/vecLib.framework/Versions/A/libLinearAlgebra.dylib
0x0000000001a92000 	/System/Library/Frameworks/Accelerate.framework/Versions/A/Frameworks/vecLib.framework/Versions/A/libSparseBLAS.dylib
0x0000000001a92000 	/System/Library/PrivateFrameworks/GPUCompiler.framework/libmetal_timestamp.dylib
0x0000000001a92000 	/System/Library/Frameworks/OpenGL.framework/Versions/A/Libraries/libCoreFSCache.dylib
0x0000000001a92000 	/System/Library/PrivateFrameworks/IOAccelerator.framework/Versions/A/IOAccelerator
0x0000000001a92000 	/System/Library/Frameworks/ApplicationServices.framework/Versions/A/Frameworks/ATS.framework/Versions/A/Resources/libFontParser.dylib
0x0000000001a92000 	/System/Library/Frameworks/ApplicationServices.framework/Versions/A/Frameworks/ATS.framework/Versions/A/Resources/libFontRegistry.dylib
0x0000000001a92000 	/System/Library/PrivateFrameworks/AppleVPA.framework/Versions/A/AppleVPA
0x0000000001a92000 	/System/Library/PrivateFrameworks/AppleJPEG.framework/Versions/A/AppleJPEG
0x0000000001a92000 	/System/Library/Frameworks/ImageIO.framework/Versions/A/Resources/libJPEG.dylib
0x0000000001a92000 	/System/Library/Frameworks/ImageIO.framework/Versions/A/Resources/libTIFF.dylib
0x0000000001a92000 	/System/Library/Frameworks/ImageIO.framework/Versions/A/Resources/libPng.dylib
0x0000000001a92000 	/System/Library/Frameworks/ImageIO.framework/Versions/A/Resources/libGIF.dylib
0x0000000001a92000 	/System/Library/Frameworks/ImageIO.framework/Versions/A/Resources/libJP2.dylib
0x0000000001a92000 	/System/Library/Frameworks/ImageIO.framework/Versions/A/Resources/libRadiance.dylib
0x0000000001a92000 	/System/Library/Frameworks/CoreVideo.framework/Versions/A/CoreVideo
0x0000000001a92000 	/System/Library/Frameworks/OpenGL.framework/Versions/A/Libraries/libGLU.dylib
0x0000000001a92000 	/System/Library/Frameworks/OpenGL.framework/Versions/A/Libraries/libGFXShared.dylib
0x0000000001a92000 	/System/Library/Frameworks/OpenGL.framework/Versions/A/Libraries/libGL.dylib
0x0000000001a92000 	/System/Library/Frameworks/OpenGL.framework/Versions/A/Libraries/libGLImage.dylib
0x0000000001a92000 	/System/Library/Frameworks/OpenGL.framework/Versions/A/Libraries/libCVMSPluginSupport.dylib
0x0000000001a92000 	/System/Library/Frameworks/OpenGL.framework/Versions/A/Libraries/libCoreVMClient.dylib
0x0000000001a92000 	/usr/lib/libcups.2.dylib
0x0000000001a92000 	/System/Library/Frameworks/Kerberos.framework/Versions/A/Kerberos
0x0000000001a92000 	/System/Library/Frameworks/GSS.framework/Versions/A/GSS
0x0000000001a92000 	/usr/lib/libresolv.9.dylib
0x0000000001a92000 	/usr/lib/libiconv.2.dylib
0x0000000001a92000 	/System/Library/PrivateFrameworks/Heimdal.framework/Versions/A/Heimdal
0x0000000001a92000 	/usr/lib/libheimdal-asn1.dylib
0x0000000001a92000 	/System/Library/Frameworks/OpenDirectory.framework/Versions/A/OpenDirectory
0x0000000001a92000 	/System/Library/PrivateFrameworks/CommonAuth.framework/Versions/A/CommonAuth
0x0000000001a92000 	/System/Library/Frameworks/OpenDirectory.framework/Versions/A/Frameworks/CFOpenDirectory.framework/Versions/A/CFOpenDirectory
0x0000000001a92000 	/System/Library/Frameworks/SecurityFoundation.framework/Versions/A/SecurityFoundation
0x0000000001a92000 	/System/Library/PrivateFrameworks/LanguageModeling.framework/Versions/A/LanguageModeling
0x0000000001a92000 	/usr/lib/libmarisa.dylib
0x0000000001a92000 	/usr/lib/libChineseTokenizer.dylib
0x0000000001a92000 	/usr/lib/libcmph.dylib
0x0000000001a92000 	/usr/lib/libcompression.dylib
0x0000000001a92000 	/System/Library/Frameworks/ServiceManagement.framework/Versions/A/ServiceManagement
0x0000000001a92000 	/usr/lib/libxslt.1.dylib
0x0000000001a92000 	/System/Library/Frameworks/Carbon.framework/Versions/A/Frameworks/Ink.framework/Versions/A/Ink
0x0000000001a92000 	/usr/lib/libFosl_dynamic.dylib
0x0000000001a92000 	/System/Library/PrivateFrameworks/FaceCore.framework/Versions/A/FaceCore
0x0000000001a92000 	/System/Library/Frameworks/OpenCL.framework/Versions/A/OpenCL
0x0000000001a92000 	/System/Library/PrivateFrameworks/CrashReporterSupport.framework/Versions/A/CrashReporterSupport
0x0000000001a92000 	/System/Library/PrivateFrameworks/IconServices.framework/Versions/A/IconServices
0x0000000001a92000 	/System/Library/PrivateFrameworks/Apple80211.framework/Versions/A/Apple80211
0x0000000001a92000 	/System/Library/Frameworks/CoreWLAN.framework/Versions/A/CoreWLAN
0x0000000001a92000 	/System/Library/Frameworks/IOBluetooth.framework/Versions/A/IOBluetooth
0x0000000001a92000 	/System/Library/PrivateFrameworks/CoreWiFi.framework/Versions/A/CoreWiFi
0x0000000001a92000 	/System/Library/Frameworks/CoreBluetooth.framework/Versions/A/CoreBluetooth
0x0000000001a92000 	/System/Library/PrivateFrameworks/ChunkingLibrary.framework/Versions/A/ChunkingLibrary
0x0000000001a92000 	/System/Library/PrivateFrameworks/DebugSymbols.framework/Versions/A/DebugSymbols
0x0000000001a92000 	/System/Library/PrivateFrameworks/CoreSymbolication.framework/Versions/A/CoreSymbolication
0x0000000001a92000 	/System/Library/PrivateFrameworks/Symbolication.framework/Versions/A/Symbolication
0x0000000001a92000 	/System/Library/PrivateFrameworks/SpeechRecognitionCore.framework/Versions/A/SpeechRecognitionCore
0x0000000107c00000 	/Library/Java/JavaVirtualMachines/jdk1.8.0_25.jdk/Contents/Home/jre/lib/server/libjvm.dylib
0x0000000001a92000 	/usr/lib/libstdc++.6.dylib
0x0000000107268000 	/Library/Java/JavaVirtualMachines/jdk1.8.0_25.jdk/Contents/Home/jre/lib/libverify.dylib
0x0000000107276000 	/Library/Java/JavaVirtualMachines/jdk1.8.0_25.jdk/Contents/Home/jre/lib/libjava.dylib
0x00000001072b4000 	/Library/Java/JavaVirtualMachines/jdk1.8.0_25.jdk/Contents/Home/jre/lib/libzip.dylib
0x000000011e33a000 	/System/Library/Frameworks/JavaVM.framework/Frameworks/JavaRuntimeSupport.framework/JavaRuntimeSupport
0x000000011e355000 	/System/Library/Frameworks/JavaVM.framework/Versions/A/Frameworks/JavaNativeFoundation.framework/Versions/A/JavaNativeFoundation
0x000000011e36a000 	/System/Library/Frameworks/JavaVM.framework/Versions/A/JavaVM
0x0000000001a92000 	/System/Library/Frameworks/Carbon.framework/Versions/A/Carbon
0x000000011e377000 	/System/Library/PrivateFrameworks/JavaLaunching.framework/Versions/A/JavaLaunching
0x0000000001a92000 	/System/Library/Frameworks/Carbon.framework/Versions/A/Frameworks/CommonPanels.framework/Versions/A/CommonPanels
0x0000000001a92000 	/System/Library/Frameworks/Carbon.framework/Versions/A/Frameworks/Help.framework/Versions/A/Help
0x0000000001a92000 	/System/Library/Frameworks/Carbon.framework/Versions/A/Frameworks/ImageCapture.framework/Versions/A/ImageCapture
0x0000000001a92000 	/System/Library/Frameworks/Carbon.framework/Versions/A/Frameworks/OpenScripting.framework/Versions/A/OpenScripting
0x0000000001a92000 	/System/Library/Frameworks/Carbon.framework/Versions/A/Frameworks/Print.framework/Versions/A/Print
0x0000000001a92000 	/System/Library/Frameworks/Carbon.framework/Versions/A/Frameworks/SecurityHI.framework/Versions/A/SecurityHI
0x000000011fd26000 	/Library/Java/JavaVirtualMachines/jdk1.8.0_25.jdk/Contents/Home/jre/lib/libprism_es2.dylib
0x0000000001a92000 	/System/Library/Frameworks/OpenGL.framework/Versions/A/Resources/GLEngine.bundle/GLEngine
0x0000000001a92000 	/System/Library/Frameworks/OpenGL.framework/Versions/A/Libraries/libGLProgrammability.dylib
0x000000011fda6000 	/System/Library/Extensions/AppleIntelHD5000GraphicsGLDriver.bundle/Contents/MacOS/AppleIntelHD5000GraphicsGLDriver
0x0000000001a92000 	/System/Library/PrivateFrameworks/GPUSupport.framework/Versions/A/Libraries/libGPUSupportMercury.dylib
0x0000000001a92000 	/System/Library/Frameworks/OpenGL.framework/Versions/A/Resources/GLRendererFloat.bundle/GLRendererFloat
0x0000000001a92000 	/System/Library/Frameworks/OpenCL.framework/Versions/A/Libraries/libcldcpuengine.dylib
0x0000000001a92000 	/System/Library/PrivateFrameworks/DiskImages.framework/Versions/A/DiskImages
0x0000000001a92000 	/System/Library/Frameworks/DiscRecording.framework/Versions/A/DiscRecording
0x0000000001a92000 	/usr/lib/libcsfde.dylib
0x0000000001a92000 	/usr/lib/libcurl.4.dylib
0x0000000001a92000 	/System/Library/PrivateFrameworks/MediaKit.framework/Versions/A/MediaKit
0x0000000001a92000 	/System/Library/PrivateFrameworks/ProtectedCloudStorage.framework/Versions/A/ProtectedCloudStorage
0x0000000001a92000 	/usr/lib/libCoreStorage.dylib
0x0000000001a92000 	/System/Library/PrivateFrameworks/EFILogin.framework/Versions/A/EFILogin
0x0000000001a92000 	/usr/lib/libutil.dylib
0x0000000001a92000 	/System/Library/PrivateFrameworks/FindMyDevice.framework/Versions/A/FindMyDevice
0x0000000001a92000 	/System/Library/Frameworks/LDAP.framework/Versions/A/LDAP
0x0000000001a92000 	/usr/lib/libsasl2.2.dylib
0x0000000001a92000 	/System/Library/PrivateFrameworks/CoreDaemon.framework/Versions/B/CoreDaemon
0x0000000001a92000 	/usr/lib/libcrypto.0.9.8.dylib
0x0000000001a92000 	/System/Library/PrivateFrameworks/AppleSRP.framework/Versions/A/AppleSRP
0x0000000001a92000 	/System/Library/PrivateFrameworks/TrustEvaluationAgent.framework/Versions/A/TrustEvaluationAgent
0x0000000120929000 	/Library/Java/JavaVirtualMachines/jdk1.8.0_25.jdk/Contents/Home/jre/lib/libglass.dylib
0x0000000001a92000 	/System/Library/PrivateFrameworks/CoreServicesInternal.framework/Versions/A/CoreServicesInternal
0x0000000001a92000 	/System/Library/CoreServices/RawCamera.bundle/Contents/MacOS/RawCamera
0x0000000001a92000 	/System/Library/Frameworks/CoreGraphics.framework/Versions/A/Resources/libRIP.A.dylib
0x0000000001a92000 	/System/Library/Frameworks/Accelerate.framework/Versions/A/Frameworks/vImage.framework/Versions/A/Libraries/libCGInterfaces.dylib
0x0000000001a92000 	/System/Library/PrivateFrameworks/FamilyControls.framework/Versions/A/FamilyControls
0x0000000001a92000 	/System/Library/PrivateFrameworks/CommerceKit.framework/Versions/A/Frameworks/CommerceCore.framework/Versions/A/CommerceCore
0x0000000001a92000 	/System/Library/PrivateFrameworks/SystemAdministration.framework/Versions/A/SystemAdministration
0x0000000001a92000 	/System/Library/PrivateFrameworks/AppContainer.framework/Versions/A/AppContainer
0x0000000001a92000 	/System/Library/PrivateFrameworks/SecCodeWrapper.framework/Versions/A/SecCodeWrapper
0x0000000001a92000 	/System/Library/Frameworks/DirectoryService.framework/Versions/A/DirectoryService
0x0000000001a92000 	/System/Library/PrivateFrameworks/LoginUIKit.framework/Versions/A/Frameworks/LoginUICore.framework/Versions/A/LoginUICore
0x0000000001a92000 	/usr/lib/libodfde.dylib
0x000000012375f000 	/Library/Java/JavaVirtualMachines/jdk1.8.0_25.jdk/Contents/Home/jre/lib/libjavafx_font.dylib
0x0000000001a92000 	/System/Library/Frameworks/CoreGraphics.framework/Versions/A/Resources/libCGXType.A.dylib
0x00000001257c3000 	cl_kernels
0x0000000001a92000 	/System/Library/Frameworks/OpenCL.framework/Versions/A/Libraries/ImageFormats/unorm8_bgra.dylib
0x0000000001a92000 	/System/Library/Frameworks/OpenCL.framework/Versions/A/Libraries/ImageFormats/unorm8_rgba.dylib
0x00000001262e1000 	/Library/Java/JavaVirtualMachines/jdk1.8.0_25.jdk/Contents/Home/jre/lib/libprism_common.dylib
0x00000001271ac000 	/System/Library/Extensions/AppleIntelHD5000GraphicsMTLDriver.bundle/Contents/MacOS/AppleIntelHD5000GraphicsMTLDriver

VM Arguments:
jvm_args: -Dfile.encoding=UTF-8 
java_command: application.Main
java_class_path (initial): /Users/dez/Documents/workspace/Test/bin:/Users/dez/.p2/pool/plugins/org.eclipse.fx.ide.css.jfx8_2.3.0.201603030809.jar
Launcher Type: SUN_STANDARD

Environment Variables:
PATH=/usr/bin:/bin:/usr/sbin:/sbin
SHELL=/bin/bash
DISPLAY=/private/tmp/com.apple.launchd.SeU19TqxXL/org.macosforge.xquartz:0

Signal Handlers:
SIGSEGV: [libjvm.dylib+0x579dc7], sa_mask[0]=11111111011111110111111111111111, sa_flags=SA_ONSTACK|SA_RESTART|SA_SIGINFO
SIGBUS: [libjvm.dylib+0x579dc7], sa_mask[0]=11111111011111110111111111111111, sa_flags=SA_RESTART|SA_SIGINFO
SIGFPE: [libjvm.dylib+0x45b030], sa_mask[0]=11111111011111110111111111111111, sa_flags=SA_RESTART|SA_SIGINFO
SIGPIPE: [libjvm.dylib+0x45b030], sa_mask[0]=11111111011111110111111111111111, sa_flags=SA_RESTART|SA_SIGINFO
SIGXFSZ: [libjvm.dylib+0x45b030], sa_mask[0]=11111111011111110111111111111111, sa_flags=SA_RESTART|SA_SIGINFO
SIGILL: [libjvm.dylib+0x45b030], sa_mask[0]=11111111011111110111111111111111, sa_flags=SA_RESTART|SA_SIGINFO
SIGUSR1: SIG_DFL, sa_mask[0]=00000000000000000000000000000000, sa_flags=none
SIGUSR2: [libjvm.dylib+0x45ab4e], sa_mask[0]=00100000000000000000000000000000, sa_flags=SA_RESTART|SA_SIGINFO
SIGHUP: [libjvm.dylib+0x459121], sa_mask[0]=11111111011111110111111111111111, sa_flags=SA_RESTART|SA_SIGINFO
SIGINT: [libjvm.dylib+0x459121], sa_mask[0]=11111111011111110111111111111111, sa_flags=SA_RESTART|SA_SIGINFO
SIGTERM: [libjvm.dylib+0x459121], sa_mask[0]=11111111011111110111111111111111, sa_flags=SA_RESTART|SA_SIGINFO
SIGQUIT: [libjvm.dylib+0x459121], sa_mask[0]=11111111011111110111111111111111, sa_flags=SA_RESTART|SA_SIGINFO


---------------  S Y S T E M  ---------------

OS:Bsduname:Darwin 15.3.0 Darwin Kernel Version 15.3.0: Thu Dec 10 18:40:58 PST 2015; root:xnu-3248.30.4~1/RELEASE_X86_64 x86_64
rlimit: STACK 8192k, CORE 0k, NPROC 709, NOFILE 10240, AS infinity
load average:1.80 1.84 1.81

CPU:total 4 (2 cores per cpu, 2 threads per core) family 6 model 69 stepping 1, cmov, cx8, fxsr, mmx, sse, sse2, sse3, ssse3, sse4.1, sse4.2, popcnt, avx, avx2, aes, clmul, erms, lzcnt, ht, tsc, tscinvbit, bmi1, bmi2

Memory: 4k page, physical 8388608k(850388k free)

/proc/meminfo:


vm_info: Java HotSpot(TM) 64-Bit Server VM (25.25-b02) for bsd-amd64 JRE (1.8.0_25-b17), built on Sep 17 2014 16:56:50 by "java_re" with gcc 4.2.1 (Based on Apple Inc. build 5658) (LLVM build 2336.11.00)

time: Fri Apr  8 11:42:38 2016
elapsed time: 357 seconds (0d 0h 5m 57s)

