#
# A fatal error has been detected by the Java Runtime Environment:
#
#  SIGSEGV (0xb) at pc=0x00000001238e63fd, pid=672, tid=2571
#
# JRE version: Java(TM) SE Runtime Environment (8.0_25-b17) (build 1.8.0_25-b17)
# Java VM: Java HotSpot(TM) 64-Bit Server VM (25.25-b02 mixed mode bsd-amd64 compressed oops)
# Problematic frame:
# C  [libglass.dylib+0x163fd]  GlassScreenDidChangeScreenParameters+0x9d
#
# Failed to write core dump. Core dumps have been disabled. To enable core dumping, try "ulimit -c unlimited" before starting Java again
#
# If you would like to submit a bug report, please visit:
#   http://bugreport.sun.com/bugreport/crash.jsp
#

---------------  T H R E A D  ---------------

Current thread is native thread

siginfo: si_signo: 11 (SIGSEGV), si_code: 1 (SEGV_MAPERR), si_addr: 0x0000000000000000

Registers:
RAX=0x0000000123918e40, RBX=0x0000000000000000, RCX=0x0000000000000103, RDX=0x00007fcf21db46b0
RSP=0x00007fff55c6cc00, RBP=0x00007fff55c6cc10, RSI=0x00007fcf21d0f1f8, RDI=0x0000000000000000
R8 =0x0000000000000040, R9 =0x00007fff78ac01e0, R10=0xffffffffffffffff, R11=0x0000000000000246
R12=0x00007fcf21e3a6c0, R13=0x00007fcf21e61a10, R14=0x00007fcf21e61a50, R15=0x0000000000000000
RIP=0x00000001238e63fd, EFLAGS=0x0000000000010202, ERR=0x0000000000000004
  TRAPNO=0x000000000000000e

Top of Stack: (sp=0x00007fff55c6cc00)
0x00007fff55c6cc00:   00007fff55c6cc58 00007fcf21e61a50
0x00007fff55c6cc10:   00007fff55c6cc20 00007fff9c471bbc
0x00007fff55c6cc20:   00007fff55c6cc40 00007fff9c471b4f
0x00007fff55c6cc30:   0000000000000000 0000000000000000
0x00007fff55c6cc40:   00007fff55c6ccb0 00007fff9c471ac7
0x00007fff55c6cc50:   00007fff9c8326c0 00007fff7b9e70a0
0x00007fff55c6cc60:   0000000042000000 00007fff9c471b10
0x00007fff55c6cc70:   00007fff7c5c4720 00007fcf21e61a10
0x00007fff55c6cc80:   00007fcf21e3a6c0 00007fff55c6d458
0x00007fff55c6cc90:   00007fff7c6f1780 00007fff55c6d458
0x00007fff55c6cca0:   00007fcf21e61a10 00007fff9c8319e2
0x00007fff55c6ccb0:   00007fff55c6ccf0 00007fff9c471832
0x00007fff55c6ccc0:   00007fff55c6d2d0 0000000000000000
0x00007fff55c6ccd0:   00007fff7c6f1780 00007fff55c6d458
0x00007fff55c6cce0:   00007fff961584c0 00007fff9c8319e2
0x00007fff55c6ccf0:   00007fff55c6d400 00007fff9c42e5e2
0x00007fff55c6cd00:   00007fcf21f43000 0000000000000002
0x00007fff55c6cd10:   0000000000000000 00007fcf21c1c800
0x00007fff55c6cd20:   00007fcf22805048 00007fcf21e3da80
0x00007fff55c6cd30:   0000000000000000 00007fcf21e61b30
0x00007fff55c6cd40:   0000000000000000 0000000000000000
0x00007fff55c6cd50:   00007fff7c601bc0 00007fff55c6d2d0
0x00007fff55c6cd60:   0000000000000001 0000000000000100
0x00007fff55c6cd70:   0000000000001900 00007fff55c6d1d0
0x00007fff55c6cd80:   0000000000000000 0000000000000100
0x00007fff55c6cd90:   4092f80000000000 00007fff7c6f1780
0x00007fff55c6cda0:   0000000000000000 00007fff7c5c5500
0x00007fff55c6cdb0:   00007fff7c6f1780 0000000000000000
0x00007fff55c6cdc0:   00007fff7c5c5500 00007fcf24709fc0
0x00007fff55c6cdd0:   00007fcf21f43000 0000000000000002
0x00007fff55c6cde0:   0000000000000000 00007fff961584c0
0x00007fff55c6cdf0:   00007fff55c6cfb0 00007fff8ef2e584 

Instructions: (pc=0x00000001238e63fd)
0x00000001238e63dd:   89 df 4c 89 f1 41 ff 90 68 04 00 00 48 8d 05 58
0x00000001238e63ed:   29 03 00 48 8b 30 48 8d 05 46 2a 03 00 48 8b 10
0x00000001238e63fd:   48 8b 0b 30 c0 48 89 df ff 91 68 04 00 00 48 8b
0x00000001238e640d:   03 48 89 df ff 50 78 48 85 c0 74 36 49 89 c6 48 

Register to memory mapping:

RAX=0x0000000123918e40: jScreenNotifySettingsChanged+0 in /Library/Java/JavaVirtualMachines/jdk1.8.0_25.jdk/Contents/Home/jre/lib/libglass.dylib at 0x00000001238d0000
RBX=0x0000000000000000 is an unknown value
RCX=0x0000000000000103 is an unknown value
RDX=0x00007fcf21db46b0 is an unknown value
RSP=0x00007fff55c6cc00 is an unknown value
RBP=0x00007fff55c6cc10 is an unknown value
RSI=0x00007fcf21d0f1f8 is a global jni handle
RDI=0x0000000000000000 is an unknown value
R8 =0x0000000000000040 is an unknown value
R9 =0x00007fff78ac01e0: __sFX+0x1c0 in /usr/lib/system/libsystem_c.dylib at 0x00007fff8a453000
R10=0xffffffffffffffff is an unknown value
R11=0x0000000000000246 is an unknown value
R12=0x00007fcf21e3a6c0 is an unknown value
R13=0x00007fcf21e61a10 is an unknown value
R14=0x00007fcf21e61a50 is an unknown value
R15=0x0000000000000000 is an unknown value


Stack: [0x00007fff55470000,0x00007fff55c70000],  sp=0x00007fff55c6cc00,  free space=8179k
Native frames: (J=compiled Java code, j=interpreted, Vv=VM code, C=native code)
C  [libglass.dylib+0x163fd]  GlassScreenDidChangeScreenParameters+0x9d
C  [CoreFoundation+0xa0bbc]  __CFNOTIFICATIONCENTER_IS_CALLING_OUT_TO_AN_OBSERVER__+0xc
C  [CoreFoundation+0xa0b4f]  ___CFXRegistrationPost_block_invoke+0x3f
C  [CoreFoundation+0xa0ac7]  _CFXRegistrationPost+0x197
C  [CoreFoundation+0xa0832]  ___CFXNotificationPost_block_invoke+0x32
C  [CoreFoundation+0x5d5e2]  -[_CFXNotificationRegistrar find:object:observer:enumerator:]+0x782
C  [CoreFoundation+0x5c835]  _CFXNotificationPost+0x2b5
C  [Foundation+0x6fda]  -[NSNotificationCenter postNotificationName:object:userInfo:]+0x42
C  [AppKit+0x41c157]  -[NSApplication _reactToScreenInvalidationImmediately:]+0x17f
C  [AppKit+0x41bfa8]  __44-[NSApplication _reactToScreenInvalidation:]_block_invoke+0x3b
C  [CoreFoundation+0xaa4ac]  __CFRUNLOOP_IS_CALLING_OUT_TO_A_BLOCK__+0xc
C  [CoreFoundation+0x89d05]  __CFRunLoopDoBlocks+0x155
C  [CoreFoundation+0x89a6b]  __CFRunLoopRun+0x92b
C  [CoreFoundation+0x88ed8]  CFRunLoopRunSpecific+0x128
C  [java+0x56cc]  CreateExecutionEnvironment+0x367
C  [java+0x165c]  JLI_Launch+0x7a0
C  [java+0x768a]  main+0x65
C  [java+0xeb4]  start+0x34


---------------  P R O C E S S  ---------------

VM state:not at safepoint (normal execution)

VM Mutex/Monitor currently owned by a thread: None

Heap:
 PSYoungGen      total 24576K, used 14951K [0x0000000795580000, 0x00000007abb00000, 0x00000007c0000000)
  eden space 24064K, 61% used [0x0000000795580000,0x0000000796411e00,0x0000000796d00000)
  from space 512K, 6% used [0x00000007aba00000,0x00000007aba08000,0x00000007aba80000)
  to   space 512K, 0% used [0x00000007aba80000,0x00000007aba80000,0x00000007abb00000)
 ParOldGen       total 87552K, used 6174K [0x0000000740000000, 0x0000000745580000, 0x0000000795580000)
  object space 87552K, 7% used [0x0000000740000000,0x0000000740607810,0x0000000745580000)
 Metaspace       used 14511K, capacity 15056K, committed 15232K, reserved 1062912K
  class space    used 1934K, capacity 2083K, committed 2176K, reserved 1048576K

Card table byte_map: [0x000000011aedc000,0x000000011b2dd000] byte_map_base: 0x00000001174dc000

Marking Bits: (ParMarkBitMap*) 0x000000010b49d390
 Begin Bits: [0x000000011b588000, 0x000000011d588000)
 End Bits:   [0x000000011d588000, 0x000000011f588000)

Polling page: 0x000000010a251000

CodeCache: size=245760Kb used=3944Kb max_used=3957Kb free=241815Kb
 bounds [0x000000010bb1c000, 0x000000010bf0c000, 0x000000011ab1c000]
 total_blobs=1701 nmethods=1089 adapters=527
 compilation: enabled

Compilation events (10 events):
Event: 26.410 Thread 0x00007fcf2302b000 nmethod 1086 0x000000010bed7950 code [0x000000010bed7ac0, 0x000000010bed8018]
Event: 26.444 Thread 0x00007fcf2302a800 nmethod 1084 0x000000010beee490 code [0x000000010beee820, 0x000000010bef1c68]
Event: 26.495 Thread 0x00007fcf23803000 1087       3       application.IA::evaluation (340 bytes)
Event: 26.496 Thread 0x00007fcf23803000 nmethod 1087 0x000000010bee4bd0 code [0x000000010bee4ee0, 0x000000010bee5f68]
Event: 26.497 Thread 0x00007fcf2302b000 1088       4       application.IA::evaluation (340 bytes)
Event: 26.623 Thread 0x00007fcf2302b000 nmethod 1088 0x000000010bef8dd0 code [0x000000010bef9160, 0x000000010befc5a8]
Event: 34.308 Thread 0x00007fcf2302a800 1089  s    4       java.lang.Throwable::fillInStackTrace (29 bytes)
Event: 34.310 Thread 0x00007fcf2302a800 nmethod 1089 0x000000010bedcd10 code [0x000000010bedce60, 0x000000010bedd168]
Event: 34.417 Thread 0x00007fcf2302b000 1090       4       java.lang.Exception::<init> (5 bytes)
Event: 34.419 Thread 0x00007fcf2302b000 nmethod 1090 0x000000010bee2b50 code [0x000000010bee2cc0, 0x000000010bee3028]

GC Heap History (10 events):
Event: 82.098 GC heap before
{Heap before GC invocations=541 (full 0):
 PSYoungGen      total 24576K, used 24128K [0x0000000795580000, 0x00000007abb00000, 0x00000007c0000000)
  eden space 24064K, 100% used [0x0000000795580000,0x0000000796d00000,0x0000000796d00000)
  from space 512K, 12% used [0x00000007aba80000,0x00000007aba90000,0x00000007abb00000)
  to   space 512K, 0% used [0x00000007aba00000,0x00000007aba00000,0x00000007aba80000)
 ParOldGen       total 87552K, used 6166K [0x0000000740000000, 0x0000000745580000, 0x0000000795580000)
  object space 87552K, 7% used [0x0000000740000000,0x0000000740605810,0x0000000745580000)
 Metaspace       used 14511K, capacity 15056K, committed 15232K, reserved 1062912K
  class space    used 1934K, capacity 2083K, committed 2176K, reserved 1048576K
Event: 82.098 GC heap after
Heap after GC invocations=541 (full 0):
 PSYoungGen      total 24576K, used 64K [0x0000000795580000, 0x00000007abb00000, 0x00000007c0000000)
  eden space 24064K, 0% used [0x0000000795580000,0x0000000795580000,0x0000000796d00000)
  from space 512K, 12% used [0x00000007aba00000,0x00000007aba10000,0x00000007aba80000)
  to   space 512K, 0% used [0x00000007aba80000,0x00000007aba80000,0x00000007abb00000)
 ParOldGen       total 87552K, used 6166K [0x0000000740000000, 0x0000000745580000, 0x0000000795580000)
  object space 87552K, 7% used [0x0000000740000000,0x0000000740605810,0x0000000745580000)
 Metaspace       used 14511K, capacity 15056K, committed 15232K, reserved 1062912K
  class space    used 1934K, capacity 2083K, committed 2176K, reserved 1048576K
}
Event: 82.192 GC heap before
{Heap before GC invocations=542 (full 0):
 PSYoungGen      total 24576K, used 24128K [0x0000000795580000, 0x00000007abb00000, 0x00000007c0000000)
  eden space 24064K, 100% used [0x0000000795580000,0x0000000796d00000,0x0000000796d00000)
  from space 512K, 12% used [0x00000007aba00000,0x00000007aba10000,0x00000007aba80000)
  to   space 512K, 0% used [0x00000007aba80000,0x00000007aba80000,0x00000007abb00000)
 ParOldGen       total 87552K, used 6166K [0x0000000740000000, 0x0000000745580000, 0x0000000795580000)
  object space 87552K, 7% used [0x0000000740000000,0x0000000740605810,0x0000000745580000)
 Metaspace       used 14511K, capacity 15056K, committed 15232K, reserved 1062912K
  class space    used 1934K, capacity 2083K, committed 2176K, reserved 1048576K
Event: 82.193 GC heap after
Heap after GC invocations=542 (full 0):
 PSYoungGen      total 24576K, used 32K [0x0000000795580000, 0x00000007abb00000, 0x00000007c0000000)
  eden space 24064K, 0% used [0x0000000795580000,0x0000000795580000,0x0000000796d00000)
  from space 512K, 6% used [0x00000007aba80000,0x00000007aba88000,0x00000007abb00000)
  to   space 512K, 0% used [0x00000007aba00000,0x00000007aba00000,0x00000007aba80000)
 ParOldGen       total 87552K, used 6166K [0x0000000740000000, 0x0000000745580000, 0x0000000795580000)
  object space 87552K, 7% used [0x0000000740000000,0x0000000740605810,0x0000000745580000)
 Metaspace       used 14511K, capacity 15056K, committed 15232K, reserved 1062912K
  class space    used 1934K, capacity 2083K, committed 2176K, reserved 1048576K
}
Event: 82.273 GC heap before
{Heap before GC invocations=543 (full 0):
 PSYoungGen      total 24576K, used 24096K [0x0000000795580000, 0x00000007abb00000, 0x00000007c0000000)
  eden space 24064K, 100% used [0x0000000795580000,0x0000000796d00000,0x0000000796d00000)
  from space 512K, 6% used [0x00000007aba80000,0x00000007aba88000,0x00000007abb00000)
  to   space 512K, 0% used [0x00000007aba00000,0x00000007aba00000,0x00000007aba80000)
 ParOldGen       total 87552K, used 6166K [0x0000000740000000, 0x0000000745580000, 0x0000000795580000)
  object space 87552K, 7% used [0x0000000740000000,0x0000000740605810,0x0000000745580000)
 Metaspace       used 14511K, capacity 15056K, committed 15232K, reserved 1062912K
  class space    used 1934K, capacity 2083K, committed 2176K, reserved 1048576K
Event: 82.274 GC heap after
Heap after GC invocations=543 (full 0):
 PSYoungGen      total 24576K, used 32K [0x0000000795580000, 0x00000007abb00000, 0x00000007c0000000)
  eden space 24064K, 0% used [0x0000000795580000,0x0000000795580000,0x0000000796d00000)
  from space 512K, 6% used [0x00000007aba00000,0x00000007aba08000,0x00000007aba80000)
  to   space 512K, 0% used [0x00000007aba80000,0x00000007aba80000,0x00000007abb00000)
 ParOldGen       total 87552K, used 6166K [0x0000000740000000, 0x0000000745580000, 0x0000000795580000)
  object space 87552K, 7% used [0x0000000740000000,0x0000000740605810,0x0000000745580000)
 Metaspace       used 14511K, capacity 15056K, committed 15232K, reserved 1062912K
  class space    used 1934K, capacity 2083K, committed 2176K, reserved 1048576K
}
Event: 82.370 GC heap before
{Heap before GC invocations=544 (full 0):
 PSYoungGen      total 24576K, used 24096K [0x0000000795580000, 0x00000007abb00000, 0x00000007c0000000)
  eden space 24064K, 100% used [0x0000000795580000,0x0000000796d00000,0x0000000796d00000)
  from space 512K, 6% used [0x00000007aba00000,0x00000007aba08000,0x00000007aba80000)
  to   space 512K, 0% used [0x00000007aba80000,0x00000007aba80000,0x00000007abb00000)
 ParOldGen       total 87552K, used 6166K [0x0000000740000000, 0x0000000745580000, 0x0000000795580000)
  object space 87552K, 7% used [0x0000000740000000,0x0000000740605810,0x0000000745580000)
 Metaspace       used 14511K, capacity 15056K, committed 15232K, reserved 1062912K
  class space    used 1934K, capacity 2083K, committed 2176K, reserved 1048576K
Event: 82.370 GC heap after
Heap after GC invocations=544 (full 0):
 PSYoungGen      total 24576K, used 32K [0x0000000795580000, 0x00000007abb00000, 0x00000007c0000000)
  eden space 24064K, 0% used [0x0000000795580000,0x0000000795580000,0x0000000796d00000)
  from space 512K, 6% used [0x00000007aba80000,0x00000007aba88000,0x00000007abb00000)
  to   space 512K, 0% used [0x00000007aba00000,0x00000007aba00000,0x00000007aba80000)
 ParOldGen       total 87552K, used 6166K [0x0000000740000000, 0x0000000745580000, 0x0000000795580000)
  object space 87552K, 7% used [0x0000000740000000,0x0000000740605810,0x0000000745580000)
 Metaspace       used 14511K, capacity 15056K, committed 15232K, reserved 1062912K
  class space    used 1934K, capacity 2083K, committed 2176K, reserved 1048576K
}
Event: 82.465 GC heap before
{Heap before GC invocations=545 (full 0):
 PSYoungGen      total 24576K, used 24096K [0x0000000795580000, 0x00000007abb00000, 0x00000007c0000000)
  eden space 24064K, 100% used [0x0000000795580000,0x0000000796d00000,0x0000000796d00000)
  from space 512K, 6% used [0x00000007aba80000,0x00000007aba88000,0x00000007abb00000)
  to   space 512K, 0% used [0x00000007aba00000,0x00000007aba00000,0x00000007aba80000)
 ParOldGen       total 87552K, used 6166K [0x0000000740000000, 0x0000000745580000, 0x0000000795580000)
  object space 87552K, 7% used [0x0000000740000000,0x0000000740605810,0x0000000745580000)
 Metaspace       used 14511K, capacity 15056K, committed 15232K, reserved 1062912K
  class space    used 1934K, capacity 2083K, committed 2176K, reserved 1048576K
Event: 82.467 GC heap after
Heap after GC invocations=545 (full 0):
 PSYoungGen      total 24576K, used 32K [0x0000000795580000, 0x00000007abb00000, 0x00000007c0000000)
  eden space 24064K, 0% used [0x0000000795580000,0x0000000795580000,0x0000000796d00000)
  from space 512K, 6% used [0x00000007aba00000,0x00000007aba08000,0x00000007aba80000)
  to   space 512K, 0% used [0x00000007aba80000,0x00000007aba80000,0x00000007abb00000)
 ParOldGen       total 87552K, used 6174K [0x0000000740000000, 0x0000000745580000, 0x0000000795580000)
  object space 87552K, 7% used [0x0000000740000000,0x0000000740607810,0x0000000745580000)
 Metaspace       used 14511K, capacity 15056K, committed 15232K, reserved 1062912K
  class space    used 1934K, capacity 2083K, committed 2176K, reserved 1048576K
}

Deoptimization events (10 events):
Event: 0.907 Thread 0x00007fcf22840000 Uncommon trap: reason=class_check action=maybe_recompile pc=0x000000010bd70750 method=java.io.DataInputStream.readShort()S @ 4
Event: 0.908 Thread 0x00007fcf22840000 Uncommon trap: reason=class_check action=maybe_recompile pc=0x000000010bd70750 method=java.io.DataInputStream.readShort()S @ 4
Event: 0.911 Thread 0x00007fcf22840000 Uncommon trap: reason=class_check action=maybe_recompile pc=0x000000010bc3d2dc method=java.lang.String.equals(Ljava/lang/Object;)Z @ 8
Event: 0.911 Thread 0x00007fcf22840000 Uncommon trap: reason=class_check action=maybe_recompile pc=0x000000010bc3d2dc method=java.lang.String.equals(Ljava/lang/Object;)Z @ 8
Event: 0.911 Thread 0x00007fcf22840000 Uncommon trap: reason=class_check action=maybe_recompile pc=0x000000010bc3d2dc method=java.lang.String.equals(Ljava/lang/Object;)Z @ 8
Event: 1.090 Thread 0x00007fcf22840000 Uncommon trap: reason=unloaded action=reinterpret pc=0x000000010bd5c598 method=java.lang.CharacterData.of(I)Ljava/lang/CharacterData; @ 96
Event: 1.127 Thread 0x00007fcf22840000 Uncommon trap: reason=class_check action=maybe_recompile pc=0x000000010bc3d2dc method=java.lang.String.equals(Ljava/lang/Object;)Z @ 8
Event: 26.314 Thread 0x00007fcf232d8000 Uncommon trap: reason=unreached action=reinterpret pc=0x000000010beeb804 method=application.IA.evaluationDiagonaleDiagonaleYZ(Lapplication/Plateau;Z)I @ 58
Event: 26.350 Thread 0x00007fcf232d8000 Uncommon trap: reason=unreached action=reinterpret pc=0x000000010beda498 method=application.IA.evaluationDiagonaleDiagonaleXYZ(Lapplication/Plateau;Z)I @ 42
Event: 26.495 Thread 0x00007fcf232d8000 Uncommon trap: reason=unreached action=reinterpret pc=0x000000010bef068c method=application.IA.evaluationDiagonaleDiagonaleXYZ(Lapplication/Plateau;Z)I @ 42

Internal exceptions (10 events):
Event: 3.678 Thread 0x00007fcf22840000 Exception <a 'java/security/PrivilegedActionException'> (0x00000007971d5e60) thrown at [/HUDSON3/workspace/8-2-build-macosx-x86_64/jdk8u25/1514/hotspot/src/share/vm/prims/jvm.cpp, line 1312]
Event: 3.678 Thread 0x00007fcf232d8000 Exception <a 'java/security/PrivilegedActionException'> (0x00000007971e6c58) thrown at [/HUDSON3/workspace/8-2-build-macosx-x86_64/jdk8u25/1514/hotspot/src/share/vm/prims/jvm.cpp, line 1312]
Event: 3.679 Thread 0x00007fcf232d8000 Exception <a 'java/security/PrivilegedActionException'> (0x00000007971e8778) thrown at [/HUDSON3/workspace/8-2-build-macosx-x86_64/jdk8u25/1514/hotspot/src/share/vm/prims/jvm.cpp, line 1312]
Event: 3.680 Thread 0x00007fcf232d8000 Exception <a 'java/security/PrivilegedActionException'> (0x00000007971f4f90) thrown at [/HUDSON3/workspace/8-2-build-macosx-x86_64/jdk8u25/1514/hotspot/src/share/vm/prims/jvm.cpp, line 1312]
Event: 3.681 Thread 0x00007fcf232d8000 Exception <a 'java/security/PrivilegedActionException'> (0x00000007971f7810) thrown at [/HUDSON3/workspace/8-2-build-macosx-x86_64/jdk8u25/1514/hotspot/src/share/vm/prims/jvm.cpp, line 1312]
Event: 11.709 Thread 0x00007fcf232d8000 Exception <a 'java/security/PrivilegedActionException'> (0x0000000797211d90) thrown at [/HUDSON3/workspace/8-2-build-macosx-x86_64/jdk8u25/1514/hotspot/src/share/vm/prims/jvm.cpp, line 1312]
Event: 11.710 Thread 0x00007fcf232d8000 Exception <a 'java/security/PrivilegedActionException'> (0x0000000797215e80) thrown at [/HUDSON3/workspace/8-2-build-macosx-x86_64/jdk8u25/1514/hotspot/src/share/vm/prims/jvm.cpp, line 1312]
Event: 11.711 Thread 0x00007fcf232d8000 Exception <a 'java/security/PrivilegedActionException'> (0x0000000797218348) thrown at [/HUDSON3/workspace/8-2-build-macosx-x86_64/jdk8u25/1514/hotspot/src/share/vm/prims/jvm.cpp, line 1312]
Event: 11.712 Thread 0x00007fcf232d8000 Exception <a 'java/security/PrivilegedActionException'> (0x000000079721a890) thrown at [/HUDSON3/workspace/8-2-build-macosx-x86_64/jdk8u25/1514/hotspot/src/share/vm/prims/jvm.cpp, line 1312]
Event: 11.713 Thread 0x00007fcf232d8000 Exception <a 'java/lang/NullPointerException'> (0x000000079721c330) thrown at [/HUDSON3/workspace/8-2-build-macosx-x86_64/jdk8u25/1514/hotspot/src/share/vm/interpreter/linkResolver.cpp, line 1178]

Events (10 events):
Event: 82.098 Executing VM operation: ParallelGCFailedAllocation
Event: 82.098 Executing VM operation: ParallelGCFailedAllocation done
Event: 82.192 Executing VM operation: ParallelGCFailedAllocation
Event: 82.193 Executing VM operation: ParallelGCFailedAllocation done
Event: 82.273 Executing VM operation: ParallelGCFailedAllocation
Event: 82.274 Executing VM operation: ParallelGCFailedAllocation done
Event: 82.370 Executing VM operation: ParallelGCFailedAllocation
Event: 82.371 Executing VM operation: ParallelGCFailedAllocation done
Event: 82.465 Executing VM operation: ParallelGCFailedAllocation
Event: 82.467 Executing VM operation: ParallelGCFailedAllocation done


Dynamic libraries:
0x0000000008793000 	/System/Library/Frameworks/Cocoa.framework/Versions/A/Cocoa
0x0000000008793000 	/System/Library/Frameworks/Security.framework/Versions/A/Security
0x0000000008793000 	/System/Library/Frameworks/ApplicationServices.framework/Versions/A/ApplicationServices
0x0000000008793000 	/usr/lib/libz.1.dylib
0x0000000008793000 	/usr/lib/libSystem.B.dylib
0x0000000008793000 	/usr/lib/libobjc.A.dylib
0x0000000008793000 	/System/Library/Frameworks/CoreFoundation.framework/Versions/A/CoreFoundation
0x0000000008793000 	/System/Library/Frameworks/Foundation.framework/Versions/C/Foundation
0x0000000008793000 	/System/Library/Frameworks/AppKit.framework/Versions/C/AppKit
0x0000000008793000 	/System/Library/Frameworks/CoreData.framework/Versions/A/CoreData
0x0000000008793000 	/System/Library/PrivateFrameworks/RemoteViewServices.framework/Versions/A/RemoteViewServices
0x0000000008793000 	/System/Library/PrivateFrameworks/UIFoundation.framework/Versions/A/UIFoundation
0x0000000008793000 	/usr/lib/libScreenReader.dylib
0x0000000008793000 	/System/Library/Frameworks/Accelerate.framework/Versions/A/Accelerate
0x0000000008793000 	/System/Library/Frameworks/IOSurface.framework/Versions/A/IOSurface
0x0000000008793000 	/System/Library/Frameworks/AudioToolbox.framework/Versions/A/AudioToolbox
0x0000000008793000 	/System/Library/Frameworks/AudioUnit.framework/Versions/A/AudioUnit
0x0000000008793000 	/System/Library/PrivateFrameworks/DataDetectorsCore.framework/Versions/A/DataDetectorsCore
0x0000000008793000 	/System/Library/PrivateFrameworks/DesktopServicesPriv.framework/Versions/A/DesktopServicesPriv
0x0000000008793000 	/System/Library/Frameworks/Carbon.framework/Versions/A/Frameworks/HIToolbox.framework/Versions/A/HIToolbox
0x0000000008793000 	/System/Library/Frameworks/QuartzCore.framework/Versions/A/QuartzCore
0x0000000008793000 	/System/Library/Frameworks/Carbon.framework/Versions/A/Frameworks/SpeechRecognition.framework/Versions/A/SpeechRecognition
0x0000000008793000 	/usr/lib/libauto.dylib
0x0000000008793000 	/usr/lib/libicucore.A.dylib
0x0000000008793000 	/usr/lib/libxml2.2.dylib
0x0000000008793000 	/System/Library/PrivateFrameworks/CoreUI.framework/Versions/A/CoreUI
0x0000000008793000 	/System/Library/Frameworks/CoreAudio.framework/Versions/A/CoreAudio
0x0000000008793000 	/System/Library/Frameworks/DiskArbitration.framework/Versions/A/DiskArbitration
0x0000000008793000 	/usr/lib/liblangid.dylib
0x0000000008793000 	/System/Library/PrivateFrameworks/MultitouchSupport.framework/Versions/A/MultitouchSupport
0x0000000008793000 	/System/Library/Frameworks/IOKit.framework/Versions/A/IOKit
0x0000000008793000 	/usr/lib/libDiagnosticMessagesClient.dylib
0x0000000008793000 	/System/Library/Frameworks/CoreServices.framework/Versions/A/CoreServices
0x0000000008793000 	/System/Library/PrivateFrameworks/PerformanceAnalysis.framework/Versions/A/PerformanceAnalysis
0x0000000008793000 	/System/Library/PrivateFrameworks/GenerationalStorage.framework/Versions/A/GenerationalStorage
0x0000000008793000 	/System/Library/Frameworks/OpenGL.framework/Versions/A/OpenGL
0x0000000008793000 	/System/Library/PrivateFrameworks/Sharing.framework/Versions/A/Sharing
0x0000000008793000 	/System/Library/Frameworks/CoreGraphics.framework/Versions/A/CoreGraphics
0x0000000008793000 	/System/Library/Frameworks/CoreImage.framework/Versions/A/CoreImage
0x0000000008793000 	/System/Library/Frameworks/CoreText.framework/Versions/A/CoreText
0x0000000008793000 	/System/Library/Frameworks/ImageIO.framework/Versions/A/ImageIO
0x0000000008793000 	/System/Library/PrivateFrameworks/Backup.framework/Versions/A/Backup
0x0000000008793000 	/usr/lib/libextension.dylib
0x0000000008793000 	/usr/lib/libarchive.2.dylib
0x0000000008793000 	/System/Library/Frameworks/CFNetwork.framework/Versions/A/CFNetwork
0x0000000008793000 	/System/Library/Frameworks/SystemConfiguration.framework/Versions/A/SystemConfiguration
0x0000000008793000 	/usr/lib/libCRFSuite.dylib
0x0000000008793000 	/usr/lib/libc++.1.dylib
0x0000000008793000 	/usr/lib/libc++abi.dylib
0x0000000008793000 	/usr/lib/system/libcache.dylib
0x0000000008793000 	/usr/lib/system/libcommonCrypto.dylib
0x0000000008793000 	/usr/lib/system/libcompiler_rt.dylib
0x0000000008793000 	/usr/lib/system/libcopyfile.dylib
0x0000000008793000 	/usr/lib/system/libcorecrypto.dylib
0x0000000008793000 	/usr/lib/system/libdispatch.dylib
0x0000000008793000 	/usr/lib/system/libdyld.dylib
0x0000000008793000 	/usr/lib/system/libkeymgr.dylib
0x0000000008793000 	/usr/lib/system/liblaunch.dylib
0x0000000008793000 	/usr/lib/system/libmacho.dylib
0x0000000008793000 	/usr/lib/system/libquarantine.dylib
0x0000000008793000 	/usr/lib/system/libremovefile.dylib
0x0000000008793000 	/usr/lib/system/libsystem_asl.dylib
0x0000000008793000 	/usr/lib/system/libsystem_blocks.dylib
0x0000000008793000 	/usr/lib/system/libsystem_c.dylib
0x0000000008793000 	/usr/lib/system/libsystem_configuration.dylib
0x0000000008793000 	/usr/lib/system/libsystem_coreservices.dylib
0x0000000008793000 	/usr/lib/system/libsystem_coretls.dylib
0x0000000008793000 	/usr/lib/system/libsystem_dnssd.dylib
0x0000000008793000 	/usr/lib/system/libsystem_info.dylib
0x0000000008793000 	/usr/lib/system/libsystem_kernel.dylib
0x0000000008793000 	/usr/lib/system/libsystem_m.dylib
0x0000000008793000 	/usr/lib/system/libsystem_malloc.dylib
0x0000000008793000 	/usr/lib/system/libsystem_network.dylib
0x0000000008793000 	/usr/lib/system/libsystem_networkextension.dylib
0x0000000008793000 	/usr/lib/system/libsystem_notify.dylib
0x0000000008793000 	/usr/lib/system/libsystem_platform.dylib
0x0000000008793000 	/usr/lib/system/libsystem_pthread.dylib
0x0000000008793000 	/usr/lib/system/libsystem_sandbox.dylib
0x0000000008793000 	/usr/lib/system/libsystem_secinit.dylib
0x0000000008793000 	/usr/lib/system/libsystem_trace.dylib
0x0000000008793000 	/usr/lib/system/libunc.dylib
0x0000000008793000 	/usr/lib/system/libunwind.dylib
0x0000000008793000 	/usr/lib/system/libxpc.dylib
0x0000000008793000 	/usr/lib/libenergytrace.dylib
0x0000000008793000 	/usr/lib/libbsm.0.dylib
0x0000000008793000 	/usr/lib/system/libkxld.dylib
0x0000000008793000 	/usr/lib/libxar.1.dylib
0x0000000008793000 	/usr/lib/libsqlite3.dylib
0x0000000008793000 	/usr/lib/libpam.2.dylib
0x0000000008793000 	/usr/lib/libOpenScriptingUtil.dylib
0x0000000008793000 	/usr/lib/libbz2.1.0.dylib
0x0000000008793000 	/usr/lib/liblzma.5.dylib
0x0000000008793000 	/System/Library/Frameworks/CoreServices.framework/Versions/A/Frameworks/FSEvents.framework/Versions/A/FSEvents
0x0000000008793000 	/System/Library/Frameworks/CoreServices.framework/Versions/A/Frameworks/CarbonCore.framework/Versions/A/CarbonCore
0x0000000008793000 	/System/Library/Frameworks/CoreServices.framework/Versions/A/Frameworks/Metadata.framework/Versions/A/Metadata
0x0000000008793000 	/System/Library/Frameworks/CoreServices.framework/Versions/A/Frameworks/OSServices.framework/Versions/A/OSServices
0x0000000008793000 	/System/Library/Frameworks/CoreServices.framework/Versions/A/Frameworks/SearchKit.framework/Versions/A/SearchKit
0x0000000008793000 	/System/Library/Frameworks/CoreServices.framework/Versions/A/Frameworks/AE.framework/Versions/A/AE
0x0000000008793000 	/System/Library/Frameworks/CoreServices.framework/Versions/A/Frameworks/LaunchServices.framework/Versions/A/LaunchServices
0x0000000008793000 	/System/Library/Frameworks/CoreServices.framework/Versions/A/Frameworks/DictionaryServices.framework/Versions/A/DictionaryServices
0x0000000008793000 	/System/Library/Frameworks/CoreServices.framework/Versions/A/Frameworks/SharedFileList.framework/Versions/A/SharedFileList
0x0000000008793000 	/System/Library/Frameworks/NetFS.framework/Versions/A/NetFS
0x0000000008793000 	/System/Library/PrivateFrameworks/NetAuth.framework/Versions/A/NetAuth
0x0000000008793000 	/System/Library/PrivateFrameworks/login.framework/Versions/A/Frameworks/loginsupport.framework/Versions/A/loginsupport
0x0000000008793000 	/System/Library/PrivateFrameworks/TCC.framework/Versions/A/TCC
0x0000000008793000 	/usr/lib/libmecabra.dylib
0x0000000008793000 	/System/Library/Frameworks/ApplicationServices.framework/Versions/A/Frameworks/ATS.framework/Versions/A/ATS
0x0000000008793000 	/System/Library/Frameworks/ApplicationServices.framework/Versions/A/Frameworks/ColorSync.framework/Versions/A/ColorSync
0x0000000008793000 	/System/Library/Frameworks/ApplicationServices.framework/Versions/A/Frameworks/HIServices.framework/Versions/A/HIServices
0x0000000008793000 	/System/Library/Frameworks/ApplicationServices.framework/Versions/A/Frameworks/LangAnalysis.framework/Versions/A/LangAnalysis
0x0000000008793000 	/System/Library/Frameworks/ApplicationServices.framework/Versions/A/Frameworks/PrintCore.framework/Versions/A/PrintCore
0x0000000008793000 	/System/Library/Frameworks/ApplicationServices.framework/Versions/A/Frameworks/QD.framework/Versions/A/QD
0x0000000008793000 	/System/Library/Frameworks/ApplicationServices.framework/Versions/A/Frameworks/SpeechSynthesis.framework/Versions/A/SpeechSynthesis
0x0000000008793000 	/System/Library/Frameworks/Metal.framework/Versions/A/Metal
0x0000000008793000 	/System/Library/Frameworks/Accelerate.framework/Versions/A/Frameworks/vImage.framework/Versions/A/vImage
0x0000000008793000 	/System/Library/Frameworks/Accelerate.framework/Versions/A/Frameworks/vecLib.framework/Versions/A/vecLib
0x0000000008793000 	/System/Library/Frameworks/Accelerate.framework/Versions/A/Frameworks/vecLib.framework/Versions/A/libvDSP.dylib
0x0000000008793000 	/System/Library/Frameworks/Accelerate.framework/Versions/A/Frameworks/vecLib.framework/Versions/A/libvMisc.dylib
0x0000000008793000 	/System/Library/Frameworks/Accelerate.framework/Versions/A/Frameworks/vecLib.framework/Versions/A/libLAPACK.dylib
0x0000000008793000 	/System/Library/Frameworks/Accelerate.framework/Versions/A/Frameworks/vecLib.framework/Versions/A/libBLAS.dylib
0x0000000008793000 	/System/Library/Frameworks/Accelerate.framework/Versions/A/Frameworks/vecLib.framework/Versions/A/libLinearAlgebra.dylib
0x0000000008793000 	/System/Library/Frameworks/Accelerate.framework/Versions/A/Frameworks/vecLib.framework/Versions/A/libSparseBLAS.dylib
0x0000000008793000 	/System/Library/PrivateFrameworks/GPUCompiler.framework/libmetal_timestamp.dylib
0x0000000008793000 	/System/Library/Frameworks/OpenGL.framework/Versions/A/Libraries/libCoreFSCache.dylib
0x0000000008793000 	/System/Library/PrivateFrameworks/IOAccelerator.framework/Versions/A/IOAccelerator
0x0000000008793000 	/System/Library/Frameworks/ApplicationServices.framework/Versions/A/Frameworks/ATS.framework/Versions/A/Resources/libFontParser.dylib
0x0000000008793000 	/System/Library/Frameworks/ApplicationServices.framework/Versions/A/Frameworks/ATS.framework/Versions/A/Resources/libFontRegistry.dylib
0x0000000008793000 	/System/Library/PrivateFrameworks/AppleVPA.framework/Versions/A/AppleVPA
0x0000000008793000 	/System/Library/PrivateFrameworks/AppleJPEG.framework/Versions/A/AppleJPEG
0x0000000008793000 	/System/Library/Frameworks/ImageIO.framework/Versions/A/Resources/libJPEG.dylib
0x0000000008793000 	/System/Library/Frameworks/ImageIO.framework/Versions/A/Resources/libTIFF.dylib
0x0000000008793000 	/System/Library/Frameworks/ImageIO.framework/Versions/A/Resources/libPng.dylib
0x0000000008793000 	/System/Library/Frameworks/ImageIO.framework/Versions/A/Resources/libGIF.dylib
0x0000000008793000 	/System/Library/Frameworks/ImageIO.framework/Versions/A/Resources/libJP2.dylib
0x0000000008793000 	/System/Library/Frameworks/ImageIO.framework/Versions/A/Resources/libRadiance.dylib
0x0000000008793000 	/System/Library/Frameworks/CoreVideo.framework/Versions/A/CoreVideo
0x0000000008793000 	/System/Library/Frameworks/OpenGL.framework/Versions/A/Libraries/libGLU.dylib
0x0000000008793000 	/System/Library/Frameworks/OpenGL.framework/Versions/A/Libraries/libGFXShared.dylib
0x0000000008793000 	/System/Library/Frameworks/OpenGL.framework/Versions/A/Libraries/libGL.dylib
0x0000000008793000 	/System/Library/Frameworks/OpenGL.framework/Versions/A/Libraries/libGLImage.dylib
0x0000000008793000 	/System/Library/Frameworks/OpenGL.framework/Versions/A/Libraries/libCVMSPluginSupport.dylib
0x0000000008793000 	/System/Library/Frameworks/OpenGL.framework/Versions/A/Libraries/libCoreVMClient.dylib
0x0000000008793000 	/usr/lib/libcups.2.dylib
0x0000000008793000 	/System/Library/Frameworks/Kerberos.framework/Versions/A/Kerberos
0x0000000008793000 	/System/Library/Frameworks/GSS.framework/Versions/A/GSS
0x0000000008793000 	/usr/lib/libresolv.9.dylib
0x0000000008793000 	/usr/lib/libiconv.2.dylib
0x0000000008793000 	/System/Library/PrivateFrameworks/Heimdal.framework/Versions/A/Heimdal
0x0000000008793000 	/usr/lib/libheimdal-asn1.dylib
0x0000000008793000 	/System/Library/Frameworks/OpenDirectory.framework/Versions/A/OpenDirectory
0x0000000008793000 	/System/Library/PrivateFrameworks/CommonAuth.framework/Versions/A/CommonAuth
0x0000000008793000 	/System/Library/Frameworks/OpenDirectory.framework/Versions/A/Frameworks/CFOpenDirectory.framework/Versions/A/CFOpenDirectory
0x0000000008793000 	/System/Library/Frameworks/SecurityFoundation.framework/Versions/A/SecurityFoundation
0x0000000008793000 	/System/Library/PrivateFrameworks/LanguageModeling.framework/Versions/A/LanguageModeling
0x0000000008793000 	/usr/lib/libmarisa.dylib
0x0000000008793000 	/usr/lib/libChineseTokenizer.dylib
0x0000000008793000 	/usr/lib/libcmph.dylib
0x0000000008793000 	/usr/lib/libcompression.dylib
0x0000000008793000 	/System/Library/Frameworks/ServiceManagement.framework/Versions/A/ServiceManagement
0x0000000008793000 	/usr/lib/libxslt.1.dylib
0x0000000008793000 	/System/Library/Frameworks/Carbon.framework/Versions/A/Frameworks/Ink.framework/Versions/A/Ink
0x0000000008793000 	/usr/lib/libFosl_dynamic.dylib
0x0000000008793000 	/System/Library/PrivateFrameworks/FaceCore.framework/Versions/A/FaceCore
0x0000000008793000 	/System/Library/Frameworks/OpenCL.framework/Versions/A/OpenCL
0x0000000008793000 	/System/Library/PrivateFrameworks/CrashReporterSupport.framework/Versions/A/CrashReporterSupport
0x0000000008793000 	/System/Library/PrivateFrameworks/IconServices.framework/Versions/A/IconServices
0x0000000008793000 	/System/Library/PrivateFrameworks/Apple80211.framework/Versions/A/Apple80211
0x0000000008793000 	/System/Library/Frameworks/CoreWLAN.framework/Versions/A/CoreWLAN
0x0000000008793000 	/System/Library/Frameworks/IOBluetooth.framework/Versions/A/IOBluetooth
0x0000000008793000 	/System/Library/PrivateFrameworks/CoreWiFi.framework/Versions/A/CoreWiFi
0x0000000008793000 	/System/Library/Frameworks/CoreBluetooth.framework/Versions/A/CoreBluetooth
0x0000000008793000 	/System/Library/PrivateFrameworks/ChunkingLibrary.framework/Versions/A/ChunkingLibrary
0x0000000008793000 	/System/Library/PrivateFrameworks/DebugSymbols.framework/Versions/A/DebugSymbols
0x0000000008793000 	/System/Library/PrivateFrameworks/CoreSymbolication.framework/Versions/A/CoreSymbolication
0x0000000008793000 	/System/Library/PrivateFrameworks/Symbolication.framework/Versions/A/Symbolication
0x0000000008793000 	/System/Library/PrivateFrameworks/SpeechRecognitionCore.framework/Versions/A/SpeechRecognitionCore
0x000000010ac00000 	/Library/Java/JavaVirtualMachines/jdk1.8.0_25.jdk/Contents/Home/jre/lib/server/libjvm.dylib
0x0000000008793000 	/usr/lib/libstdc++.6.dylib
0x000000010a20f000 	/Library/Java/JavaVirtualMachines/jdk1.8.0_25.jdk/Contents/Home/jre/lib/libverify.dylib
0x000000010a21d000 	/Library/Java/JavaVirtualMachines/jdk1.8.0_25.jdk/Contents/Home/jre/lib/libjava.dylib
0x000000010a25b000 	/Library/Java/JavaVirtualMachines/jdk1.8.0_25.jdk/Contents/Home/jre/lib/libzip.dylib
0x00000001212e9000 	/System/Library/Frameworks/JavaVM.framework/Frameworks/JavaRuntimeSupport.framework/JavaRuntimeSupport
0x0000000121304000 	/System/Library/Frameworks/JavaVM.framework/Versions/A/Frameworks/JavaNativeFoundation.framework/Versions/A/JavaNativeFoundation
0x0000000121319000 	/System/Library/Frameworks/JavaVM.framework/Versions/A/JavaVM
0x0000000008793000 	/System/Library/Frameworks/Carbon.framework/Versions/A/Carbon
0x0000000121326000 	/System/Library/PrivateFrameworks/JavaLaunching.framework/Versions/A/JavaLaunching
0x0000000008793000 	/System/Library/Frameworks/Carbon.framework/Versions/A/Frameworks/CommonPanels.framework/Versions/A/CommonPanels
0x0000000008793000 	/System/Library/Frameworks/Carbon.framework/Versions/A/Frameworks/Help.framework/Versions/A/Help
0x0000000008793000 	/System/Library/Frameworks/Carbon.framework/Versions/A/Frameworks/ImageCapture.framework/Versions/A/ImageCapture
0x0000000008793000 	/System/Library/Frameworks/Carbon.framework/Versions/A/Frameworks/OpenScripting.framework/Versions/A/OpenScripting
0x0000000008793000 	/System/Library/Frameworks/Carbon.framework/Versions/A/Frameworks/Print.framework/Versions/A/Print
0x0000000008793000 	/System/Library/Frameworks/Carbon.framework/Versions/A/Frameworks/SecurityHI.framework/Versions/A/SecurityHI
0x0000000122cd0000 	/Library/Java/JavaVirtualMachines/jdk1.8.0_25.jdk/Contents/Home/jre/lib/libprism_es2.dylib
0x0000000008793000 	/System/Library/Frameworks/OpenGL.framework/Versions/A/Resources/GLEngine.bundle/GLEngine
0x0000000008793000 	/System/Library/Frameworks/OpenGL.framework/Versions/A/Libraries/libGLProgrammability.dylib
0x0000000122d4f000 	/System/Library/Extensions/AppleIntelHD5000GraphicsGLDriver.bundle/Contents/MacOS/AppleIntelHD5000GraphicsGLDriver
0x0000000008793000 	/System/Library/PrivateFrameworks/GPUSupport.framework/Versions/A/Libraries/libGPUSupportMercury.dylib
0x0000000008793000 	/System/Library/Frameworks/OpenGL.framework/Versions/A/Resources/GLRendererFloat.bundle/GLRendererFloat
0x0000000008793000 	/System/Library/Frameworks/OpenCL.framework/Versions/A/Libraries/libcldcpuengine.dylib
0x0000000008793000 	/System/Library/PrivateFrameworks/DiskImages.framework/Versions/A/DiskImages
0x0000000008793000 	/System/Library/Frameworks/DiscRecording.framework/Versions/A/DiscRecording
0x0000000008793000 	/usr/lib/libcsfde.dylib
0x0000000008793000 	/usr/lib/libcurl.4.dylib
0x0000000008793000 	/System/Library/PrivateFrameworks/MediaKit.framework/Versions/A/MediaKit
0x0000000008793000 	/System/Library/PrivateFrameworks/ProtectedCloudStorage.framework/Versions/A/ProtectedCloudStorage
0x0000000008793000 	/usr/lib/libCoreStorage.dylib
0x0000000008793000 	/System/Library/PrivateFrameworks/EFILogin.framework/Versions/A/EFILogin
0x0000000008793000 	/usr/lib/libutil.dylib
0x0000000008793000 	/System/Library/PrivateFrameworks/FindMyDevice.framework/Versions/A/FindMyDevice
0x0000000008793000 	/System/Library/Frameworks/LDAP.framework/Versions/A/LDAP
0x0000000008793000 	/usr/lib/libsasl2.2.dylib
0x0000000008793000 	/System/Library/PrivateFrameworks/CoreDaemon.framework/Versions/B/CoreDaemon
0x0000000008793000 	/usr/lib/libcrypto.0.9.8.dylib
0x0000000008793000 	/System/Library/PrivateFrameworks/AppleSRP.framework/Versions/A/AppleSRP
0x0000000008793000 	/System/Library/PrivateFrameworks/TrustEvaluationAgent.framework/Versions/A/TrustEvaluationAgent
0x00000001238d0000 	/Library/Java/JavaVirtualMachines/jdk1.8.0_25.jdk/Contents/Home/jre/lib/libglass.dylib
0x0000000008793000 	/System/Library/PrivateFrameworks/CoreServicesInternal.framework/Versions/A/CoreServicesInternal
0x0000000008793000 	/System/Library/CoreServices/RawCamera.bundle/Contents/MacOS/RawCamera
0x0000000008793000 	/System/Library/Frameworks/CoreGraphics.framework/Versions/A/Resources/libRIP.A.dylib
0x0000000008793000 	/System/Library/Frameworks/Accelerate.framework/Versions/A/Frameworks/vImage.framework/Versions/A/Libraries/libCGInterfaces.dylib
0x0000000008793000 	/System/Library/PrivateFrameworks/FamilyControls.framework/Versions/A/FamilyControls
0x0000000008793000 	/System/Library/PrivateFrameworks/CommerceKit.framework/Versions/A/Frameworks/CommerceCore.framework/Versions/A/CommerceCore
0x0000000008793000 	/System/Library/PrivateFrameworks/SystemAdministration.framework/Versions/A/SystemAdministration
0x0000000008793000 	/System/Library/PrivateFrameworks/AppContainer.framework/Versions/A/AppContainer
0x0000000008793000 	/System/Library/PrivateFrameworks/SecCodeWrapper.framework/Versions/A/SecCodeWrapper
0x0000000008793000 	/System/Library/Frameworks/DirectoryService.framework/Versions/A/DirectoryService
0x0000000008793000 	/System/Library/PrivateFrameworks/LoginUIKit.framework/Versions/A/Frameworks/LoginUICore.framework/Versions/A/LoginUICore
0x0000000008793000 	/usr/lib/libodfde.dylib
0x00000001266fc000 	/Library/Java/JavaVirtualMachines/jdk1.8.0_25.jdk/Contents/Home/jre/lib/libjavafx_font.dylib
0x0000000008793000 	/System/Library/Frameworks/CoreGraphics.framework/Versions/A/Resources/libCGXType.A.dylib
0x0000000128761000 	cl_kernels
0x0000000008793000 	/System/Library/Frameworks/OpenCL.framework/Versions/A/Libraries/ImageFormats/unorm8_bgra.dylib
0x0000000008793000 	/System/Library/Frameworks/OpenCL.framework/Versions/A/Libraries/ImageFormats/unorm8_rgba.dylib
0x0000000129282000 	/Library/Java/JavaVirtualMachines/jdk1.8.0_25.jdk/Contents/Home/jre/lib/libprism_common.dylib
0x000000012a34d000 	/System/Library/Extensions/AppleIntelHD5000GraphicsMTLDriver.bundle/Contents/MacOS/AppleIntelHD5000GraphicsMTLDriver

VM Arguments:
jvm_args: -Dfile.encoding=UTF-8 
java_command: application.Main
java_class_path (initial): /Users/dez/Documents/workspace/Interface/bin
Launcher Type: SUN_STANDARD

Environment Variables:
PATH=/usr/bin:/bin:/usr/sbin:/sbin
SHELL=/bin/bash
DISPLAY=/private/tmp/com.apple.launchd.38S45PWeS3/org.macosforge.xquartz:0

Signal Handlers:
SIGSEGV: [libjvm.dylib+0x579dc7], sa_mask[0]=11111111011111110111111111111111, sa_flags=SA_ONSTACK|SA_RESTART|SA_SIGINFO
SIGBUS: [libjvm.dylib+0x579dc7], sa_mask[0]=11111111011111110111111111111111, sa_flags=SA_RESTART|SA_SIGINFO
SIGFPE: [libjvm.dylib+0x45b030], sa_mask[0]=11111111011111110111111111111111, sa_flags=SA_RESTART|SA_SIGINFO
SIGPIPE: [libjvm.dylib+0x45b030], sa_mask[0]=11111111011111110111111111111111, sa_flags=SA_RESTART|SA_SIGINFO
SIGXFSZ: [libjvm.dylib+0x45b030], sa_mask[0]=11111111011111110111111111111111, sa_flags=SA_RESTART|SA_SIGINFO
SIGILL: [libjvm.dylib+0x45b030], sa_mask[0]=11111111011111110111111111111111, sa_flags=SA_RESTART|SA_SIGINFO
SIGUSR1: SIG_DFL, sa_mask[0]=00000000000000000000000000000000, sa_flags=none
SIGUSR2: [libjvm.dylib+0x45ab4e], sa_mask[0]=00100000000000000000000000000000, sa_flags=SA_RESTART|SA_SIGINFO
SIGHUP: [libjvm.dylib+0x459121], sa_mask[0]=11111111011111110111111111111111, sa_flags=SA_RESTART|SA_SIGINFO
SIGINT: [libjvm.dylib+0x459121], sa_mask[0]=11111111011111110111111111111111, sa_flags=SA_RESTART|SA_SIGINFO
SIGTERM: [libjvm.dylib+0x459121], sa_mask[0]=11111111011111110111111111111111, sa_flags=SA_RESTART|SA_SIGINFO
SIGQUIT: [libjvm.dylib+0x459121], sa_mask[0]=11111111011111110111111111111111, sa_flags=SA_RESTART|SA_SIGINFO


---------------  S Y S T E M  ---------------

OS:Bsduname:Darwin 15.4.0 Darwin Kernel Version 15.4.0: Fri Feb 26 22:08:05 PST 2016; root:xnu-3248.40.184~3/RELEASE_X86_64 x86_64
rlimit: STACK 8192k, CORE 0k, NPROC 709, NOFILE 10240, AS infinity
load average:2.12 1.88 1.75

CPU:total 4 (2 cores per cpu, 2 threads per core) family 6 model 69 stepping 1, cmov, cx8, fxsr, mmx, sse, sse2, sse3, ssse3, sse4.1, sse4.2, popcnt, avx, avx2, aes, clmul, erms, lzcnt, ht, tsc, tscinvbit, bmi1, bmi2

Memory: 4k page, physical 8388608k(1476044k free)

/proc/meminfo:


vm_info: Java HotSpot(TM) 64-Bit Server VM (25.25-b02) for bsd-amd64 JRE (1.8.0_25-b17), built on Sep 17 2014 16:56:50 by "java_re" with gcc 4.2.1 (Based on Apple Inc. build 5658) (LLVM build 2336.11.00)

time: Tue Apr 26 14:31:15 2016
elapsed time: 82 seconds (0d 0h 1m 22s)

