#
# A fatal error has been detected by the Java Runtime Environment:
#
#  SIGSEGV (0xb) at pc=0x00000001284fe3fd, pid=626, tid=2571
#
# JRE version: Java(TM) SE Runtime Environment (8.0_25-b17) (build 1.8.0_25-b17)
# Java VM: Java HotSpot(TM) 64-Bit Server VM (25.25-b02 mixed mode bsd-amd64 compressed oops)
# Problematic frame:
# C  [libglass.dylib+0x163fd]  GlassScreenDidChangeScreenParameters+0x9d
#
# Failed to write core dump. Core dumps have been disabled. To enable core dumping, try "ulimit -c unlimited" before starting Java again
#
# If you would like to submit a bug report, please visit:
#   http://bugreport.sun.com/bugreport/crash.jsp
#

---------------  T H R E A D  ---------------

Current thread is native thread

siginfo: si_signo: 11 (SIGSEGV), si_code: 1 (SEGV_MAPERR), si_addr: 0x0000000000000000

Registers:
RAX=0x0000000128530e40, RBX=0x0000000000000000, RCX=0x0000000000000103, RDX=0x00007fd619cfbc40
RSP=0x00007fff51054c00, RBP=0x00007fff51054c10, RSI=0x00007fd619c03328, RDI=0x0000000000000000
R8 =0x0000000000000040, R9 =0x00007fff796251e0, R10=0xffffffffffffffff, R11=0x0000000000000246
R12=0x00007fd619e65200, R13=0x00007fd619d60b90, R14=0x00007fd619d60c50, R15=0x0000000000000000
RIP=0x00000001284fe3fd, EFLAGS=0x0000000000010202, ERR=0x0000000000000004
  TRAPNO=0x000000000000000e

Top of Stack: (sp=0x00007fff51054c00)
0x00007fff51054c00:   00007fff51054c58 00007fd619d60c50
0x00007fff51054c10:   00007fff51054c20 00007fff9cfd6bbc
0x00007fff51054c20:   00007fff51054c40 00007fff9cfd6b4f
0x00007fff51054c30:   0000000000000000 0000000000000000
0x00007fff51054c40:   00007fff51054cb0 00007fff9cfd6ac7
0x00007fff51054c50:   00007fff9d3976c0 00007fff7c54c0a0
0x00007fff51054c60:   0000000042000000 00007fff9cfd6b10
0x00007fff51054c70:   00007fff7d129720 00007fd619d60b90
0x00007fff51054c80:   00007fd619e65200 00007fff51055458
0x00007fff51054c90:   00007fff7d256780 00007fff51055458
0x00007fff51054ca0:   00007fd619d60b90 00007fff9d3969e2
0x00007fff51054cb0:   00007fff51054cf0 00007fff9cfd6832
0x00007fff51054cc0:   00007fff510552d0 0000000000000000
0x00007fff51054cd0:   00007fff7d256780 00007fff51055458
0x00007fff51054ce0:   00007fff96cbd4c0 00007fff9d3969e2
0x00007fff51054cf0:   00007fff51055400 00007fff9cf935e2
0x00007fff51054d00:   00007fd619f07900 0000000000000002
0x00007fff51054d10:   0000000000000000 00007fd619c08fc0
0x00007fff51054d20:   00007fd61a803048 00007fd619d4aad0
0x00007fff51054d30:   0000000000000000 00007fd619d60cb0
0x00007fff51054d40:   0000000000000000 0000000000000000
0x00007fff51054d50:   00007fff7d166bc0 00007fff510552d0
0x00007fff51054d60:   0000000000000001 0000000000000100
0x00007fff51054d70:   0000000000001100 00007fff510551d0
0x00007fff51054d80:   0000000000000000 0000000000000100
0x00007fff51054d90:   4092d80000000000 00007fff7d256780
0x00007fff51054da0:   0000000000000000 00007fff7d12a500
0x00007fff51054db0:   00007fff7d256780 0000000000000000
0x00007fff51054dc0:   00007fff7d12a500 00007fd619e64860
0x00007fff51054dd0:   00007fd619f07900 0000000000000002
0x00007fff51054de0:   0000000000000000 00007fff96cbd4c0
0x00007fff51054df0:   00007fff51054fb0 00007fff8fa93584 

Instructions: (pc=0x00000001284fe3fd)
0x00000001284fe3dd:   89 df 4c 89 f1 41 ff 90 68 04 00 00 48 8d 05 58
0x00000001284fe3ed:   29 03 00 48 8b 30 48 8d 05 46 2a 03 00 48 8b 10
0x00000001284fe3fd:   48 8b 0b 30 c0 48 89 df ff 91 68 04 00 00 48 8b
0x00000001284fe40d:   03 48 89 df ff 50 78 48 85 c0 74 36 49 89 c6 48 

Register to memory mapping:

RAX=0x0000000128530e40: jScreenNotifySettingsChanged+0 in /Library/Java/JavaVirtualMachines/jdk1.8.0_25.jdk/Contents/Home/jre/lib/libglass.dylib at 0x00000001284e8000
RBX=0x0000000000000000 is an unknown value
RCX=0x0000000000000103 is an unknown value
RDX=0x00007fd619cfbc40 is an unknown value
RSP=0x00007fff51054c00 is an unknown value
RBP=0x00007fff51054c10 is an unknown value
RSI=0x00007fd619c03328 is a global jni handle
RDI=0x0000000000000000 is an unknown value
R8 =0x0000000000000040 is an unknown value
R9 =0x00007fff796251e0: __sFX+0x1c0 in /usr/lib/system/libsystem_c.dylib at 0x00007fff8afb8000
R10=0xffffffffffffffff is an unknown value
R11=0x0000000000000246 is an unknown value
R12=0x00007fd619e65200 is an unknown value
R13=0x00007fd619d60b90 is an unknown value
R14=0x00007fd619d60c50 is an unknown value
R15=0x0000000000000000 is an unknown value


Stack: [0x00007fff50858000,0x00007fff51058000],  sp=0x00007fff51054c00,  free space=8179k
Native frames: (J=compiled Java code, j=interpreted, Vv=VM code, C=native code)
C  [libglass.dylib+0x163fd]  GlassScreenDidChangeScreenParameters+0x9d
C  [CoreFoundation+0xa0bbc]  __CFNOTIFICATIONCENTER_IS_CALLING_OUT_TO_AN_OBSERVER__+0xc
C  [CoreFoundation+0xa0b4f]  ___CFXRegistrationPost_block_invoke+0x3f
C  [CoreFoundation+0xa0ac7]  _CFXRegistrationPost+0x197
C  [CoreFoundation+0xa0832]  ___CFXNotificationPost_block_invoke+0x32
C  [CoreFoundation+0x5d5e2]  -[_CFXNotificationRegistrar find:object:observer:enumerator:]+0x782
C  [CoreFoundation+0x5c835]  _CFXNotificationPost+0x2b5
C  [Foundation+0x6fda]  -[NSNotificationCenter postNotificationName:object:userInfo:]+0x42
C  [AppKit+0x41c157]  -[NSApplication _reactToScreenInvalidationImmediately:]+0x17f
C  [AppKit+0x41bfa8]  __44-[NSApplication _reactToScreenInvalidation:]_block_invoke+0x3b
C  [CoreFoundation+0xaa4ac]  __CFRUNLOOP_IS_CALLING_OUT_TO_A_BLOCK__+0xc
C  [CoreFoundation+0x89d05]  __CFRunLoopDoBlocks+0x155
C  [CoreFoundation+0x89a6b]  __CFRunLoopRun+0x92b
C  [CoreFoundation+0x88ed8]  CFRunLoopRunSpecific+0x128
C  [java+0x56cc]  CreateExecutionEnvironment+0x367
C  [java+0x165c]  JLI_Launch+0x7a0
C  [java+0x768a]  main+0x65
C  [java+0xeb4]  start+0x34


---------------  P R O C E S S  ---------------

VM state:not at safepoint (normal execution)

VM Mutex/Monitor currently owned by a thread: None

Heap:
 PSYoungGen      total 24576K, used 4844K [0x0000000795580000, 0x00000007ab600000, 0x00000007c0000000)
  eden space 24064K, 20% used [0x0000000795580000,0x0000000795a33358,0x0000000796d00000)
  from space 512K, 6% used [0x00000007ab580000,0x00000007ab588000,0x00000007ab600000)
  to   space 512K, 0% used [0x00000007ab500000,0x00000007ab500000,0x00000007ab580000)
 ParOldGen       total 87552K, used 27946K [0x0000000740000000, 0x0000000745580000, 0x0000000795580000)
  object space 87552K, 31% used [0x0000000740000000,0x0000000741b4a840,0x0000000745580000)
 Metaspace       used 14501K, capacity 14984K, committed 15232K, reserved 1062912K
  class space    used 1933K, capacity 2083K, committed 2176K, reserved 1048576K

Card table byte_map: [0x000000011fadc000,0x000000011fedd000] byte_map_base: 0x000000011c0dc000

Marking Bits: (ParMarkBitMap*) 0x000000011009d390
 Begin Bits: [0x0000000120188000, 0x0000000122188000)
 End Bits:   [0x0000000122188000, 0x0000000124188000)

Polling page: 0x000000010ee69000

CodeCache: size=245760Kb used=3933Kb max_used=3933Kb free=241826Kb
 bounds [0x000000011071c000, 0x0000000110afc000, 0x000000011f71c000]
 total_blobs=1720 nmethods=1108 adapters=527
 compilation: enabled

Compilation events (10 events):
Event: 307.545 Thread 0x00007fd61b0a2800 1104       3       java.io.OutputStream::flush (1 bytes)
Event: 307.545 Thread 0x00007fd61b0a2800 nmethod 1104 0x0000000110acbb10 code [0x0000000110acbc60, 0x0000000110acbdb0]
Event: 307.545 Thread 0x00007fd61b0a2800 1105       3       java.nio.CharBuffer::hasArray (20 bytes)
Event: 307.545 Thread 0x00007fd61b0a2800 nmethod 1105 0x0000000110acd790 code [0x0000000110acd900, 0x0000000110acdaf0]
Event: 307.546 Thread 0x00007fd61b0a2800 1106       3       java.nio.ByteBuffer::hasArray (20 bytes)
Event: 307.546 Thread 0x00007fd61b0a2800 nmethod 1106 0x0000000110ad8090 code [0x0000000110ad8200, 0x0000000110ad83f0]
Event: 307.546 Thread 0x00007fd61b0a2800 1107       3       java.nio.CharBuffer::array (35 bytes)
Event: 307.546 Thread 0x00007fd61b0a2800 nmethod 1107 0x0000000110aec950 code [0x0000000110aecae0, 0x0000000110aecdd8]
Event: 307.546 Thread 0x00007fd61b0a2800 1108       3       java.nio.Buffer::clear (20 bytes)
Event: 307.546 Thread 0x00007fd61b0a2800 nmethod 1108 0x0000000110ad7d50 code [0x0000000110ad7ea0, 0x0000000110ad8010]

GC Heap History (10 events):
Event: 1281.122 GC heap before
{Heap before GC invocations=15086 (full 0):
 PSYoungGen      total 26624K, used 26144K [0x0000000795580000, 0x00000007ab600000, 0x00000007c0000000)
  eden space 26112K, 100% used [0x0000000795580000,0x0000000796f00000,0x0000000796f00000)
  from space 512K, 6% used [0x00000007ab500000,0x00000007ab508000,0x00000007ab580000)
  to   space 512K, 0% used [0x00000007ab580000,0x00000007ab580000,0x00000007ab600000)
 ParOldGen       total 87552K, used 27938K [0x0000000740000000, 0x0000000745580000, 0x0000000795580000)
  object space 87552K, 31% used [0x0000000740000000,0x0000000741b48840,0x0000000745580000)
 Metaspace       used 14501K, capacity 14984K, committed 15232K, reserved 1062912K
  class space    used 1933K, capacity 2083K, committed 2176K, reserved 1048576K
Event: 1281.124 GC heap after
Heap after GC invocations=15086 (full 0):
 PSYoungGen      total 26112K, used 32K [0x0000000795580000, 0x00000007ab600000, 0x00000007c0000000)
  eden space 25600K, 0% used [0x0000000795580000,0x0000000795580000,0x0000000796e80000)
  from space 512K, 6% used [0x00000007ab580000,0x00000007ab588000,0x00000007ab600000)
  to   space 512K, 0% used [0x00000007ab500000,0x00000007ab500000,0x00000007ab580000)
 ParOldGen       total 87552K, used 27946K [0x0000000740000000, 0x0000000745580000, 0x0000000795580000)
  object space 87552K, 31% used [0x0000000740000000,0x0000000741b4a840,0x0000000745580000)
 Metaspace       used 14501K, capacity 14984K, committed 15232K, reserved 1062912K
  class space    used 1933K, capacity 2083K, committed 2176K, reserved 1048576K
}
Event: 1281.265 GC heap before
{Heap before GC invocations=15087 (full 0):
 PSYoungGen      total 26112K, used 25632K [0x0000000795580000, 0x00000007ab600000, 0x00000007c0000000)
  eden space 25600K, 100% used [0x0000000795580000,0x0000000796e80000,0x0000000796e80000)
  from space 512K, 6% used [0x00000007ab580000,0x00000007ab588000,0x00000007ab600000)
  to   space 512K, 0% used [0x00000007ab500000,0x00000007ab500000,0x00000007ab580000)
 ParOldGen       total 87552K, used 27946K [0x0000000740000000, 0x0000000745580000, 0x0000000795580000)
  object space 87552K, 31% used [0x0000000740000000,0x0000000741b4a840,0x0000000745580000)
 Metaspace       used 14501K, capacity 14984K, committed 15232K, reserved 1062912K
  class space    used 1933K, capacity 2083K, committed 2176K, reserved 1048576K
Event: 1281.265 GC heap after
Heap after GC invocations=15087 (full 0):
 PSYoungGen      total 25600K, used 64K [0x0000000795580000, 0x00000007ab600000, 0x00000007c0000000)
  eden space 25088K, 0% used [0x0000000795580000,0x0000000795580000,0x0000000796e00000)
  from space 512K, 12% used [0x00000007ab500000,0x00000007ab510000,0x00000007ab580000)
  to   space 512K, 0% used [0x00000007ab580000,0x00000007ab580000,0x00000007ab600000)
 ParOldGen       total 87552K, used 27946K [0x0000000740000000, 0x0000000745580000, 0x0000000795580000)
  object space 87552K, 31% used [0x0000000740000000,0x0000000741b4a840,0x0000000745580000)
 Metaspace       used 14501K, capacity 14984K, committed 15232K, reserved 1062912K
  class space    used 1933K, capacity 2083K, committed 2176K, reserved 1048576K
}
Event: 1281.488 GC heap before
{Heap before GC invocations=15088 (full 0):
 PSYoungGen      total 25600K, used 25152K [0x0000000795580000, 0x00000007ab600000, 0x00000007c0000000)
  eden space 25088K, 100% used [0x0000000795580000,0x0000000796e00000,0x0000000796e00000)
  from space 512K, 12% used [0x00000007ab500000,0x00000007ab510000,0x00000007ab580000)
  to   space 512K, 0% used [0x00000007ab580000,0x00000007ab580000,0x00000007ab600000)
 ParOldGen       total 87552K, used 27946K [0x0000000740000000, 0x0000000745580000, 0x0000000795580000)
  object space 87552K, 31% used [0x0000000740000000,0x0000000741b4a840,0x0000000745580000)
 Metaspace       used 14501K, capacity 14984K, committed 15232K, reserved 1062912K
  class space    used 1933K, capacity 2083K, committed 2176K, reserved 1048576K
Event: 1281.489 GC heap after
Heap after GC invocations=15088 (full 0):
 PSYoungGen      total 25088K, used 32K [0x0000000795580000, 0x00000007ab600000, 0x00000007c0000000)
  eden space 24576K, 0% used [0x0000000795580000,0x0000000795580000,0x0000000796d80000)
  from space 512K, 6% used [0x00000007ab580000,0x00000007ab588000,0x00000007ab600000)
  to   space 512K, 0% used [0x00000007ab500000,0x00000007ab500000,0x00000007ab580000)
 ParOldGen       total 87552K, used 27946K [0x0000000740000000, 0x0000000745580000, 0x0000000795580000)
  object space 87552K, 31% used [0x0000000740000000,0x0000000741b4a840,0x0000000745580000)
 Metaspace       used 14501K, capacity 14984K, committed 15232K, reserved 1062912K
  class space    used 1933K, capacity 2083K, committed 2176K, reserved 1048576K
}
Event: 1281.581 GC heap before
{Heap before GC invocations=15089 (full 0):
 PSYoungGen      total 25088K, used 24608K [0x0000000795580000, 0x00000007ab600000, 0x00000007c0000000)
  eden space 24576K, 100% used [0x0000000795580000,0x0000000796d80000,0x0000000796d80000)
  from space 512K, 6% used [0x00000007ab580000,0x00000007ab588000,0x00000007ab600000)
  to   space 512K, 0% used [0x00000007ab500000,0x00000007ab500000,0x00000007ab580000)
 ParOldGen       total 87552K, used 27946K [0x0000000740000000, 0x0000000745580000, 0x0000000795580000)
  object space 87552K, 31% used [0x0000000740000000,0x0000000741b4a840,0x0000000745580000)
 Metaspace       used 14501K, capacity 14984K, committed 15232K, reserved 1062912K
  class space    used 1933K, capacity 2083K, committed 2176K, reserved 1048576K
Event: 1281.582 GC heap after
Heap after GC invocations=15089 (full 0):
 PSYoungGen      total 24576K, used 64K [0x0000000795580000, 0x00000007ab600000, 0x00000007c0000000)
  eden space 24064K, 0% used [0x0000000795580000,0x0000000795580000,0x0000000796d00000)
  from space 512K, 12% used [0x00000007ab500000,0x00000007ab510000,0x00000007ab580000)
  to   space 512K, 0% used [0x00000007ab580000,0x00000007ab580000,0x00000007ab600000)
 ParOldGen       total 87552K, used 27946K [0x0000000740000000, 0x0000000745580000, 0x0000000795580000)
  object space 87552K, 31% used [0x0000000740000000,0x0000000741b4a840,0x0000000745580000)
 Metaspace       used 14501K, capacity 14984K, committed 15232K, reserved 1062912K
  class space    used 1933K, capacity 2083K, committed 2176K, reserved 1048576K
}
Event: 1281.681 GC heap before
{Heap before GC invocations=15090 (full 0):
 PSYoungGen      total 24576K, used 24128K [0x0000000795580000, 0x00000007ab600000, 0x00000007c0000000)
  eden space 24064K, 100% used [0x0000000795580000,0x0000000796d00000,0x0000000796d00000)
  from space 512K, 12% used [0x00000007ab500000,0x00000007ab510000,0x00000007ab580000)
  to   space 512K, 0% used [0x00000007ab580000,0x00000007ab580000,0x00000007ab600000)
 ParOldGen       total 87552K, used 27946K [0x0000000740000000, 0x0000000745580000, 0x0000000795580000)
  object space 87552K, 31% used [0x0000000740000000,0x0000000741b4a840,0x0000000745580000)
 Metaspace       used 14501K, capacity 14984K, committed 15232K, reserved 1062912K
  class space    used 1933K, capacity 2083K, committed 2176K, reserved 1048576K
Event: 1281.683 GC heap after
Heap after GC invocations=15090 (full 0):
 PSYoungGen      total 24576K, used 32K [0x0000000795580000, 0x00000007ab600000, 0x00000007c0000000)
  eden space 24064K, 0% used [0x0000000795580000,0x0000000795580000,0x0000000796d00000)
  from space 512K, 6% used [0x00000007ab580000,0x00000007ab588000,0x00000007ab600000)
  to   space 512K, 0% used [0x00000007ab500000,0x00000007ab500000,0x00000007ab580000)
 ParOldGen       total 87552K, used 27946K [0x0000000740000000, 0x0000000745580000, 0x0000000795580000)
  object space 87552K, 31% used [0x0000000740000000,0x0000000741b4a840,0x0000000745580000)
 Metaspace       used 14501K, capacity 14984K, committed 15232K, reserved 1062912K
  class space    used 1933K, capacity 2083K, committed 2176K, reserved 1048576K
}

Deoptimization events (10 events):
Event: 1.000 Thread 0x00007fd61a8d1000 Uncommon trap: reason=class_check action=maybe_recompile pc=0x0000000110977e90 method=java.io.DataInputStream.readShort()S @ 4
Event: 1.000 Thread 0x00007fd61a8d1000 Uncommon trap: reason=class_check action=maybe_recompile pc=0x0000000110977e90 method=java.io.DataInputStream.readShort()S @ 4
Event: 1.005 Thread 0x00007fd61a8d1000 Uncommon trap: reason=class_check action=maybe_recompile pc=0x000000011083da9c method=java.lang.String.equals(Ljava/lang/Object;)Z @ 8
Event: 1.005 Thread 0x00007fd61a8d1000 Uncommon trap: reason=class_check action=maybe_recompile pc=0x000000011083da9c method=java.lang.String.equals(Ljava/lang/Object;)Z @ 8
Event: 1.005 Thread 0x00007fd61a8d1000 Uncommon trap: reason=class_check action=maybe_recompile pc=0x000000011083da9c method=java.lang.String.equals(Ljava/lang/Object;)Z @ 8
Event: 1.189 Thread 0x00007fd61a8d1000 Uncommon trap: reason=unloaded action=reinterpret pc=0x0000000110962ed8 method=java.lang.CharacterData.of(I)Ljava/lang/CharacterData; @ 96
Event: 1.227 Thread 0x00007fd61a8d1000 Uncommon trap: reason=class_check action=maybe_recompile pc=0x000000011083da9c method=java.lang.String.equals(Ljava/lang/Object;)Z @ 8
Event: 22.271 Thread 0x00007fd61a2fe800 Uncommon trap: reason=unreached action=reinterpret pc=0x0000000110ae0290 method=application.IA.evaluationDiagonaleDiagonaleXZ(Lapplication/Plateau;Z)I @ 58
Event: 22.303 Thread 0x00007fd61a2fe800 Uncommon trap: reason=unreached action=reinterpret pc=0x0000000110ad2318 method=application.IA.evaluationDiagonaleDiagonaleXYZ(Lapplication/Plateau;Z)I @ 42
Event: 22.560 Thread 0x00007fd61a2fe800 Uncommon trap: reason=unreached action=reinterpret pc=0x0000000110ae649c method=application.IA.evaluationDiagonaleDiagonaleXYZ(Lapplication/Plateau;Z)I @ 42

Internal exceptions (10 events):
Event: 2.671 Thread 0x00007fd61a8d1000 Exception <a 'java/security/PrivilegedActionException'> (0x00000007971d7b30) thrown at [/HUDSON3/workspace/8-2-build-macosx-x86_64/jdk8u25/1514/hotspot/src/share/vm/prims/jvm.cpp, line 1312]
Event: 2.671 Thread 0x00007fd61a2fe800 Exception <a 'java/security/PrivilegedActionException'> (0x00000007971e6a58) thrown at [/HUDSON3/workspace/8-2-build-macosx-x86_64/jdk8u25/1514/hotspot/src/share/vm/prims/jvm.cpp, line 1312]
Event: 2.671 Thread 0x00007fd61a2fe800 Exception <a 'java/security/PrivilegedActionException'> (0x00000007971e8578) thrown at [/HUDSON3/workspace/8-2-build-macosx-x86_64/jdk8u25/1514/hotspot/src/share/vm/prims/jvm.cpp, line 1312]
Event: 2.673 Thread 0x00007fd61a2fe800 Exception <a 'java/security/PrivilegedActionException'> (0x00000007971f4d90) thrown at [/HUDSON3/workspace/8-2-build-macosx-x86_64/jdk8u25/1514/hotspot/src/share/vm/prims/jvm.cpp, line 1312]
Event: 2.674 Thread 0x00007fd61a2fe800 Exception <a 'java/security/PrivilegedActionException'> (0x00000007971f7610) thrown at [/HUDSON3/workspace/8-2-build-macosx-x86_64/jdk8u25/1514/hotspot/src/share/vm/prims/jvm.cpp, line 1312]
Event: 8.313 Thread 0x00007fd61a2fe800 Exception <a 'java/security/PrivilegedActionException'> (0x00000007972117b8) thrown at [/HUDSON3/workspace/8-2-build-macosx-x86_64/jdk8u25/1514/hotspot/src/share/vm/prims/jvm.cpp, line 1312]
Event: 8.313 Thread 0x00007fd61a2fe800 Exception <a 'java/security/PrivilegedActionException'> (0x00000007972158a8) thrown at [/HUDSON3/workspace/8-2-build-macosx-x86_64/jdk8u25/1514/hotspot/src/share/vm/prims/jvm.cpp, line 1312]
Event: 8.314 Thread 0x00007fd61a2fe800 Exception <a 'java/security/PrivilegedActionException'> (0x0000000797217d70) thrown at [/HUDSON3/workspace/8-2-build-macosx-x86_64/jdk8u25/1514/hotspot/src/share/vm/prims/jvm.cpp, line 1312]
Event: 8.316 Thread 0x00007fd61a2fe800 Exception <a 'java/security/PrivilegedActionException'> (0x000000079721a2c0) thrown at [/HUDSON3/workspace/8-2-build-macosx-x86_64/jdk8u25/1514/hotspot/src/share/vm/prims/jvm.cpp, line 1312]
Event: 8.317 Thread 0x00007fd61a2fe800 Exception <a 'java/lang/NullPointerException'> (0x000000079721bd60) thrown at [/HUDSON3/workspace/8-2-build-macosx-x86_64/jdk8u25/1514/hotspot/src/share/vm/interpreter/linkResolver.cpp, line 1178]

Events (10 events):
Event: 1281.122 Executing VM operation: ParallelGCFailedAllocation
Event: 1281.124 Executing VM operation: ParallelGCFailedAllocation done
Event: 1281.265 Executing VM operation: ParallelGCFailedAllocation
Event: 1281.265 Executing VM operation: ParallelGCFailedAllocation done
Event: 1281.488 Executing VM operation: ParallelGCFailedAllocation
Event: 1281.489 Executing VM operation: ParallelGCFailedAllocation done
Event: 1281.581 Executing VM operation: ParallelGCFailedAllocation
Event: 1281.582 Executing VM operation: ParallelGCFailedAllocation done
Event: 1281.681 Executing VM operation: ParallelGCFailedAllocation
Event: 1281.683 Executing VM operation: ParallelGCFailedAllocation done


Dynamic libraries:
0x00000000092f8000 	/System/Library/Frameworks/Cocoa.framework/Versions/A/Cocoa
0x00000000092f8000 	/System/Library/Frameworks/Security.framework/Versions/A/Security
0x00000000092f8000 	/System/Library/Frameworks/ApplicationServices.framework/Versions/A/ApplicationServices
0x00000000092f8000 	/usr/lib/libz.1.dylib
0x00000000092f8000 	/usr/lib/libSystem.B.dylib
0x00000000092f8000 	/usr/lib/libobjc.A.dylib
0x00000000092f8000 	/System/Library/Frameworks/CoreFoundation.framework/Versions/A/CoreFoundation
0x00000000092f8000 	/System/Library/Frameworks/Foundation.framework/Versions/C/Foundation
0x00000000092f8000 	/System/Library/Frameworks/AppKit.framework/Versions/C/AppKit
0x00000000092f8000 	/System/Library/Frameworks/CoreData.framework/Versions/A/CoreData
0x00000000092f8000 	/System/Library/PrivateFrameworks/RemoteViewServices.framework/Versions/A/RemoteViewServices
0x00000000092f8000 	/System/Library/PrivateFrameworks/UIFoundation.framework/Versions/A/UIFoundation
0x00000000092f8000 	/usr/lib/libScreenReader.dylib
0x00000000092f8000 	/System/Library/Frameworks/Accelerate.framework/Versions/A/Accelerate
0x00000000092f8000 	/System/Library/Frameworks/IOSurface.framework/Versions/A/IOSurface
0x00000000092f8000 	/System/Library/Frameworks/AudioToolbox.framework/Versions/A/AudioToolbox
0x00000000092f8000 	/System/Library/Frameworks/AudioUnit.framework/Versions/A/AudioUnit
0x00000000092f8000 	/System/Library/PrivateFrameworks/DataDetectorsCore.framework/Versions/A/DataDetectorsCore
0x00000000092f8000 	/System/Library/PrivateFrameworks/DesktopServicesPriv.framework/Versions/A/DesktopServicesPriv
0x00000000092f8000 	/System/Library/Frameworks/Carbon.framework/Versions/A/Frameworks/HIToolbox.framework/Versions/A/HIToolbox
0x00000000092f8000 	/System/Library/Frameworks/QuartzCore.framework/Versions/A/QuartzCore
0x00000000092f8000 	/System/Library/Frameworks/Carbon.framework/Versions/A/Frameworks/SpeechRecognition.framework/Versions/A/SpeechRecognition
0x00000000092f8000 	/usr/lib/libauto.dylib
0x00000000092f8000 	/usr/lib/libicucore.A.dylib
0x00000000092f8000 	/usr/lib/libxml2.2.dylib
0x00000000092f8000 	/System/Library/PrivateFrameworks/CoreUI.framework/Versions/A/CoreUI
0x00000000092f8000 	/System/Library/Frameworks/CoreAudio.framework/Versions/A/CoreAudio
0x00000000092f8000 	/System/Library/Frameworks/DiskArbitration.framework/Versions/A/DiskArbitration
0x00000000092f8000 	/usr/lib/liblangid.dylib
0x00000000092f8000 	/System/Library/PrivateFrameworks/MultitouchSupport.framework/Versions/A/MultitouchSupport
0x00000000092f8000 	/System/Library/Frameworks/IOKit.framework/Versions/A/IOKit
0x00000000092f8000 	/usr/lib/libDiagnosticMessagesClient.dylib
0x00000000092f8000 	/System/Library/Frameworks/CoreServices.framework/Versions/A/CoreServices
0x00000000092f8000 	/System/Library/PrivateFrameworks/PerformanceAnalysis.framework/Versions/A/PerformanceAnalysis
0x00000000092f8000 	/System/Library/PrivateFrameworks/GenerationalStorage.framework/Versions/A/GenerationalStorage
0x00000000092f8000 	/System/Library/Frameworks/OpenGL.framework/Versions/A/OpenGL
0x00000000092f8000 	/System/Library/PrivateFrameworks/Sharing.framework/Versions/A/Sharing
0x00000000092f8000 	/System/Library/Frameworks/CoreGraphics.framework/Versions/A/CoreGraphics
0x00000000092f8000 	/System/Library/Frameworks/CoreImage.framework/Versions/A/CoreImage
0x00000000092f8000 	/System/Library/Frameworks/CoreText.framework/Versions/A/CoreText
0x00000000092f8000 	/System/Library/Frameworks/ImageIO.framework/Versions/A/ImageIO
0x00000000092f8000 	/System/Library/PrivateFrameworks/Backup.framework/Versions/A/Backup
0x00000000092f8000 	/usr/lib/libextension.dylib
0x00000000092f8000 	/usr/lib/libarchive.2.dylib
0x00000000092f8000 	/System/Library/Frameworks/CFNetwork.framework/Versions/A/CFNetwork
0x00000000092f8000 	/System/Library/Frameworks/SystemConfiguration.framework/Versions/A/SystemConfiguration
0x00000000092f8000 	/usr/lib/libCRFSuite.dylib
0x00000000092f8000 	/usr/lib/libc++.1.dylib
0x00000000092f8000 	/usr/lib/libc++abi.dylib
0x00000000092f8000 	/usr/lib/system/libcache.dylib
0x00000000092f8000 	/usr/lib/system/libcommonCrypto.dylib
0x00000000092f8000 	/usr/lib/system/libcompiler_rt.dylib
0x00000000092f8000 	/usr/lib/system/libcopyfile.dylib
0x00000000092f8000 	/usr/lib/system/libcorecrypto.dylib
0x00000000092f8000 	/usr/lib/system/libdispatch.dylib
0x00000000092f8000 	/usr/lib/system/libdyld.dylib
0x00000000092f8000 	/usr/lib/system/libkeymgr.dylib
0x00000000092f8000 	/usr/lib/system/liblaunch.dylib
0x00000000092f8000 	/usr/lib/system/libmacho.dylib
0x00000000092f8000 	/usr/lib/system/libquarantine.dylib
0x00000000092f8000 	/usr/lib/system/libremovefile.dylib
0x00000000092f8000 	/usr/lib/system/libsystem_asl.dylib
0x00000000092f8000 	/usr/lib/system/libsystem_blocks.dylib
0x00000000092f8000 	/usr/lib/system/libsystem_c.dylib
0x00000000092f8000 	/usr/lib/system/libsystem_configuration.dylib
0x00000000092f8000 	/usr/lib/system/libsystem_coreservices.dylib
0x00000000092f8000 	/usr/lib/system/libsystem_coretls.dylib
0x00000000092f8000 	/usr/lib/system/libsystem_dnssd.dylib
0x00000000092f8000 	/usr/lib/system/libsystem_info.dylib
0x00000000092f8000 	/usr/lib/system/libsystem_kernel.dylib
0x00000000092f8000 	/usr/lib/system/libsystem_m.dylib
0x00000000092f8000 	/usr/lib/system/libsystem_malloc.dylib
0x00000000092f8000 	/usr/lib/system/libsystem_network.dylib
0x00000000092f8000 	/usr/lib/system/libsystem_networkextension.dylib
0x00000000092f8000 	/usr/lib/system/libsystem_notify.dylib
0x00000000092f8000 	/usr/lib/system/libsystem_platform.dylib
0x00000000092f8000 	/usr/lib/system/libsystem_pthread.dylib
0x00000000092f8000 	/usr/lib/system/libsystem_sandbox.dylib
0x00000000092f8000 	/usr/lib/system/libsystem_secinit.dylib
0x00000000092f8000 	/usr/lib/system/libsystem_trace.dylib
0x00000000092f8000 	/usr/lib/system/libunc.dylib
0x00000000092f8000 	/usr/lib/system/libunwind.dylib
0x00000000092f8000 	/usr/lib/system/libxpc.dylib
0x00000000092f8000 	/usr/lib/libenergytrace.dylib
0x00000000092f8000 	/usr/lib/libbsm.0.dylib
0x00000000092f8000 	/usr/lib/system/libkxld.dylib
0x00000000092f8000 	/usr/lib/libxar.1.dylib
0x00000000092f8000 	/usr/lib/libsqlite3.dylib
0x00000000092f8000 	/usr/lib/libpam.2.dylib
0x00000000092f8000 	/usr/lib/libOpenScriptingUtil.dylib
0x00000000092f8000 	/usr/lib/libbz2.1.0.dylib
0x00000000092f8000 	/usr/lib/liblzma.5.dylib
0x00000000092f8000 	/System/Library/Frameworks/CoreServices.framework/Versions/A/Frameworks/FSEvents.framework/Versions/A/FSEvents
0x00000000092f8000 	/System/Library/Frameworks/CoreServices.framework/Versions/A/Frameworks/CarbonCore.framework/Versions/A/CarbonCore
0x00000000092f8000 	/System/Library/Frameworks/CoreServices.framework/Versions/A/Frameworks/Metadata.framework/Versions/A/Metadata
0x00000000092f8000 	/System/Library/Frameworks/CoreServices.framework/Versions/A/Frameworks/OSServices.framework/Versions/A/OSServices
0x00000000092f8000 	/System/Library/Frameworks/CoreServices.framework/Versions/A/Frameworks/SearchKit.framework/Versions/A/SearchKit
0x00000000092f8000 	/System/Library/Frameworks/CoreServices.framework/Versions/A/Frameworks/AE.framework/Versions/A/AE
0x00000000092f8000 	/System/Library/Frameworks/CoreServices.framework/Versions/A/Frameworks/LaunchServices.framework/Versions/A/LaunchServices
0x00000000092f8000 	/System/Library/Frameworks/CoreServices.framework/Versions/A/Frameworks/DictionaryServices.framework/Versions/A/DictionaryServices
0x00000000092f8000 	/System/Library/Frameworks/CoreServices.framework/Versions/A/Frameworks/SharedFileList.framework/Versions/A/SharedFileList
0x00000000092f8000 	/System/Library/Frameworks/NetFS.framework/Versions/A/NetFS
0x00000000092f8000 	/System/Library/PrivateFrameworks/NetAuth.framework/Versions/A/NetAuth
0x00000000092f8000 	/System/Library/PrivateFrameworks/login.framework/Versions/A/Frameworks/loginsupport.framework/Versions/A/loginsupport
0x00000000092f8000 	/System/Library/PrivateFrameworks/TCC.framework/Versions/A/TCC
0x00000000092f8000 	/usr/lib/libmecabra.dylib
0x00000000092f8000 	/System/Library/Frameworks/ApplicationServices.framework/Versions/A/Frameworks/ATS.framework/Versions/A/ATS
0x00000000092f8000 	/System/Library/Frameworks/ApplicationServices.framework/Versions/A/Frameworks/ColorSync.framework/Versions/A/ColorSync
0x00000000092f8000 	/System/Library/Frameworks/ApplicationServices.framework/Versions/A/Frameworks/HIServices.framework/Versions/A/HIServices
0x00000000092f8000 	/System/Library/Frameworks/ApplicationServices.framework/Versions/A/Frameworks/LangAnalysis.framework/Versions/A/LangAnalysis
0x00000000092f8000 	/System/Library/Frameworks/ApplicationServices.framework/Versions/A/Frameworks/PrintCore.framework/Versions/A/PrintCore
0x00000000092f8000 	/System/Library/Frameworks/ApplicationServices.framework/Versions/A/Frameworks/QD.framework/Versions/A/QD
0x00000000092f8000 	/System/Library/Frameworks/ApplicationServices.framework/Versions/A/Frameworks/SpeechSynthesis.framework/Versions/A/SpeechSynthesis
0x00000000092f8000 	/System/Library/Frameworks/Metal.framework/Versions/A/Metal
0x00000000092f8000 	/System/Library/Frameworks/Accelerate.framework/Versions/A/Frameworks/vImage.framework/Versions/A/vImage
0x00000000092f8000 	/System/Library/Frameworks/Accelerate.framework/Versions/A/Frameworks/vecLib.framework/Versions/A/vecLib
0x00000000092f8000 	/System/Library/Frameworks/Accelerate.framework/Versions/A/Frameworks/vecLib.framework/Versions/A/libvDSP.dylib
0x00000000092f8000 	/System/Library/Frameworks/Accelerate.framework/Versions/A/Frameworks/vecLib.framework/Versions/A/libvMisc.dylib
0x00000000092f8000 	/System/Library/Frameworks/Accelerate.framework/Versions/A/Frameworks/vecLib.framework/Versions/A/libLAPACK.dylib
0x00000000092f8000 	/System/Library/Frameworks/Accelerate.framework/Versions/A/Frameworks/vecLib.framework/Versions/A/libBLAS.dylib
0x00000000092f8000 	/System/Library/Frameworks/Accelerate.framework/Versions/A/Frameworks/vecLib.framework/Versions/A/libLinearAlgebra.dylib
0x00000000092f8000 	/System/Library/Frameworks/Accelerate.framework/Versions/A/Frameworks/vecLib.framework/Versions/A/libSparseBLAS.dylib
0x00000000092f8000 	/System/Library/PrivateFrameworks/GPUCompiler.framework/libmetal_timestamp.dylib
0x00000000092f8000 	/System/Library/Frameworks/OpenGL.framework/Versions/A/Libraries/libCoreFSCache.dylib
0x00000000092f8000 	/System/Library/PrivateFrameworks/IOAccelerator.framework/Versions/A/IOAccelerator
0x00000000092f8000 	/System/Library/Frameworks/ApplicationServices.framework/Versions/A/Frameworks/ATS.framework/Versions/A/Resources/libFontParser.dylib
0x00000000092f8000 	/System/Library/Frameworks/ApplicationServices.framework/Versions/A/Frameworks/ATS.framework/Versions/A/Resources/libFontRegistry.dylib
0x00000000092f8000 	/System/Library/PrivateFrameworks/AppleVPA.framework/Versions/A/AppleVPA
0x00000000092f8000 	/System/Library/PrivateFrameworks/AppleJPEG.framework/Versions/A/AppleJPEG
0x00000000092f8000 	/System/Library/Frameworks/ImageIO.framework/Versions/A/Resources/libJPEG.dylib
0x00000000092f8000 	/System/Library/Frameworks/ImageIO.framework/Versions/A/Resources/libTIFF.dylib
0x00000000092f8000 	/System/Library/Frameworks/ImageIO.framework/Versions/A/Resources/libPng.dylib
0x00000000092f8000 	/System/Library/Frameworks/ImageIO.framework/Versions/A/Resources/libGIF.dylib
0x00000000092f8000 	/System/Library/Frameworks/ImageIO.framework/Versions/A/Resources/libJP2.dylib
0x00000000092f8000 	/System/Library/Frameworks/ImageIO.framework/Versions/A/Resources/libRadiance.dylib
0x00000000092f8000 	/System/Library/Frameworks/CoreVideo.framework/Versions/A/CoreVideo
0x00000000092f8000 	/System/Library/Frameworks/OpenGL.framework/Versions/A/Libraries/libGLU.dylib
0x00000000092f8000 	/System/Library/Frameworks/OpenGL.framework/Versions/A/Libraries/libGFXShared.dylib
0x00000000092f8000 	/System/Library/Frameworks/OpenGL.framework/Versions/A/Libraries/libGL.dylib
0x00000000092f8000 	/System/Library/Frameworks/OpenGL.framework/Versions/A/Libraries/libGLImage.dylib
0x00000000092f8000 	/System/Library/Frameworks/OpenGL.framework/Versions/A/Libraries/libCVMSPluginSupport.dylib
0x00000000092f8000 	/System/Library/Frameworks/OpenGL.framework/Versions/A/Libraries/libCoreVMClient.dylib
0x00000000092f8000 	/usr/lib/libcups.2.dylib
0x00000000092f8000 	/System/Library/Frameworks/Kerberos.framework/Versions/A/Kerberos
0x00000000092f8000 	/System/Library/Frameworks/GSS.framework/Versions/A/GSS
0x00000000092f8000 	/usr/lib/libresolv.9.dylib
0x00000000092f8000 	/usr/lib/libiconv.2.dylib
0x00000000092f8000 	/System/Library/PrivateFrameworks/Heimdal.framework/Versions/A/Heimdal
0x00000000092f8000 	/usr/lib/libheimdal-asn1.dylib
0x00000000092f8000 	/System/Library/Frameworks/OpenDirectory.framework/Versions/A/OpenDirectory
0x00000000092f8000 	/System/Library/PrivateFrameworks/CommonAuth.framework/Versions/A/CommonAuth
0x00000000092f8000 	/System/Library/Frameworks/OpenDirectory.framework/Versions/A/Frameworks/CFOpenDirectory.framework/Versions/A/CFOpenDirectory
0x00000000092f8000 	/System/Library/Frameworks/SecurityFoundation.framework/Versions/A/SecurityFoundation
0x00000000092f8000 	/System/Library/PrivateFrameworks/LanguageModeling.framework/Versions/A/LanguageModeling
0x00000000092f8000 	/usr/lib/libmarisa.dylib
0x00000000092f8000 	/usr/lib/libChineseTokenizer.dylib
0x00000000092f8000 	/usr/lib/libcmph.dylib
0x00000000092f8000 	/usr/lib/libcompression.dylib
0x00000000092f8000 	/System/Library/Frameworks/ServiceManagement.framework/Versions/A/ServiceManagement
0x00000000092f8000 	/usr/lib/libxslt.1.dylib
0x00000000092f8000 	/System/Library/Frameworks/Carbon.framework/Versions/A/Frameworks/Ink.framework/Versions/A/Ink
0x00000000092f8000 	/usr/lib/libFosl_dynamic.dylib
0x00000000092f8000 	/System/Library/PrivateFrameworks/FaceCore.framework/Versions/A/FaceCore
0x00000000092f8000 	/System/Library/Frameworks/OpenCL.framework/Versions/A/OpenCL
0x00000000092f8000 	/System/Library/PrivateFrameworks/CrashReporterSupport.framework/Versions/A/CrashReporterSupport
0x00000000092f8000 	/System/Library/PrivateFrameworks/IconServices.framework/Versions/A/IconServices
0x00000000092f8000 	/System/Library/PrivateFrameworks/Apple80211.framework/Versions/A/Apple80211
0x00000000092f8000 	/System/Library/Frameworks/CoreWLAN.framework/Versions/A/CoreWLAN
0x00000000092f8000 	/System/Library/Frameworks/IOBluetooth.framework/Versions/A/IOBluetooth
0x00000000092f8000 	/System/Library/PrivateFrameworks/CoreWiFi.framework/Versions/A/CoreWiFi
0x00000000092f8000 	/System/Library/Frameworks/CoreBluetooth.framework/Versions/A/CoreBluetooth
0x00000000092f8000 	/System/Library/PrivateFrameworks/ChunkingLibrary.framework/Versions/A/ChunkingLibrary
0x00000000092f8000 	/System/Library/PrivateFrameworks/DebugSymbols.framework/Versions/A/DebugSymbols
0x00000000092f8000 	/System/Library/PrivateFrameworks/CoreSymbolication.framework/Versions/A/CoreSymbolication
0x00000000092f8000 	/System/Library/PrivateFrameworks/Symbolication.framework/Versions/A/Symbolication
0x00000000092f8000 	/System/Library/PrivateFrameworks/SpeechRecognitionCore.framework/Versions/A/SpeechRecognitionCore
0x000000010f800000 	/Library/Java/JavaVirtualMachines/jdk1.8.0_25.jdk/Contents/Home/jre/lib/server/libjvm.dylib
0x00000000092f8000 	/usr/lib/libstdc++.6.dylib
0x000000010ee27000 	/Library/Java/JavaVirtualMachines/jdk1.8.0_25.jdk/Contents/Home/jre/lib/libverify.dylib
0x000000010ee35000 	/Library/Java/JavaVirtualMachines/jdk1.8.0_25.jdk/Contents/Home/jre/lib/libjava.dylib
0x000000010ee73000 	/Library/Java/JavaVirtualMachines/jdk1.8.0_25.jdk/Contents/Home/jre/lib/libzip.dylib
0x0000000125f09000 	/System/Library/Frameworks/JavaVM.framework/Frameworks/JavaRuntimeSupport.framework/JavaRuntimeSupport
0x0000000125f24000 	/System/Library/Frameworks/JavaVM.framework/Versions/A/Frameworks/JavaNativeFoundation.framework/Versions/A/JavaNativeFoundation
0x000000010efef000 	/System/Library/Frameworks/JavaVM.framework/Versions/A/JavaVM
0x00000000092f8000 	/System/Library/Frameworks/Carbon.framework/Versions/A/Carbon
0x0000000125f39000 	/System/Library/PrivateFrameworks/JavaLaunching.framework/Versions/A/JavaLaunching
0x00000000092f8000 	/System/Library/Frameworks/Carbon.framework/Versions/A/Frameworks/CommonPanels.framework/Versions/A/CommonPanels
0x00000000092f8000 	/System/Library/Frameworks/Carbon.framework/Versions/A/Frameworks/Help.framework/Versions/A/Help
0x00000000092f8000 	/System/Library/Frameworks/Carbon.framework/Versions/A/Frameworks/ImageCapture.framework/Versions/A/ImageCapture
0x00000000092f8000 	/System/Library/Frameworks/Carbon.framework/Versions/A/Frameworks/OpenScripting.framework/Versions/A/OpenScripting
0x00000000092f8000 	/System/Library/Frameworks/Carbon.framework/Versions/A/Frameworks/Print.framework/Versions/A/Print
0x00000000092f8000 	/System/Library/Frameworks/Carbon.framework/Versions/A/Frameworks/SecurityHI.framework/Versions/A/SecurityHI
0x00000001278e5000 	/Library/Java/JavaVirtualMachines/jdk1.8.0_25.jdk/Contents/Home/jre/lib/libprism_es2.dylib
0x00000000092f8000 	/System/Library/Frameworks/OpenGL.framework/Versions/A/Resources/GLEngine.bundle/GLEngine
0x00000000092f8000 	/System/Library/Frameworks/OpenGL.framework/Versions/A/Libraries/libGLProgrammability.dylib
0x0000000127966000 	/System/Library/Extensions/AppleIntelHD5000GraphicsGLDriver.bundle/Contents/MacOS/AppleIntelHD5000GraphicsGLDriver
0x00000000092f8000 	/System/Library/PrivateFrameworks/GPUSupport.framework/Versions/A/Libraries/libGPUSupportMercury.dylib
0x00000000092f8000 	/System/Library/Frameworks/OpenGL.framework/Versions/A/Resources/GLRendererFloat.bundle/GLRendererFloat
0x00000000092f8000 	/System/Library/Frameworks/OpenCL.framework/Versions/A/Libraries/libcldcpuengine.dylib
0x00000000092f8000 	/System/Library/PrivateFrameworks/DiskImages.framework/Versions/A/DiskImages
0x00000000092f8000 	/System/Library/Frameworks/DiscRecording.framework/Versions/A/DiscRecording
0x00000000092f8000 	/usr/lib/libcsfde.dylib
0x00000000092f8000 	/usr/lib/libcurl.4.dylib
0x00000000092f8000 	/System/Library/PrivateFrameworks/MediaKit.framework/Versions/A/MediaKit
0x00000000092f8000 	/System/Library/PrivateFrameworks/ProtectedCloudStorage.framework/Versions/A/ProtectedCloudStorage
0x00000000092f8000 	/usr/lib/libCoreStorage.dylib
0x00000000092f8000 	/System/Library/PrivateFrameworks/EFILogin.framework/Versions/A/EFILogin
0x00000000092f8000 	/usr/lib/libutil.dylib
0x00000000092f8000 	/System/Library/PrivateFrameworks/FindMyDevice.framework/Versions/A/FindMyDevice
0x00000000092f8000 	/System/Library/Frameworks/LDAP.framework/Versions/A/LDAP
0x00000000092f8000 	/usr/lib/libsasl2.2.dylib
0x00000000092f8000 	/System/Library/PrivateFrameworks/CoreDaemon.framework/Versions/B/CoreDaemon
0x00000000092f8000 	/usr/lib/libcrypto.0.9.8.dylib
0x00000000092f8000 	/System/Library/PrivateFrameworks/AppleSRP.framework/Versions/A/AppleSRP
0x00000000092f8000 	/System/Library/PrivateFrameworks/TrustEvaluationAgent.framework/Versions/A/TrustEvaluationAgent
0x00000001284e8000 	/Library/Java/JavaVirtualMachines/jdk1.8.0_25.jdk/Contents/Home/jre/lib/libglass.dylib
0x00000000092f8000 	/System/Library/PrivateFrameworks/CoreServicesInternal.framework/Versions/A/CoreServicesInternal
0x00000000092f8000 	/System/Library/CoreServices/RawCamera.bundle/Contents/MacOS/RawCamera
0x00000000092f8000 	/System/Library/Frameworks/CoreGraphics.framework/Versions/A/Resources/libRIP.A.dylib
0x00000000092f8000 	/System/Library/Frameworks/Accelerate.framework/Versions/A/Frameworks/vImage.framework/Versions/A/Libraries/libCGInterfaces.dylib
0x00000000092f8000 	/System/Library/PrivateFrameworks/FamilyControls.framework/Versions/A/FamilyControls
0x00000000092f8000 	/System/Library/PrivateFrameworks/CommerceKit.framework/Versions/A/Frameworks/CommerceCore.framework/Versions/A/CommerceCore
0x00000000092f8000 	/System/Library/PrivateFrameworks/SystemAdministration.framework/Versions/A/SystemAdministration
0x00000000092f8000 	/System/Library/PrivateFrameworks/AppContainer.framework/Versions/A/AppContainer
0x00000000092f8000 	/System/Library/PrivateFrameworks/SecCodeWrapper.framework/Versions/A/SecCodeWrapper
0x00000000092f8000 	/System/Library/Frameworks/DirectoryService.framework/Versions/A/DirectoryService
0x00000000092f8000 	/System/Library/PrivateFrameworks/LoginUIKit.framework/Versions/A/Frameworks/LoginUICore.framework/Versions/A/LoginUICore
0x00000000092f8000 	/usr/lib/libodfde.dylib
0x000000012b314000 	/Library/Java/JavaVirtualMachines/jdk1.8.0_25.jdk/Contents/Home/jre/lib/libjavafx_font.dylib
0x00000000092f8000 	/System/Library/Frameworks/CoreGraphics.framework/Versions/A/Resources/libCGXType.A.dylib
0x000000012d379000 	cl_kernels
0x00000000092f8000 	/System/Library/Frameworks/OpenCL.framework/Versions/A/Libraries/ImageFormats/unorm8_bgra.dylib
0x00000000092f8000 	/System/Library/Frameworks/OpenCL.framework/Versions/A/Libraries/ImageFormats/unorm8_rgba.dylib
0x000000012de96000 	/Library/Java/JavaVirtualMachines/jdk1.8.0_25.jdk/Contents/Home/jre/lib/libprism_common.dylib
0x000000012ef61000 	/System/Library/Extensions/AppleIntelHD5000GraphicsMTLDriver.bundle/Contents/MacOS/AppleIntelHD5000GraphicsMTLDriver

VM Arguments:
jvm_args: -Dfile.encoding=UTF-8 
java_command: application.Main
java_class_path (initial): /Users/dez/Documents/workspace/Interface/bin
Launcher Type: SUN_STANDARD

Environment Variables:
PATH=/usr/bin:/bin:/usr/sbin:/sbin
SHELL=/bin/bash
DISPLAY=/private/tmp/com.apple.launchd.KTy7hhQ0PP/org.macosforge.xquartz:0

Signal Handlers:
SIGSEGV: [libjvm.dylib+0x579dc7], sa_mask[0]=11111111011111110111111111111111, sa_flags=SA_ONSTACK|SA_RESTART|SA_SIGINFO
SIGBUS: [libjvm.dylib+0x579dc7], sa_mask[0]=11111111011111110111111111111111, sa_flags=SA_RESTART|SA_SIGINFO
SIGFPE: [libjvm.dylib+0x45b030], sa_mask[0]=11111111011111110111111111111111, sa_flags=SA_RESTART|SA_SIGINFO
SIGPIPE: [libjvm.dylib+0x45b030], sa_mask[0]=11111111011111110111111111111111, sa_flags=SA_RESTART|SA_SIGINFO
SIGXFSZ: [libjvm.dylib+0x45b030], sa_mask[0]=11111111011111110111111111111111, sa_flags=SA_RESTART|SA_SIGINFO
SIGILL: [libjvm.dylib+0x45b030], sa_mask[0]=11111111011111110111111111111111, sa_flags=SA_RESTART|SA_SIGINFO
SIGUSR1: SIG_DFL, sa_mask[0]=00000000000000000000000000000000, sa_flags=none
SIGUSR2: [libjvm.dylib+0x45ab4e], sa_mask[0]=00100000000000000000000000000000, sa_flags=SA_RESTART|SA_SIGINFO
SIGHUP: [libjvm.dylib+0x459121], sa_mask[0]=11111111011111110111111111111111, sa_flags=SA_RESTART|SA_SIGINFO
SIGINT: [libjvm.dylib+0x459121], sa_mask[0]=11111111011111110111111111111111, sa_flags=SA_RESTART|SA_SIGINFO
SIGTERM: [libjvm.dylib+0x459121], sa_mask[0]=11111111011111110111111111111111, sa_flags=SA_RESTART|SA_SIGINFO
SIGQUIT: [libjvm.dylib+0x459121], sa_mask[0]=11111111011111110111111111111111, sa_flags=SA_RESTART|SA_SIGINFO


---------------  S Y S T E M  ---------------

OS:Bsduname:Darwin 15.4.0 Darwin Kernel Version 15.4.0: Fri Feb 26 22:08:05 PST 2016; root:xnu-3248.40.184~3/RELEASE_X86_64 x86_64
rlimit: STACK 8192k, CORE 0k, NPROC 709, NOFILE 10240, AS infinity
load average:2.32 2.47 2.33

CPU:total 4 (2 cores per cpu, 2 threads per core) family 6 model 69 stepping 1, cmov, cx8, fxsr, mmx, sse, sse2, sse3, ssse3, sse4.1, sse4.2, popcnt, avx, avx2, aes, clmul, erms, lzcnt, ht, tsc, tscinvbit, bmi1, bmi2

Memory: 4k page, physical 8388608k(1564368k free)

/proc/meminfo:


vm_info: Java HotSpot(TM) 64-Bit Server VM (25.25-b02) for bsd-amd64 JRE (1.8.0_25-b17), built on Sep 17 2014 16:56:50 by "java_re" with gcc 4.2.1 (Based on Apple Inc. build 5658) (LLVM build 2336.11.00)

time: Wed Apr 27 10:55:15 2016
elapsed time: 1281 seconds (0d 0h 21m 21s)

