#
# A fatal error has been detected by the Java Runtime Environment:
#
#  SIGSEGV (0xb) at pc=0x0000000119bf93fd, pid=3175, tid=2571
#
# JRE version: Java(TM) SE Runtime Environment (8.0_25-b17) (build 1.8.0_25-b17)
# Java VM: Java HotSpot(TM) 64-Bit Server VM (25.25-b02 mixed mode bsd-amd64 compressed oops)
# Problematic frame:
# C  [libglass.dylib+0x163fd]  GlassScreenDidChangeScreenParameters+0x9d
#
# Failed to write core dump. Core dumps have been disabled. To enable core dumping, try "ulimit -c unlimited" before starting Java again
#
# If you would like to submit a bug report, please visit:
#   http://bugreport.sun.com/bugreport/crash.jsp
#

---------------  T H R E A D  ---------------

Current thread is native thread

siginfo: si_signo: 11 (SIGSEGV), si_code: 1 (SEGV_MAPERR), si_addr: 0x0000000000000000

Registers:
RAX=0x0000000119c2be40, RBX=0x0000000000000000, RCX=0x0000000000000103, RDX=0x00007fe229ca7bc0
RSP=0x00007fff5f959be0, RBP=0x00007fff5f959bf0, RSI=0x00007fe229d0c708, RDI=0x0000000000000000
R8 =0x0000000000000040, R9 =0x00007fff7c2e71e0, R10=0xffffffffffffffff, R11=0x0000000000000246
R12=0x00007fe229d982c0, R13=0x00007fe229f2e790, R14=0x00007fe229f2e850, R15=0x0000000000000000
RIP=0x0000000119bf93fd, EFLAGS=0x0000000000010206, ERR=0x0000000000000004
  TRAPNO=0x000000000000000e

Top of Stack: (sp=0x00007fff5f959be0)
0x00007fff5f959be0:   00007fff5f959c38 00007fe229f2e850
0x00007fff5f959bf0:   00007fff5f959c00 00007fff948cf70c
0x00007fff5f959c00:   00007fff5f959c20 00007fff948cf67f
0x00007fff5f959c10:   0000000000000000 0000000000000000
0x00007fff5f959c20:   00007fff5f959c90 00007fff948ced47
0x00007fff5f959c30:   00007fff94c087ed 00007fff7aafe0a0
0x00007fff5f959c40:   0000000042000000 00007fff948cf640
0x00007fff5f959c50:   00007fff7c18e720 00007fe229f2e790
0x00007fff5f959c60:   00007fe229d982c0 00007fff5f95a438
0x00007fff5f959c70:   00007fff7c2bb780 00007fff5f95a438
0x00007fff5f959c80:   00007fe229f2e790 00007fff94c07b0f
0x00007fff5f959c90:   00007fff5f959cd0 00007fff948ceab2
0x00007fff5f959ca0:   00007fff5f95a2b0 0000000000000000
0x00007fff5f959cb0:   00007fff7c2bb780 00007fff5f95a438
0x00007fff5f959cc0:   00007fff964c74c0 00007fff94c07b0f
0x00007fff5f959cd0:   00007fff5f95a3e0 00007fff948c8d42
0x00007fff5f959ce0:   00007fe229d47500 0000000000000002
0x00007fff5f959cf0:   0000000000000000 00007fe229c13700
0x00007fff5f959d00:   00007fe22a800048 00007fe229c5ceb0
0x00007fff5f959d10:   0000000000000000 00007fe229f2e8b0
0x00007fff5f959d20:   0000000000000000 0000000000000000
0x00007fff5f959d30:   00007fff7c1cbbc0 00007fff5f95a2b0
0x00007fff5f959d40:   0000000000000001 0000000000000100
0x00007fff5f959d50:   0000000000000500 00007fff5f95a1b0
0x00007fff5f959d60:   0000000000000000 0000000000000100
0x00007fff5f959d70:   4092bc0000000000 00007fff7c2bb780
0x00007fff5f959d80:   0000000000000000 00007fff7c18f500
0x00007fff5f959d90:   00007fff7c2bb780 0000000000000000
0x00007fff5f959da0:   00007fff7c18f500 00007fe229d3ff50
0x00007fff5f959db0:   00007fe229d47500 0000000000000002
0x00007fff5f959dc0:   0000000000000000 00007fff964c74c0
0x00007fff5f959dd0:   00007fff5f959f90 00007fff8df3a348 

Instructions: (pc=0x0000000119bf93fd)
0x0000000119bf93dd:   89 df 4c 89 f1 41 ff 90 68 04 00 00 48 8d 05 58
0x0000000119bf93ed:   29 03 00 48 8b 30 48 8d 05 46 2a 03 00 48 8b 10
0x0000000119bf93fd:   48 8b 0b 30 c0 48 89 df ff 91 68 04 00 00 48 8b
0x0000000119bf940d:   03 48 89 df ff 50 78 48 85 c0 74 36 49 89 c6 48 

Register to memory mapping:

RAX=0x0000000119c2be40: jScreenNotifySettingsChanged+0 in /Library/Java/JavaVirtualMachines/jdk1.8.0_25.jdk/Contents/Home/jre/lib/libglass.dylib at 0x0000000119be3000
RBX=0x0000000000000000 is an unknown value
RCX=0x0000000000000103 is an unknown value
RDX=0x00007fe229ca7bc0 is an unknown value
RSP=0x00007fff5f959be0 is an unknown value
RBP=0x00007fff5f959bf0 is an unknown value
RSI=0x00007fe229d0c708 is a global jni handle
RDI=0x0000000000000000 is an unknown value
R8 =0x0000000000000040 is an unknown value
R9 =0x00007fff7c2e71e0: __sFX+0x1c0 in /usr/lib/system/libsystem_c.dylib at 0x00007fff94d55000
R10=0xffffffffffffffff is an unknown value
R11=0x0000000000000246 is an unknown value
R12=0x00007fe229d982c0 is an unknown value
R13=0x00007fe229f2e790 is an unknown value
R14=0x00007fe229f2e850 is an unknown value
R15=0x0000000000000000 is an unknown value


Stack: [0x00007fff5f15d000,0x00007fff5f95d000],  sp=0x00007fff5f959be0,  free space=8178k
Native frames: (J=compiled Java code, j=interpreted, Vv=VM code, C=native code)
C  [libglass.dylib+0x163fd]  GlassScreenDidChangeScreenParameters+0x9d
C  [CoreFoundation+0x12870c]  __CFNOTIFICATIONCENTER_IS_CALLING_OUT_TO_AN_OBSERVER__+0xc
C  [CoreFoundation+0x12867f]  ___CFXRegistrationPost_block_invoke+0x3f
C  [CoreFoundation+0x127d47]  _CFXRegistrationPost+0x197
C  [CoreFoundation+0x127ab2]  ___CFXNotificationPost_block_invoke+0x32
C  [CoreFoundation+0x121d42]  -[_CFXNotificationRegistrar find:object:observer:enumerator:]+0x782
C  [CoreFoundation+0x10145]  _CFXNotificationPost+0x2b5
C  [Foundation+0x7921]  -[NSNotificationCenter postNotificationName:object:userInfo:]+0x42
C  [AppKit+0x3d9ca8]  -[NSApplication _reactToScreenInvalidationImmediately:]+0x17f
C  [AppKit+0x3d9af9]  __44-[NSApplication _reactToScreenInvalidation:]_block_invoke+0x3b
C  [CoreFoundation+0x7e4ac]  __CFRUNLOOP_IS_CALLING_OUT_TO_A_BLOCK__+0xc
C  [CoreFoundation+0x70165]  __CFRunLoopDoBlocks+0x155
C  [CoreFoundation+0x6fecb]  __CFRunLoopRun+0x92b
C  [CoreFoundation+0x6f338]  CFRunLoopRunSpecific+0x128
C  [java+0x56cc]  CreateExecutionEnvironment+0x367
C  [java+0x165c]  JLI_Launch+0x7a0
C  [java+0x768a]  main+0x65
C  [java+0xeb4]  start+0x34


---------------  P R O C E S S  ---------------

VM state:not at safepoint (normal execution)

VM Mutex/Monitor currently owned by a thread: None

Heap:
 PSYoungGen      total 38912K, used 12222K [0x0000000795580000, 0x0000000798400000, 0x00000007c0000000)
  eden space 31232K, 39% used [0x0000000795580000,0x0000000796167940,0x0000000797400000)
  from space 7680K, 0% used [0x0000000797c00000,0x0000000797c08000,0x0000000798380000)
  to   space 8192K, 0% used [0x0000000797400000,0x0000000797400000,0x0000000797c00000)
 ParOldGen       total 87552K, used 5414K [0x0000000740000000, 0x0000000745580000, 0x0000000795580000)
  object space 87552K, 6% used [0x0000000740000000,0x0000000740549820,0x0000000745580000)
 Metaspace       used 14521K, capacity 15052K, committed 15232K, reserved 1062912K
  class space    used 1930K, capacity 2083K, committed 2176K, reserved 1048576K

Card table byte_map: [0x00000001110dc000,0x00000001114dd000] byte_map_base: 0x000000010d6dc000

Marking Bits: (ParMarkBitMap*) 0x000000010169d390
 Begin Bits: [0x0000000111788000, 0x0000000113788000)
 End Bits:   [0x0000000113788000, 0x0000000115788000)

Polling page: 0x0000000100564000

CodeCache: size=245760Kb used=4045Kb max_used=4059Kb free=241714Kb
 bounds [0x0000000101d1c000, 0x000000010211c000, 0x0000000110d1c000]
 total_blobs=1749 nmethods=1139 adapters=525
 compilation: enabled

Compilation events (10 events):
Event: 14.650 Thread 0x00007fe22b00c000 nmethod 1139 0x00000001020efa50 code [0x00000001020efbc0, 0x00000001020eff08]
Event: 14.650 Thread 0x00007fe22b00c000 1090       4       java.util.regex.Pattern$Node::match (27 bytes)
Event: 14.651 Thread 0x00007fe22b00c000 nmethod 1090 0x00000001020f7ad0 code [0x00000001020f7c20, 0x00000001020f7cd8]
Event: 14.652 Thread 0x00007fe22b029800 nmethod 1138 0x0000000102104e50 code [0x0000000102105020, 0x0000000102105698]
Event: 16.193 Thread 0x00007fe22a841000 1140 % !   3       application.ScannerInput::demanderProfondeur @ 116 (194 bytes)
Event: 16.196 Thread 0x00007fe22a841000 nmethod 1140% 0x000000010210a150 code [0x000000010210a5c0, 0x000000010210d098]
Event: 16.199 Thread 0x00007fe22a841000 1141   !   3       application.ScannerInput::demanderProfondeur (194 bytes)
Event: 16.201 Thread 0x00007fe22a841000 nmethod 1141 0x000000010210ec90 code [0x000000010210f100, 0x0000000102111a78]
Event: 17.567 Thread 0x00007fe22b00c000 1142 % !   4       application.ScannerInput::demanderProfondeur @ 116 (194 bytes)
Event: 17.591 Thread 0x00007fe22b00c000 nmethod 1142% 0x00000001021063d0 code [0x0000000102106600, 0x00000001021071f0]

GC Heap History (10 events):
Event: 17.385 GC heap before
{Heap before GC invocations=4 (full 0):
 PSYoungGen      total 38400K, used 37272K [0x0000000795580000, 0x0000000798000000, 0x00000007c0000000)
  eden space 33280K, 100% used [0x0000000795580000,0x0000000797600000,0x0000000797600000)
  from space 5120K, 77% used [0x0000000797600000,0x00000007979e6040,0x0000000797b00000)
  to   space 5120K, 0% used [0x0000000797b00000,0x0000000797b00000,0x0000000798000000)
 ParOldGen       total 87552K, used 1436K [0x0000000740000000, 0x0000000745580000, 0x0000000795580000)
  object space 87552K, 1% used [0x0000000740000000,0x00000007401672c0,0x0000000745580000)
 Metaspace       used 14521K, capacity 15052K, committed 15232K, reserved 1062912K
  class space    used 1930K, capacity 2083K, committed 2176K, reserved 1048576K
Event: 17.391 GC heap after
Heap after GC invocations=4 (full 0):
 PSYoungGen      total 38400K, used 3992K [0x0000000795580000, 0x0000000798000000, 0x00000007c0000000)
  eden space 33280K, 0% used [0x0000000795580000,0x0000000795580000,0x0000000797600000)
  from space 5120K, 77% used [0x0000000797b00000,0x0000000797ee6040,0x0000000798000000)
  to   space 5120K, 0% used [0x0000000797600000,0x0000000797600000,0x0000000797b00000)
 ParOldGen       total 87552K, used 1436K [0x0000000740000000, 0x0000000745580000, 0x0000000795580000)
  object space 87552K, 1% used [0x0000000740000000,0x00000007401672c0,0x0000000745580000)
 Metaspace       used 14521K, capacity 15052K, committed 15232K, reserved 1062912K
  class space    used 1930K, capacity 2083K, committed 2176K, reserved 1048576K
}
Event: 18.337 GC heap before
{Heap before GC invocations=5 (full 0):
 PSYoungGen      total 38400K, used 37272K [0x0000000795580000, 0x0000000798000000, 0x00000007c0000000)
  eden space 33280K, 100% used [0x0000000795580000,0x0000000797600000,0x0000000797600000)
  from space 5120K, 77% used [0x0000000797b00000,0x0000000797ee6040,0x0000000798000000)
  to   space 5120K, 0% used [0x0000000797600000,0x0000000797600000,0x0000000797b00000)
 ParOldGen       total 87552K, used 1436K [0x0000000740000000, 0x0000000745580000, 0x0000000795580000)
  object space 87552K, 1% used [0x0000000740000000,0x00000007401672c0,0x0000000745580000)
 Metaspace       used 14521K, capacity 15052K, committed 15232K, reserved 1062912K
  class space    used 1930K, capacity 2083K, committed 2176K, reserved 1048576K
Event: 18.347 GC heap after
Heap after GC invocations=5 (full 0):
 PSYoungGen      total 37888K, used 3992K [0x0000000795580000, 0x0000000798380000, 0x00000007c0000000)
  eden space 32768K, 0% used [0x0000000795580000,0x0000000795580000,0x0000000797580000)
  from space 5120K, 77% used [0x0000000797600000,0x00000007979e6040,0x0000000797b00000)
  to   space 7168K, 0% used [0x0000000797c80000,0x0000000797c80000,0x0000000798380000)
 ParOldGen       total 87552K, used 1444K [0x0000000740000000, 0x0000000745580000, 0x0000000795580000)
  object space 87552K, 1% used [0x0000000740000000,0x00000007401692c0,0x0000000745580000)
 Metaspace       used 14521K, capacity 15052K, committed 15232K, reserved 1062912K
  class space    used 1930K, capacity 2083K, committed 2176K, reserved 1048576K
}
Event: 19.313 GC heap before
{Heap before GC invocations=6 (full 0):
 PSYoungGen      total 37888K, used 36760K [0x0000000795580000, 0x0000000798380000, 0x00000007c0000000)
  eden space 32768K, 100% used [0x0000000795580000,0x0000000797580000,0x0000000797580000)
  from space 5120K, 77% used [0x0000000797600000,0x00000007979e6040,0x0000000797b00000)
  to   space 7168K, 0% used [0x0000000797c80000,0x0000000797c80000,0x0000000798380000)
 ParOldGen       total 87552K, used 1444K [0x0000000740000000, 0x0000000745580000, 0x0000000795580000)
  object space 87552K, 1% used [0x0000000740000000,0x00000007401692c0,0x0000000745580000)
 Metaspace       used 14521K, capacity 15052K, committed 15232K, reserved 1062912K
  class space    used 1930K, capacity 2083K, committed 2176K, reserved 1048576K
Event: 19.318 GC heap after
Heap after GC invocations=6 (full 0):
 PSYoungGen      total 38912K, used 3992K [0x0000000795580000, 0x0000000798300000, 0x00000007c0000000)
  eden space 32256K, 0% used [0x0000000795580000,0x0000000795580000,0x0000000797500000)
  from space 6656K, 59% used [0x0000000797c80000,0x0000000798066040,0x0000000798300000)
  to   space 7168K, 0% used [0x0000000797500000,0x0000000797500000,0x0000000797c00000)
 ParOldGen       total 87552K, used 1444K [0x0000000740000000, 0x0000000745580000, 0x0000000795580000)
  object space 87552K, 1% used [0x0000000740000000,0x00000007401692c0,0x0000000745580000)
 Metaspace       used 14521K, capacity 15052K, committed 15232K, reserved 1062912K
  class space    used 1930K, capacity 2083K, committed 2176K, reserved 1048576K
}
Event: 20.318 GC heap before
{Heap before GC invocations=7 (full 0):
 PSYoungGen      total 38912K, used 36248K [0x0000000795580000, 0x0000000798300000, 0x00000007c0000000)
  eden space 32256K, 100% used [0x0000000795580000,0x0000000797500000,0x0000000797500000)
  from space 6656K, 59% used [0x0000000797c80000,0x0000000798066040,0x0000000798300000)
  to   space 7168K, 0% used [0x0000000797500000,0x0000000797500000,0x0000000797c00000)
 ParOldGen       total 87552K, used 1444K [0x0000000740000000, 0x0000000745580000, 0x0000000795580000)
  object space 87552K, 1% used [0x0000000740000000,0x00000007401692c0,0x0000000745580000)
 Metaspace       used 14521K, capacity 15052K, committed 15232K, reserved 1062912K
  class space    used 1930K, capacity 2083K, committed 2176K, reserved 1048576K
Event: 20.325 GC heap after
Heap after GC invocations=7 (full 0):
 PSYoungGen      total 38912K, used 96K [0x0000000795580000, 0x0000000798380000, 0x00000007c0000000)
  eden space 31744K, 0% used [0x0000000795580000,0x0000000795580000,0x0000000797480000)
  from space 7168K, 1% used [0x0000000797500000,0x0000000797518000,0x0000000797c00000)
  to   space 7680K, 0% used [0x0000000797c00000,0x0000000797c00000,0x0000000798380000)
 ParOldGen       total 87552K, used 5406K [0x0000000740000000, 0x0000000745580000, 0x0000000795580000)
  object space 87552K, 6% used [0x0000000740000000,0x0000000740547820,0x0000000745580000)
 Metaspace       used 14521K, capacity 15052K, committed 15232K, reserved 1062912K
  class space    used 1930K, capacity 2083K, committed 2176K, reserved 1048576K
}
Event: 21.823 GC heap before
{Heap before GC invocations=8 (full 0):
 PSYoungGen      total 38912K, used 31840K [0x0000000795580000, 0x0000000798380000, 0x00000007c0000000)
  eden space 31744K, 100% used [0x0000000795580000,0x0000000797480000,0x0000000797480000)
  from space 7168K, 1% used [0x0000000797500000,0x0000000797518000,0x0000000797c00000)
  to   space 7680K, 0% used [0x0000000797c00000,0x0000000797c00000,0x0000000798380000)
 ParOldGen       total 87552K, used 5406K [0x0000000740000000, 0x0000000745580000, 0x0000000795580000)
  object space 87552K, 6% used [0x0000000740000000,0x0000000740547820,0x0000000745580000)
 Metaspace       used 14521K, capacity 15052K, committed 15232K, reserved 1062912K
  class space    used 1930K, capacity 2083K, committed 2176K, reserved 1048576K
Event: 21.824 GC heap after
Heap after GC invocations=8 (full 0):
 PSYoungGen      total 38912K, used 32K [0x0000000795580000, 0x0000000798400000, 0x00000007c0000000)
  eden space 31232K, 0% used [0x0000000795580000,0x0000000795580000,0x0000000797400000)
  from space 7680K, 0% used [0x0000000797c00000,0x0000000797c08000,0x0000000798380000)
  to   space 8192K, 0% used [0x0000000797400000,0x0000000797400000,0x0000000797c00000)
 ParOldGen       total 87552K, used 5414K [0x0000000740000000, 0x0000000745580000, 0x0000000795580000)
  object space 87552K, 6% used [0x0000000740000000,0x0000000740549820,0x0000000745580000)
 Metaspace       used 14521K, capacity 15052K, committed 15232K, reserved 1062912K
  class space    used 1930K, capacity 2083K, committed 2176K, reserved 1048576K
}

Deoptimization events (10 events):
Event: 0.790 Thread 0x00007fe22a0e5000 Uncommon trap: reason=unreached action=reinterpret pc=0x0000000101f8f850 method=java.util.HashMap.hash(Ljava/lang/Object;)I @ 1
Event: 0.945 Thread 0x00007fe22a0e5000 Uncommon trap: reason=class_check action=maybe_recompile pc=0x0000000101f77890 method=java.io.DataInputStream.readShort()S @ 4
Event: 0.945 Thread 0x00007fe22a0e5000 Uncommon trap: reason=class_check action=maybe_recompile pc=0x0000000101f77890 method=java.io.DataInputStream.readShort()S @ 4
Event: 0.945 Thread 0x00007fe22a0e5000 Uncommon trap: reason=class_check action=maybe_recompile pc=0x0000000101f77890 method=java.io.DataInputStream.readShort()S @ 4
Event: 0.945 Thread 0x00007fe22a0e5000 Uncommon trap: reason=class_check action=maybe_recompile pc=0x0000000101f77890 method=java.io.DataInputStream.readShort()S @ 4
Event: 0.950 Thread 0x00007fe22a0e5000 Uncommon trap: reason=class_check action=maybe_recompile pc=0x0000000101e4015c method=java.lang.String.equals(Ljava/lang/Object;)Z @ 8
Event: 0.950 Thread 0x00007fe22a0e5000 Uncommon trap: reason=class_check action=maybe_recompile pc=0x0000000101e4015c method=java.lang.String.equals(Ljava/lang/Object;)Z @ 8
Event: 0.950 Thread 0x00007fe22a0e5000 Uncommon trap: reason=class_check action=maybe_recompile pc=0x0000000101e4015c method=java.lang.String.equals(Ljava/lang/Object;)Z @ 8
Event: 1.169 Thread 0x00007fe22a0e5000 Uncommon trap: reason=unloaded action=reinterpret pc=0x0000000101f66d58 method=java.lang.CharacterData.of(I)Ljava/lang/CharacterData; @ 96
Event: 1.207 Thread 0x00007fe22a0e5000 Uncommon trap: reason=class_check action=maybe_recompile pc=0x0000000101e4015c method=java.lang.String.equals(Ljava/lang/Object;)Z @ 8

Internal exceptions (10 events):
Event: 2.194 Thread 0x00007fe22a0e5000 Exception <a 'java/security/PrivilegedActionException'> (0x00000007971c54a0) thrown at [/HUDSON3/workspace/8-2-build-macosx-x86_64/jdk8u25/1514/hotspot/src/share/vm/prims/jvm.cpp, line 1312]
Event: 2.202 Thread 0x00007fe22a294800 Exception <a 'java/security/PrivilegedActionException'> (0x00000007971e2b38) thrown at [/HUDSON3/workspace/8-2-build-macosx-x86_64/jdk8u25/1514/hotspot/src/share/vm/prims/jvm.cpp, line 1312]
Event: 2.202 Thread 0x00007fe22a294800 Exception <a 'java/security/PrivilegedActionException'> (0x00000007971e4578) thrown at [/HUDSON3/workspace/8-2-build-macosx-x86_64/jdk8u25/1514/hotspot/src/share/vm/prims/jvm.cpp, line 1312]
Event: 2.204 Thread 0x00007fe22a294800 Exception <a 'java/security/PrivilegedActionException'> (0x00000007971f0b90) thrown at [/HUDSON3/workspace/8-2-build-macosx-x86_64/jdk8u25/1514/hotspot/src/share/vm/prims/jvm.cpp, line 1312]
Event: 2.204 Thread 0x00007fe22a294800 Exception <a 'java/security/PrivilegedActionException'> (0x00000007971f3330) thrown at [/HUDSON3/workspace/8-2-build-macosx-x86_64/jdk8u25/1514/hotspot/src/share/vm/prims/jvm.cpp, line 1312]
Event: 8.788 Thread 0x00007fe22a294800 Exception <a 'java/security/PrivilegedActionException'> (0x000000079720d628) thrown at [/HUDSON3/workspace/8-2-build-macosx-x86_64/jdk8u25/1514/hotspot/src/share/vm/prims/jvm.cpp, line 1312]
Event: 8.788 Thread 0x00007fe22a294800 Exception <a 'java/security/PrivilegedActionException'> (0x00000007972113a0) thrown at [/HUDSON3/workspace/8-2-build-macosx-x86_64/jdk8u25/1514/hotspot/src/share/vm/prims/jvm.cpp, line 1312]
Event: 8.789 Thread 0x00007fe22a294800 Exception <a 'java/security/PrivilegedActionException'> (0x0000000797213250) thrown at [/HUDSON3/workspace/8-2-build-macosx-x86_64/jdk8u25/1514/hotspot/src/share/vm/prims/jvm.cpp, line 1312]
Event: 8.790 Thread 0x00007fe22a294800 Exception <a 'java/security/PrivilegedActionException'> (0x0000000797215698) thrown at [/HUDSON3/workspace/8-2-build-macosx-x86_64/jdk8u25/1514/hotspot/src/share/vm/prims/jvm.cpp, line 1312]
Event: 8.790 Thread 0x00007fe22a294800 Exception <a 'java/lang/NullPointerException'> (0x0000000797217b78) thrown at [/HUDSON3/workspace/8-2-build-macosx-x86_64/jdk8u25/1514/hotspot/src/share/vm/interpreter/linkResolver.cpp, line 1178]

Events (10 events):
Event: 17.919 Thread 0x00007fe22a294800 DEOPT PACKING pc=0x000000010210cae5 sp=0x00007000017e4480
Event: 17.919 Thread 0x00007fe22a294800 DEOPT UNPACKING pc=0x0000000101d63373 sp=0x00007000017e42d0 mode 0
Event: 18.337 Executing VM operation: ParallelGCFailedAllocation
Event: 18.347 Executing VM operation: ParallelGCFailedAllocation done
Event: 19.313 Executing VM operation: ParallelGCFailedAllocation
Event: 19.318 Executing VM operation: ParallelGCFailedAllocation done
Event: 20.318 Executing VM operation: ParallelGCFailedAllocation
Event: 20.325 Executing VM operation: ParallelGCFailedAllocation done
Event: 21.822 Executing VM operation: ParallelGCFailedAllocation
Event: 21.824 Executing VM operation: ParallelGCFailedAllocation done


Dynamic libraries:
0x0000000009e8a000 	/System/Library/Frameworks/Cocoa.framework/Versions/A/Cocoa
0x0000000009e8a000 	/System/Library/Frameworks/Security.framework/Versions/A/Security
0x0000000009e8a000 	/System/Library/Frameworks/ApplicationServices.framework/Versions/A/ApplicationServices
0x0000000009e8a000 	/usr/lib/libz.1.dylib
0x0000000009e8a000 	/usr/lib/libSystem.B.dylib
0x0000000009e8a000 	/usr/lib/libobjc.A.dylib
0x0000000009e8a000 	/System/Library/Frameworks/CoreFoundation.framework/Versions/A/CoreFoundation
0x0000000009e8a000 	/System/Library/Frameworks/Foundation.framework/Versions/C/Foundation
0x0000000009e8a000 	/System/Library/Frameworks/AppKit.framework/Versions/C/AppKit
0x0000000009e8a000 	/System/Library/Frameworks/CoreData.framework/Versions/A/CoreData
0x0000000009e8a000 	/System/Library/PrivateFrameworks/RemoteViewServices.framework/Versions/A/RemoteViewServices
0x0000000009e8a000 	/System/Library/PrivateFrameworks/UIFoundation.framework/Versions/A/UIFoundation
0x0000000009e8a000 	/usr/lib/libScreenReader.dylib
0x0000000009e8a000 	/System/Library/Frameworks/Accelerate.framework/Versions/A/Accelerate
0x0000000009e8a000 	/System/Library/Frameworks/IOSurface.framework/Versions/A/IOSurface
0x0000000009e8a000 	/System/Library/Frameworks/AudioToolbox.framework/Versions/A/AudioToolbox
0x0000000009e8a000 	/System/Library/Frameworks/AudioUnit.framework/Versions/A/AudioUnit
0x0000000009e8a000 	/System/Library/PrivateFrameworks/DataDetectorsCore.framework/Versions/A/DataDetectorsCore
0x0000000009e8a000 	/System/Library/PrivateFrameworks/DesktopServicesPriv.framework/Versions/A/DesktopServicesPriv
0x0000000009e8a000 	/System/Library/Frameworks/Carbon.framework/Versions/A/Frameworks/HIToolbox.framework/Versions/A/HIToolbox
0x0000000009e8a000 	/System/Library/Frameworks/QuartzCore.framework/Versions/A/QuartzCore
0x0000000009e8a000 	/System/Library/Frameworks/Carbon.framework/Versions/A/Frameworks/SpeechRecognition.framework/Versions/A/SpeechRecognition
0x0000000009e8a000 	/usr/lib/libauto.dylib
0x0000000009e8a000 	/usr/lib/libicucore.A.dylib
0x0000000009e8a000 	/usr/lib/libxml2.2.dylib
0x0000000009e8a000 	/System/Library/PrivateFrameworks/CoreUI.framework/Versions/A/CoreUI
0x0000000009e8a000 	/System/Library/Frameworks/CoreAudio.framework/Versions/A/CoreAudio
0x0000000009e8a000 	/System/Library/Frameworks/DiskArbitration.framework/Versions/A/DiskArbitration
0x0000000009e8a000 	/usr/lib/liblangid.dylib
0x0000000009e8a000 	/System/Library/PrivateFrameworks/MultitouchSupport.framework/Versions/A/MultitouchSupport
0x0000000009e8a000 	/System/Library/Frameworks/IOKit.framework/Versions/A/IOKit
0x0000000009e8a000 	/usr/lib/libDiagnosticMessagesClient.dylib
0x0000000009e8a000 	/System/Library/Frameworks/CoreServices.framework/Versions/A/CoreServices
0x0000000009e8a000 	/System/Library/PrivateFrameworks/PerformanceAnalysis.framework/Versions/A/PerformanceAnalysis
0x0000000009e8a000 	/System/Library/PrivateFrameworks/GenerationalStorage.framework/Versions/A/GenerationalStorage
0x0000000009e8a000 	/System/Library/Frameworks/OpenGL.framework/Versions/A/OpenGL
0x0000000009e8a000 	/System/Library/PrivateFrameworks/Sharing.framework/Versions/A/Sharing
0x0000000009e8a000 	/System/Library/Frameworks/CoreGraphics.framework/Versions/A/CoreGraphics
0x0000000009e8a000 	/System/Library/Frameworks/CoreImage.framework/Versions/A/CoreImage
0x0000000009e8a000 	/System/Library/Frameworks/CoreText.framework/Versions/A/CoreText
0x0000000009e8a000 	/System/Library/Frameworks/ImageIO.framework/Versions/A/ImageIO
0x0000000009e8a000 	/System/Library/PrivateFrameworks/Backup.framework/Versions/A/Backup
0x0000000009e8a000 	/usr/lib/libextension.dylib
0x0000000009e8a000 	/usr/lib/libarchive.2.dylib
0x0000000009e8a000 	/System/Library/Frameworks/CFNetwork.framework/Versions/A/CFNetwork
0x0000000009e8a000 	/System/Library/Frameworks/SystemConfiguration.framework/Versions/A/SystemConfiguration
0x0000000009e8a000 	/usr/lib/libCRFSuite.dylib
0x0000000009e8a000 	/usr/lib/libc++.1.dylib
0x0000000009e8a000 	/usr/lib/libc++abi.dylib
0x0000000009e8a000 	/usr/lib/system/libcache.dylib
0x0000000009e8a000 	/usr/lib/system/libcommonCrypto.dylib
0x0000000009e8a000 	/usr/lib/system/libcompiler_rt.dylib
0x0000000009e8a000 	/usr/lib/system/libcopyfile.dylib
0x0000000009e8a000 	/usr/lib/system/libcorecrypto.dylib
0x0000000009e8a000 	/usr/lib/system/libdispatch.dylib
0x0000000009e8a000 	/usr/lib/system/libdyld.dylib
0x0000000009e8a000 	/usr/lib/system/libkeymgr.dylib
0x0000000009e8a000 	/usr/lib/system/liblaunch.dylib
0x0000000009e8a000 	/usr/lib/system/libmacho.dylib
0x0000000009e8a000 	/usr/lib/system/libquarantine.dylib
0x0000000009e8a000 	/usr/lib/system/libremovefile.dylib
0x0000000009e8a000 	/usr/lib/system/libsystem_asl.dylib
0x0000000009e8a000 	/usr/lib/system/libsystem_blocks.dylib
0x0000000009e8a000 	/usr/lib/system/libsystem_c.dylib
0x0000000009e8a000 	/usr/lib/system/libsystem_configuration.dylib
0x0000000009e8a000 	/usr/lib/system/libsystem_coreservices.dylib
0x0000000009e8a000 	/usr/lib/system/libsystem_coretls.dylib
0x0000000009e8a000 	/usr/lib/system/libsystem_dnssd.dylib
0x0000000009e8a000 	/usr/lib/system/libsystem_info.dylib
0x0000000009e8a000 	/usr/lib/system/libsystem_kernel.dylib
0x0000000009e8a000 	/usr/lib/system/libsystem_m.dylib
0x0000000009e8a000 	/usr/lib/system/libsystem_malloc.dylib
0x0000000009e8a000 	/usr/lib/system/libsystem_network.dylib
0x0000000009e8a000 	/usr/lib/system/libsystem_networkextension.dylib
0x0000000009e8a000 	/usr/lib/system/libsystem_notify.dylib
0x0000000009e8a000 	/usr/lib/system/libsystem_platform.dylib
0x0000000009e8a000 	/usr/lib/system/libsystem_pthread.dylib
0x0000000009e8a000 	/usr/lib/system/libsystem_sandbox.dylib
0x0000000009e8a000 	/usr/lib/system/libsystem_secinit.dylib
0x0000000009e8a000 	/usr/lib/system/libsystem_trace.dylib
0x0000000009e8a000 	/usr/lib/system/libunc.dylib
0x0000000009e8a000 	/usr/lib/system/libunwind.dylib
0x0000000009e8a000 	/usr/lib/system/libxpc.dylib
0x0000000009e8a000 	/usr/lib/libenergytrace.dylib
0x0000000009e8a000 	/usr/lib/libbsm.0.dylib
0x0000000009e8a000 	/usr/lib/system/libkxld.dylib
0x0000000009e8a000 	/usr/lib/libxar.1.dylib
0x0000000009e8a000 	/usr/lib/libsqlite3.dylib
0x0000000009e8a000 	/usr/lib/libpam.2.dylib
0x0000000009e8a000 	/usr/lib/libOpenScriptingUtil.dylib
0x0000000009e8a000 	/usr/lib/libbz2.1.0.dylib
0x0000000009e8a000 	/usr/lib/liblzma.5.dylib
0x0000000009e8a000 	/System/Library/Frameworks/CoreServices.framework/Versions/A/Frameworks/FSEvents.framework/Versions/A/FSEvents
0x0000000009e8a000 	/System/Library/Frameworks/CoreServices.framework/Versions/A/Frameworks/CarbonCore.framework/Versions/A/CarbonCore
0x0000000009e8a000 	/System/Library/Frameworks/CoreServices.framework/Versions/A/Frameworks/Metadata.framework/Versions/A/Metadata
0x0000000009e8a000 	/System/Library/Frameworks/CoreServices.framework/Versions/A/Frameworks/OSServices.framework/Versions/A/OSServices
0x0000000009e8a000 	/System/Library/Frameworks/CoreServices.framework/Versions/A/Frameworks/SearchKit.framework/Versions/A/SearchKit
0x0000000009e8a000 	/System/Library/Frameworks/CoreServices.framework/Versions/A/Frameworks/AE.framework/Versions/A/AE
0x0000000009e8a000 	/System/Library/Frameworks/CoreServices.framework/Versions/A/Frameworks/LaunchServices.framework/Versions/A/LaunchServices
0x0000000009e8a000 	/System/Library/Frameworks/CoreServices.framework/Versions/A/Frameworks/DictionaryServices.framework/Versions/A/DictionaryServices
0x0000000009e8a000 	/System/Library/Frameworks/CoreServices.framework/Versions/A/Frameworks/SharedFileList.framework/Versions/A/SharedFileList
0x0000000009e8a000 	/System/Library/Frameworks/NetFS.framework/Versions/A/NetFS
0x0000000009e8a000 	/System/Library/PrivateFrameworks/NetAuth.framework/Versions/A/NetAuth
0x0000000009e8a000 	/System/Library/PrivateFrameworks/login.framework/Versions/A/Frameworks/loginsupport.framework/Versions/A/loginsupport
0x0000000009e8a000 	/System/Library/PrivateFrameworks/TCC.framework/Versions/A/TCC
0x0000000009e8a000 	/usr/lib/libmecabra.dylib
0x0000000009e8a000 	/System/Library/Frameworks/ApplicationServices.framework/Versions/A/Frameworks/ATS.framework/Versions/A/ATS
0x0000000009e8a000 	/System/Library/Frameworks/ApplicationServices.framework/Versions/A/Frameworks/ColorSync.framework/Versions/A/ColorSync
0x0000000009e8a000 	/System/Library/Frameworks/ApplicationServices.framework/Versions/A/Frameworks/HIServices.framework/Versions/A/HIServices
0x0000000009e8a000 	/System/Library/Frameworks/ApplicationServices.framework/Versions/A/Frameworks/LangAnalysis.framework/Versions/A/LangAnalysis
0x0000000009e8a000 	/System/Library/Frameworks/ApplicationServices.framework/Versions/A/Frameworks/PrintCore.framework/Versions/A/PrintCore
0x0000000009e8a000 	/System/Library/Frameworks/ApplicationServices.framework/Versions/A/Frameworks/QD.framework/Versions/A/QD
0x0000000009e8a000 	/System/Library/Frameworks/ApplicationServices.framework/Versions/A/Frameworks/SpeechSynthesis.framework/Versions/A/SpeechSynthesis
0x0000000009e8a000 	/System/Library/Frameworks/Metal.framework/Versions/A/Metal
0x0000000009e8a000 	/System/Library/Frameworks/Accelerate.framework/Versions/A/Frameworks/vImage.framework/Versions/A/vImage
0x0000000009e8a000 	/System/Library/Frameworks/Accelerate.framework/Versions/A/Frameworks/vecLib.framework/Versions/A/vecLib
0x0000000009e8a000 	/System/Library/Frameworks/Accelerate.framework/Versions/A/Frameworks/vecLib.framework/Versions/A/libvDSP.dylib
0x0000000009e8a000 	/System/Library/Frameworks/Accelerate.framework/Versions/A/Frameworks/vecLib.framework/Versions/A/libvMisc.dylib
0x0000000009e8a000 	/System/Library/Frameworks/Accelerate.framework/Versions/A/Frameworks/vecLib.framework/Versions/A/libLAPACK.dylib
0x0000000009e8a000 	/System/Library/Frameworks/Accelerate.framework/Versions/A/Frameworks/vecLib.framework/Versions/A/libBLAS.dylib
0x0000000009e8a000 	/System/Library/Frameworks/Accelerate.framework/Versions/A/Frameworks/vecLib.framework/Versions/A/libLinearAlgebra.dylib
0x0000000009e8a000 	/System/Library/Frameworks/Accelerate.framework/Versions/A/Frameworks/vecLib.framework/Versions/A/libSparseBLAS.dylib
0x0000000009e8a000 	/System/Library/PrivateFrameworks/GPUCompiler.framework/libmetal_timestamp.dylib
0x0000000009e8a000 	/System/Library/Frameworks/OpenGL.framework/Versions/A/Libraries/libCoreFSCache.dylib
0x0000000009e8a000 	/System/Library/PrivateFrameworks/IOAccelerator.framework/Versions/A/IOAccelerator
0x0000000009e8a000 	/System/Library/Frameworks/ApplicationServices.framework/Versions/A/Frameworks/ATS.framework/Versions/A/Resources/libFontParser.dylib
0x0000000009e8a000 	/System/Library/Frameworks/ApplicationServices.framework/Versions/A/Frameworks/ATS.framework/Versions/A/Resources/libFontRegistry.dylib
0x0000000009e8a000 	/System/Library/PrivateFrameworks/AppleVPA.framework/Versions/A/AppleVPA
0x0000000009e8a000 	/System/Library/PrivateFrameworks/AppleJPEG.framework/Versions/A/AppleJPEG
0x0000000009e8a000 	/System/Library/Frameworks/ImageIO.framework/Versions/A/Resources/libJPEG.dylib
0x0000000009e8a000 	/System/Library/Frameworks/ImageIO.framework/Versions/A/Resources/libTIFF.dylib
0x0000000009e8a000 	/System/Library/Frameworks/ImageIO.framework/Versions/A/Resources/libPng.dylib
0x0000000009e8a000 	/System/Library/Frameworks/ImageIO.framework/Versions/A/Resources/libGIF.dylib
0x0000000009e8a000 	/System/Library/Frameworks/ImageIO.framework/Versions/A/Resources/libJP2.dylib
0x0000000009e8a000 	/System/Library/Frameworks/ImageIO.framework/Versions/A/Resources/libRadiance.dylib
0x0000000009e8a000 	/System/Library/Frameworks/CoreVideo.framework/Versions/A/CoreVideo
0x0000000009e8a000 	/System/Library/Frameworks/OpenGL.framework/Versions/A/Libraries/libGLU.dylib
0x0000000009e8a000 	/System/Library/Frameworks/OpenGL.framework/Versions/A/Libraries/libGFXShared.dylib
0x0000000009e8a000 	/System/Library/Frameworks/OpenGL.framework/Versions/A/Libraries/libGL.dylib
0x0000000009e8a000 	/System/Library/Frameworks/OpenGL.framework/Versions/A/Libraries/libGLImage.dylib
0x0000000009e8a000 	/System/Library/Frameworks/OpenGL.framework/Versions/A/Libraries/libCVMSPluginSupport.dylib
0x0000000009e8a000 	/System/Library/Frameworks/OpenGL.framework/Versions/A/Libraries/libCoreVMClient.dylib
0x0000000009e8a000 	/usr/lib/libcups.2.dylib
0x0000000009e8a000 	/System/Library/Frameworks/Kerberos.framework/Versions/A/Kerberos
0x0000000009e8a000 	/System/Library/Frameworks/GSS.framework/Versions/A/GSS
0x0000000009e8a000 	/usr/lib/libresolv.9.dylib
0x0000000009e8a000 	/usr/lib/libiconv.2.dylib
0x0000000009e8a000 	/System/Library/PrivateFrameworks/Heimdal.framework/Versions/A/Heimdal
0x0000000009e8a000 	/usr/lib/libheimdal-asn1.dylib
0x0000000009e8a000 	/System/Library/Frameworks/OpenDirectory.framework/Versions/A/OpenDirectory
0x0000000009e8a000 	/System/Library/PrivateFrameworks/CommonAuth.framework/Versions/A/CommonAuth
0x0000000009e8a000 	/System/Library/Frameworks/OpenDirectory.framework/Versions/A/Frameworks/CFOpenDirectory.framework/Versions/A/CFOpenDirectory
0x0000000009e8a000 	/System/Library/Frameworks/SecurityFoundation.framework/Versions/A/SecurityFoundation
0x0000000009e8a000 	/System/Library/PrivateFrameworks/LanguageModeling.framework/Versions/A/LanguageModeling
0x0000000009e8a000 	/usr/lib/libmarisa.dylib
0x0000000009e8a000 	/usr/lib/libChineseTokenizer.dylib
0x0000000009e8a000 	/usr/lib/libcmph.dylib
0x0000000009e8a000 	/usr/lib/libcompression.dylib
0x0000000009e8a000 	/System/Library/Frameworks/ServiceManagement.framework/Versions/A/ServiceManagement
0x0000000009e8a000 	/usr/lib/libxslt.1.dylib
0x0000000009e8a000 	/System/Library/Frameworks/Carbon.framework/Versions/A/Frameworks/Ink.framework/Versions/A/Ink
0x0000000009e8a000 	/usr/lib/libFosl_dynamic.dylib
0x0000000009e8a000 	/System/Library/PrivateFrameworks/FaceCore.framework/Versions/A/FaceCore
0x0000000009e8a000 	/System/Library/Frameworks/OpenCL.framework/Versions/A/OpenCL
0x0000000009e8a000 	/System/Library/PrivateFrameworks/CrashReporterSupport.framework/Versions/A/CrashReporterSupport
0x0000000009e8a000 	/System/Library/PrivateFrameworks/IconServices.framework/Versions/A/IconServices
0x0000000009e8a000 	/System/Library/PrivateFrameworks/Apple80211.framework/Versions/A/Apple80211
0x0000000009e8a000 	/System/Library/Frameworks/CoreWLAN.framework/Versions/A/CoreWLAN
0x0000000009e8a000 	/System/Library/Frameworks/IOBluetooth.framework/Versions/A/IOBluetooth
0x0000000009e8a000 	/System/Library/PrivateFrameworks/CoreWiFi.framework/Versions/A/CoreWiFi
0x0000000009e8a000 	/System/Library/Frameworks/CoreBluetooth.framework/Versions/A/CoreBluetooth
0x0000000009e8a000 	/System/Library/PrivateFrameworks/ChunkingLibrary.framework/Versions/A/ChunkingLibrary
0x0000000009e8a000 	/System/Library/PrivateFrameworks/DebugSymbols.framework/Versions/A/DebugSymbols
0x0000000009e8a000 	/System/Library/PrivateFrameworks/CoreSymbolication.framework/Versions/A/CoreSymbolication
0x0000000009e8a000 	/System/Library/PrivateFrameworks/Symbolication.framework/Versions/A/Symbolication
0x0000000009e8a000 	/System/Library/PrivateFrameworks/SpeechRecognitionCore.framework/Versions/A/SpeechRecognitionCore
0x0000000100e00000 	/Library/Java/JavaVirtualMachines/jdk1.8.0_25.jdk/Contents/Home/jre/lib/server/libjvm.dylib
0x0000000009e8a000 	/usr/lib/libstdc++.6.dylib
0x0000000100522000 	/Library/Java/JavaVirtualMachines/jdk1.8.0_25.jdk/Contents/Home/jre/lib/libverify.dylib
0x0000000100530000 	/Library/Java/JavaVirtualMachines/jdk1.8.0_25.jdk/Contents/Home/jre/lib/libjava.dylib
0x000000010056e000 	/Library/Java/JavaVirtualMachines/jdk1.8.0_25.jdk/Contents/Home/jre/lib/libzip.dylib
0x000000011760b000 	/System/Library/Frameworks/JavaVM.framework/Frameworks/JavaRuntimeSupport.framework/JavaRuntimeSupport
0x00000001005e8000 	/System/Library/Frameworks/JavaVM.framework/Versions/A/Frameworks/JavaNativeFoundation.framework/Versions/A/JavaNativeFoundation
0x0000000117626000 	/System/Library/Frameworks/JavaVM.framework/Versions/A/JavaVM
0x0000000009e8a000 	/System/Library/Frameworks/Carbon.framework/Versions/A/Carbon
0x0000000117633000 	/System/Library/PrivateFrameworks/JavaLaunching.framework/Versions/A/JavaLaunching
0x0000000009e8a000 	/System/Library/Frameworks/Carbon.framework/Versions/A/Frameworks/CommonPanels.framework/Versions/A/CommonPanels
0x0000000009e8a000 	/System/Library/Frameworks/Carbon.framework/Versions/A/Frameworks/Help.framework/Versions/A/Help
0x0000000009e8a000 	/System/Library/Frameworks/Carbon.framework/Versions/A/Frameworks/ImageCapture.framework/Versions/A/ImageCapture
0x0000000009e8a000 	/System/Library/Frameworks/Carbon.framework/Versions/A/Frameworks/OpenScripting.framework/Versions/A/OpenScripting
0x0000000009e8a000 	/System/Library/Frameworks/Carbon.framework/Versions/A/Frameworks/Print.framework/Versions/A/Print
0x0000000009e8a000 	/System/Library/Frameworks/Carbon.framework/Versions/A/Frameworks/SecurityHI.framework/Versions/A/SecurityHI
0x0000000118fe0000 	/Library/Java/JavaVirtualMachines/jdk1.8.0_25.jdk/Contents/Home/jre/lib/libprism_es2.dylib
0x0000000009e8a000 	/System/Library/Frameworks/OpenGL.framework/Versions/A/Resources/GLEngine.bundle/GLEngine
0x0000000009e8a000 	/System/Library/Frameworks/OpenGL.framework/Versions/A/Libraries/libGLProgrammability.dylib
0x0000000119060000 	/System/Library/Extensions/AppleIntelHD5000GraphicsGLDriver.bundle/Contents/MacOS/AppleIntelHD5000GraphicsGLDriver
0x0000000009e8a000 	/System/Library/PrivateFrameworks/GPUSupport.framework/Versions/A/Libraries/libGPUSupportMercury.dylib
0x0000000009e8a000 	/System/Library/Frameworks/OpenGL.framework/Versions/A/Resources/GLRendererFloat.bundle/GLRendererFloat
0x0000000009e8a000 	/System/Library/Frameworks/OpenCL.framework/Versions/A/Libraries/libcldcpuengine.dylib
0x0000000009e8a000 	/System/Library/PrivateFrameworks/DiskImages.framework/Versions/A/DiskImages
0x0000000009e8a000 	/System/Library/Frameworks/DiscRecording.framework/Versions/A/DiscRecording
0x0000000009e8a000 	/usr/lib/libcsfde.dylib
0x0000000009e8a000 	/usr/lib/libcurl.4.dylib
0x0000000009e8a000 	/System/Library/PrivateFrameworks/MediaKit.framework/Versions/A/MediaKit
0x0000000009e8a000 	/System/Library/PrivateFrameworks/ProtectedCloudStorage.framework/Versions/A/ProtectedCloudStorage
0x0000000009e8a000 	/usr/lib/libCoreStorage.dylib
0x0000000009e8a000 	/System/Library/PrivateFrameworks/EFILogin.framework/Versions/A/EFILogin
0x0000000009e8a000 	/usr/lib/libutil.dylib
0x0000000009e8a000 	/System/Library/PrivateFrameworks/FindMyDevice.framework/Versions/A/FindMyDevice
0x0000000009e8a000 	/System/Library/Frameworks/LDAP.framework/Versions/A/LDAP
0x0000000009e8a000 	/usr/lib/libsasl2.2.dylib
0x0000000009e8a000 	/System/Library/PrivateFrameworks/CoreDaemon.framework/Versions/B/CoreDaemon
0x0000000009e8a000 	/usr/lib/libcrypto.0.9.8.dylib
0x0000000009e8a000 	/System/Library/PrivateFrameworks/AppleSRP.framework/Versions/A/AppleSRP
0x0000000009e8a000 	/System/Library/PrivateFrameworks/TrustEvaluationAgent.framework/Versions/A/TrustEvaluationAgent
0x0000000119be3000 	/Library/Java/JavaVirtualMachines/jdk1.8.0_25.jdk/Contents/Home/jre/lib/libglass.dylib
0x0000000009e8a000 	/System/Library/PrivateFrameworks/CoreServicesInternal.framework/Versions/A/CoreServicesInternal
0x0000000009e8a000 	/System/Library/CoreServices/RawCamera.bundle/Contents/MacOS/RawCamera
0x0000000009e8a000 	/System/Library/Frameworks/CoreGraphics.framework/Versions/A/Resources/libRIP.A.dylib
0x0000000009e8a000 	/System/Library/Frameworks/Accelerate.framework/Versions/A/Frameworks/vImage.framework/Versions/A/Libraries/libCGInterfaces.dylib
0x0000000009e8a000 	/System/Library/PrivateFrameworks/FamilyControls.framework/Versions/A/FamilyControls
0x0000000009e8a000 	/System/Library/PrivateFrameworks/CommerceKit.framework/Versions/A/Frameworks/CommerceCore.framework/Versions/A/CommerceCore
0x0000000009e8a000 	/System/Library/PrivateFrameworks/SystemAdministration.framework/Versions/A/SystemAdministration
0x0000000009e8a000 	/System/Library/PrivateFrameworks/AppContainer.framework/Versions/A/AppContainer
0x0000000009e8a000 	/System/Library/PrivateFrameworks/SecCodeWrapper.framework/Versions/A/SecCodeWrapper
0x0000000009e8a000 	/System/Library/Frameworks/DirectoryService.framework/Versions/A/DirectoryService
0x0000000009e8a000 	/System/Library/PrivateFrameworks/LoginUIKit.framework/Versions/A/Frameworks/LoginUICore.framework/Versions/A/LoginUICore
0x0000000009e8a000 	/usr/lib/libodfde.dylib
0x000000011ca19000 	/Library/Java/JavaVirtualMachines/jdk1.8.0_25.jdk/Contents/Home/jre/lib/libjavafx_font.dylib
0x0000000009e8a000 	/System/Library/Frameworks/CoreGraphics.framework/Versions/A/Resources/libCGXType.A.dylib
0x000000011ea7d000 	cl_kernels
0x0000000009e8a000 	/System/Library/Frameworks/OpenCL.framework/Versions/A/Libraries/ImageFormats/unorm8_bgra.dylib
0x0000000009e8a000 	/System/Library/Frameworks/OpenCL.framework/Versions/A/Libraries/ImageFormats/unorm8_rgba.dylib
0x000000011f555000 	/Library/Java/JavaVirtualMachines/jdk1.8.0_25.jdk/Contents/Home/jre/lib/libprism_common.dylib
0x0000000120469000 	/System/Library/Extensions/AppleIntelHD5000GraphicsMTLDriver.bundle/Contents/MacOS/AppleIntelHD5000GraphicsMTLDriver

VM Arguments:
jvm_args: -Dfile.encoding=UTF-8 
java_command: application.Main
java_class_path (initial): /Users/dez/Documents/workspace/Test/bin:/Users/dez/.p2/pool/plugins/org.eclipse.fx.ide.css.jfx8_2.3.0.201603030809.jar
Launcher Type: SUN_STANDARD

Environment Variables:
PATH=/usr/bin:/bin:/usr/sbin:/sbin
SHELL=/bin/bash
DISPLAY=/private/tmp/com.apple.launchd.ZzWGzAbp5q/org.macosforge.xquartz:0

Signal Handlers:
SIGSEGV: [libjvm.dylib+0x579dc7], sa_mask[0]=11111111011111110111111111111111, sa_flags=SA_ONSTACK|SA_RESTART|SA_SIGINFO
SIGBUS: [libjvm.dylib+0x579dc7], sa_mask[0]=11111111011111110111111111111111, sa_flags=SA_RESTART|SA_SIGINFO
SIGFPE: [libjvm.dylib+0x45b030], sa_mask[0]=11111111011111110111111111111111, sa_flags=SA_RESTART|SA_SIGINFO
SIGPIPE: [libjvm.dylib+0x45b030], sa_mask[0]=11111111011111110111111111111111, sa_flags=SA_RESTART|SA_SIGINFO
SIGXFSZ: [libjvm.dylib+0x45b030], sa_mask[0]=11111111011111110111111111111111, sa_flags=SA_RESTART|SA_SIGINFO
SIGILL: [libjvm.dylib+0x45b030], sa_mask[0]=11111111011111110111111111111111, sa_flags=SA_RESTART|SA_SIGINFO
SIGUSR1: SIG_DFL, sa_mask[0]=00000000000000000000000000000000, sa_flags=none
SIGUSR2: [libjvm.dylib+0x45ab4e], sa_mask[0]=00100000000000000000000000000000, sa_flags=SA_RESTART|SA_SIGINFO
SIGHUP: [libjvm.dylib+0x459121], sa_mask[0]=11111111011111110111111111111111, sa_flags=SA_RESTART|SA_SIGINFO
SIGINT: [libjvm.dylib+0x459121], sa_mask[0]=11111111011111110111111111111111, sa_flags=SA_RESTART|SA_SIGINFO
SIGTERM: [libjvm.dylib+0x459121], sa_mask[0]=11111111011111110111111111111111, sa_flags=SA_RESTART|SA_SIGINFO
SIGQUIT: [libjvm.dylib+0x459121], sa_mask[0]=11111111011111110111111111111111, sa_flags=SA_RESTART|SA_SIGINFO


---------------  S Y S T E M  ---------------

OS:Bsduname:Darwin 15.3.0 Darwin Kernel Version 15.3.0: Thu Dec 10 18:40:58 PST 2015; root:xnu-3248.30.4~1/RELEASE_X86_64 x86_64
rlimit: STACK 8192k, CORE 0k, NPROC 709, NOFILE 10240, AS infinity
load average:1.75 1.74 1.76

CPU:total 4 (2 cores per cpu, 2 threads per core) family 6 model 69 stepping 1, cmov, cx8, fxsr, mmx, sse, sse2, sse3, ssse3, sse4.1, sse4.2, popcnt, avx, avx2, aes, clmul, erms, lzcnt, ht, tsc, tscinvbit, bmi1, bmi2

Memory: 4k page, physical 8388608k(3020380k free)

/proc/meminfo:


vm_info: Java HotSpot(TM) 64-Bit Server VM (25.25-b02) for bsd-amd64 JRE (1.8.0_25-b17), built on Sep 17 2014 16:56:50 by "java_re" with gcc 4.2.1 (Based on Apple Inc. build 5658) (LLVM build 2336.11.00)

time: Fri Apr 15 23:43:53 2016
elapsed time: 22 seconds (0d 0h 0m 22s)

