#
# A fatal error has been detected by the Java Runtime Environment:
#
#  SIGSEGV (0xb) at pc=0x0000000124da93fd, pid=879, tid=2571
#
# JRE version: Java(TM) SE Runtime Environment (8.0_25-b17) (build 1.8.0_25-b17)
# Java VM: Java HotSpot(TM) 64-Bit Server VM (25.25-b02 mixed mode bsd-amd64 compressed oops)
# Problematic frame:
# C  [libglass.dylib+0x163fd]  GlassScreenDidChangeScreenParameters+0x9d
#
# Failed to write core dump. Core dumps have been disabled. To enable core dumping, try "ulimit -c unlimited" before starting Java again
#
# If you would like to submit a bug report, please visit:
#   http://bugreport.sun.com/bugreport/crash.jsp
#

---------------  T H R E A D  ---------------

Current thread is native thread

siginfo: si_signo: 11 (SIGSEGV), si_code: 1 (SEGV_MAPERR), si_addr: 0x0000000000000000

Registers:
RAX=0x0000000124ddbe40, RBX=0x0000000000000000, RCX=0x0000000000000103, RDX=0x00007faafd4852b0
RSP=0x00007fff547a9bb0, RBP=0x00007fff547a9bc0, RSI=0x00007faafac044c8, RDI=0x0000000000000000
R8 =0x0000000000000040, R9 =0x00007fff77f161e0, R10=0xffffffffffffffff, R11=0x0000000000000246
R12=0x00007faafac63f90, R13=0x00007faafaf69050, R14=0x00007faafaf69090, R15=0x0000000000000000
RIP=0x0000000124da93fd, EFLAGS=0x0000000000010202, ERR=0x0000000000000004
  TRAPNO=0x000000000000000e

Top of Stack: (sp=0x00007fff547a9bb0)
0x00007fff547a9bb0:   00007fff547a9c08 00007faafaf69090
0x00007fff547a9bc0:   00007fff547a9bd0 00007fff904fe70c
0x00007fff547a9bd0:   00007fff547a9bf0 00007fff904fe67f
0x00007fff547a9be0:   0000000000000000 0000000000000000
0x00007fff547a9bf0:   00007fff547a9c60 00007fff904fdd47
0x00007fff547a9c00:   00007fff908377ed 00007fff7672d0a0
0x00007fff547a9c10:   0000000042000000 00007fff904fe640
0x00007fff547a9c20:   00007fff77dbd720 00007faafaf69050
0x00007fff547a9c30:   00007faafac63f90 00007fff547aa408
0x00007fff547a9c40:   00007fff77eea780 00007fff547aa408
0x00007fff547a9c50:   00007faafaf69050 00007fff90836b0f
0x00007fff547a9c60:   00007fff547a9ca0 00007fff904fdab2
0x00007fff547a9c70:   00007fff547aa280 0000000000000000
0x00007fff547a9c80:   00007fff77eea780 00007fff547aa408
0x00007fff547a9c90:   00007fff920f64c0 00007fff90836b0f
0x00007fff547a9ca0:   00007fff547aa3b0 00007fff904f7d42
0x00007fff547a9cb0:   00007faafd608900 0000000000000002
0x00007fff547a9cc0:   0000000000000000 00007faafaf163b0
0x00007fff547a9cd0:   00007faafb805048 00007faafae1ee80
0x00007fff547a9ce0:   0000000000000000 00007faafaf690f0
0x00007fff547a9cf0:   0000000000000000 0000000000000000
0x00007fff547a9d00:   00007fff77dfabc0 00007fff547aa280
0x00007fff547a9d10:   0000000000000001 0000000000000100
0x00007fff547a9d20:   0000000000000300 00007fff547aa180
0x00007fff547a9d30:   0000000000000000 0000000000000100
0x00007fff547a9d40:   4093000000000000 00007fff77eea780
0x00007fff547a9d50:   0000000000000000 00007fff77dbe500
0x00007fff547a9d60:   00007fff77eea780 0000000000000000
0x00007fff547a9d70:   00007fff77dbe500 00007faafac1f7c0
0x00007fff547a9d80:   00007faafd608900 0000000000000002
0x00007fff547a9d90:   0000000000000000 00007fff920f64c0
0x00007fff547a9da0:   00007fff547a9f60 00007fff89b69348 

Instructions: (pc=0x0000000124da93fd)
0x0000000124da93dd:   89 df 4c 89 f1 41 ff 90 68 04 00 00 48 8d 05 58
0x0000000124da93ed:   29 03 00 48 8b 30 48 8d 05 46 2a 03 00 48 8b 10
0x0000000124da93fd:   48 8b 0b 30 c0 48 89 df ff 91 68 04 00 00 48 8b
0x0000000124da940d:   03 48 89 df ff 50 78 48 85 c0 74 36 49 89 c6 48 

Register to memory mapping:

RAX=0x0000000124ddbe40: jScreenNotifySettingsChanged+0 in /Library/Java/JavaVirtualMachines/jdk1.8.0_25.jdk/Contents/Home/jre/lib/libglass.dylib at 0x0000000124d93000
RBX=0x0000000000000000 is an unknown value
RCX=0x0000000000000103 is an unknown value
RDX=0x00007faafd4852b0 is an unknown value
RSP=0x00007fff547a9bb0 is an unknown value
RBP=0x00007fff547a9bc0 is an unknown value
RSI=0x00007faafac044c8 is a global jni handle
RDI=0x0000000000000000 is an unknown value
R8 =0x0000000000000040 is an unknown value
R9 =0x00007fff77f161e0: __sFX+0x1c0 in /usr/lib/system/libsystem_c.dylib at 0x00007fff90984000
R10=0xffffffffffffffff is an unknown value
R11=0x0000000000000246 is an unknown value
R12=0x00007faafac63f90 is an unknown value
R13=0x00007faafaf69050 is an unknown value
R14=0x00007faafaf69090 is an unknown value
R15=0x0000000000000000 is an unknown value


Stack: [0x00007fff53fad000,0x00007fff547ad000],  sp=0x00007fff547a9bb0,  free space=8178k
Native frames: (J=compiled Java code, j=interpreted, Vv=VM code, C=native code)
C  [libglass.dylib+0x163fd]  GlassScreenDidChangeScreenParameters+0x9d
C  [CoreFoundation+0x12870c]  __CFNOTIFICATIONCENTER_IS_CALLING_OUT_TO_AN_OBSERVER__+0xc
C  [CoreFoundation+0x12867f]  ___CFXRegistrationPost_block_invoke+0x3f
C  [CoreFoundation+0x127d47]  _CFXRegistrationPost+0x197
C  [CoreFoundation+0x127ab2]  ___CFXNotificationPost_block_invoke+0x32
C  [CoreFoundation+0x121d42]  -[_CFXNotificationRegistrar find:object:observer:enumerator:]+0x782
C  [CoreFoundation+0x10145]  _CFXNotificationPost+0x2b5
C  [Foundation+0x7921]  -[NSNotificationCenter postNotificationName:object:userInfo:]+0x42
C  [AppKit+0x3d9ca8]  -[NSApplication _reactToScreenInvalidationImmediately:]+0x17f
C  [AppKit+0x3d9af9]  __44-[NSApplication _reactToScreenInvalidation:]_block_invoke+0x3b
C  [CoreFoundation+0x7e4ac]  __CFRUNLOOP_IS_CALLING_OUT_TO_A_BLOCK__+0xc
C  [CoreFoundation+0x70165]  __CFRunLoopDoBlocks+0x155
C  [CoreFoundation+0x6fecb]  __CFRunLoopRun+0x92b
C  [CoreFoundation+0x6f338]  CFRunLoopRunSpecific+0x128
C  [java+0x56cc]  CreateExecutionEnvironment+0x367
C  [java+0x165c]  JLI_Launch+0x7a0
C  [java+0x768a]  main+0x65
C  [java+0xeb4]  start+0x34


---------------  P R O C E S S  ---------------

VM state:not at safepoint (normal execution)

VM Mutex/Monitor currently owned by a thread: None

Heap:
 PSYoungGen      total 38400K, used 30932K [0x0000000795580000, 0x0000000798000000, 0x00000007c0000000)
  eden space 33280K, 92% used [0x0000000795580000,0x00000007973b5110,0x0000000797600000)
  from space 5120K, 0% used [0x0000000797b00000,0x0000000797b00000,0x0000000798000000)
  to   space 5120K, 0% used [0x0000000797600000,0x0000000797600000,0x0000000797b00000)
 ParOldGen       total 87552K, used 0K [0x0000000740000000, 0x0000000745580000, 0x0000000795580000)
  object space 87552K, 0% used [0x0000000740000000,0x0000000740000000,0x0000000745580000)
 Metaspace       used 14275K, capacity 14744K, committed 14848K, reserved 1062912K
  class space    used 1894K, capacity 2019K, committed 2048K, reserved 1048576K

Card table byte_map: [0x000000011c2dc000,0x000000011c6dd000] byte_map_base: 0x00000001188dc000

Marking Bits: (ParMarkBitMap*) 0x000000010c89d390
 Begin Bits: [0x000000011c988000, 0x000000011e988000)
 End Bits:   [0x000000011e988000, 0x0000000120988000)

Polling page: 0x000000010b714000

CodeCache: size=245760Kb used=3882Kb max_used=3883Kb free=241877Kb
 bounds [0x000000010cf1c000, 0x000000010d2ec000, 0x000000011bf1c000]
 total_blobs=1730 nmethods=1119 adapters=525
 compilation: enabled

Compilation events (10 events):
Event: 10.743 Thread 0x00007faafc86f800 1116       3       java.lang.invoke.MethodHandles$Lookup::in (125 bytes)
Event: 10.743 Thread 0x00007faafb813800 1117       4       jdk.internal.org.objectweb.asm.ClassWriter::put (152 bytes)
Event: 10.744 Thread 0x00007faafc86f800 nmethod 1116 0x000000010d2e3610 code [0x000000010d2e3840, 0x000000010d2e44b8]
Event: 10.744 Thread 0x00007faafc86f800 1118       3       java.lang.invoke.MethodHandles$Lookup::getDirectMethodCommon (267 bytes)
Event: 10.746 Thread 0x00007faafc86f800 nmethod 1118 0x000000010d2e4c50 code [0x000000010d2e4f60, 0x000000010d2e69b8]
Event: 10.746 Thread 0x00007faafc86f800 1119       3       java.lang.invoke.MethodHandles$Lookup::checkMethod (83 bytes)
Event: 10.746 Thread 0x00007faafc86f800 nmethod 1119 0x000000010d2e2690 code [0x000000010d2e2880, 0x000000010d2e32b8]
Event: 10.748 Thread 0x00007faafb813800 nmethod 1117 0x000000010d2e7dd0 code [0x000000010d2e7f60, 0x000000010d2e8338]
Event: 10.750 Thread 0x00007faafc86f800 1120       3       java.lang.Character::charCount (12 bytes)
Event: 10.750 Thread 0x00007faafc86f800 nmethod 1120 0x000000010d2e7850 code [0x000000010d2e79c0, 0x000000010d2e7b50]

GC Heap History (0 events):
No events

Deoptimization events (10 events):
Event: 0.910 Thread 0x00007faafb92d000 Uncommon trap: reason=class_check action=maybe_recompile pc=0x000000010d178c50 method=java.io.DataInputStream.readShort()S @ 4
Event: 0.910 Thread 0x00007faafb92d000 Uncommon trap: reason=class_check action=maybe_recompile pc=0x000000010d178c50 method=java.io.DataInputStream.readShort()S @ 4
Event: 0.910 Thread 0x00007faafb92d000 Uncommon trap: reason=class_check action=maybe_recompile pc=0x000000010d178c50 method=java.io.DataInputStream.readShort()S @ 4
Event: 0.910 Thread 0x00007faafb92d000 Uncommon trap: reason=class_check action=maybe_recompile pc=0x000000010d178c50 method=java.io.DataInputStream.readShort()S @ 4
Event: 0.914 Thread 0x00007faafb92d000 Uncommon trap: reason=class_check action=maybe_recompile pc=0x000000010d03ee9c method=java.lang.String.equals(Ljava/lang/Object;)Z @ 8
Event: 0.914 Thread 0x00007faafb92d000 Uncommon trap: reason=class_check action=maybe_recompile pc=0x000000010d03ee9c method=java.lang.String.equals(Ljava/lang/Object;)Z @ 8
Event: 0.914 Thread 0x00007faafb92d000 Uncommon trap: reason=class_check action=maybe_recompile pc=0x000000010d03ee9c method=java.lang.String.equals(Ljava/lang/Object;)Z @ 8
Event: 1.097 Thread 0x00007faafb92d000 Uncommon trap: reason=unloaded action=reinterpret pc=0x000000010d161958 method=java.lang.CharacterData.of(I)Ljava/lang/CharacterData; @ 96
Event: 1.132 Thread 0x00007faafb92d000 Uncommon trap: reason=unreached action=reinterpret pc=0x000000010d21fb7c method=java.util.HashMap.putVal(ILjava/lang/Object;Ljava/lang/Object;ZZ)Ljava/lang/Object; @ 193
Event: 1.134 Thread 0x00007faafb92d000 Uncommon trap: reason=class_check action=maybe_recompile pc=0x000000010d03ee9c method=java.lang.String.equals(Ljava/lang/Object;)Z @ 8

Internal exceptions (10 events):
Event: 0.808 Thread 0x00007faafb92d000 Exception <a 'java/security/PrivilegedActionException'> (0x0000000796940b08) thrown at [/HUDSON3/workspace/8-2-build-macosx-x86_64/jdk8u25/1514/hotspot/src/share/vm/prims/jvm.cpp, line 1312]
Event: 0.809 Thread 0x00007faafb92d000 Exception <a 'java/security/PrivilegedActionException'> (0x0000000796955ea0) thrown at [/HUDSON3/workspace/8-2-build-macosx-x86_64/jdk8u25/1514/hotspot/src/share/vm/prims/jvm.cpp, line 1312]
Event: 0.869 Thread 0x00007faafb92d000 Exception <a 'java/io/FileNotFoundException'> (0x0000000796a3ae88) thrown at [/HUDSON3/workspace/8-2-build-macosx-x86_64/jdk8u25/1514/hotspot/src/share/vm/prims/jni.cpp, line 716]
Event: 10.729 Thread 0x00007faafb92d000 Exception <a 'java/security/PrivilegedActionException'> (0x00000007971c4478) thrown at [/HUDSON3/workspace/8-2-build-macosx-x86_64/jdk8u25/1514/hotspot/src/share/vm/prims/jvm.cpp, line 1312]
Event: 10.730 Thread 0x00007faafc8ec000 Exception <a 'java/security/PrivilegedActionException'> (0x0000000797268808) thrown at [/HUDSON3/workspace/8-2-build-macosx-x86_64/jdk8u25/1514/hotspot/src/share/vm/prims/jvm.cpp, line 1312]
Event: 10.738 Thread 0x00007faafc8ec000 Exception <a 'java/security/PrivilegedActionException'> (0x000000079726a300) thrown at [/HUDSON3/workspace/8-2-build-macosx-x86_64/jdk8u25/1514/hotspot/src/share/vm/prims/jvm.cpp, line 1312]
Event: 10.739 Thread 0x00007faafc8ec000 Exception <a 'java/security/PrivilegedActionException'> (0x000000079726caa0) thrown at [/HUDSON3/workspace/8-2-build-macosx-x86_64/jdk8u25/1514/hotspot/src/share/vm/prims/jvm.cpp, line 1312]
Event: 10.739 Thread 0x00007faafc8ec000 Exception <a 'java/security/PrivilegedActionException'> (0x000000079726ed98) thrown at [/HUDSON3/workspace/8-2-build-macosx-x86_64/jdk8u25/1514/hotspot/src/share/vm/prims/jvm.cpp, line 1312]
Event: 10.741 Thread 0x00007faafc8ec000 Exception <a 'java/security/PrivilegedActionException'> (0x000000079727ad00) thrown at [/HUDSON3/workspace/8-2-build-macosx-x86_64/jdk8u25/1514/hotspot/src/share/vm/prims/jvm.cpp, line 1312]
Event: 10.741 Thread 0x00007faafc8ec000 Exception <a 'java/security/PrivilegedActionException'> (0x000000079727e8f8) thrown at [/HUDSON3/workspace/8-2-build-macosx-x86_64/jdk8u25/1514/hotspot/src/share/vm/prims/jvm.cpp, line 1312]

Events (10 events):
Event: 10.747 loading class sun/util/locale/provider/NumberFormatProviderImpl
Event: 10.747 loading class sun/util/locale/provider/NumberFormatProviderImpl done
Event: 10.747 loading class java/text/DecimalFormat
Event: 10.748 loading class java/text/DecimalFormat done
Event: 10.748 loading class java/text/FieldPosition
Event: 10.748 loading class java/text/FieldPosition done
Event: 10.748 loading class java/text/DigitList
Event: 10.749 loading class java/text/DigitList done
Event: 10.749 loading class java/math/RoundingMode
Event: 10.750 loading class java/math/RoundingMode done


Dynamic libraries:
0x0000000005ab9000 	/System/Library/Frameworks/Cocoa.framework/Versions/A/Cocoa
0x0000000005ab9000 	/System/Library/Frameworks/Security.framework/Versions/A/Security
0x0000000005ab9000 	/System/Library/Frameworks/ApplicationServices.framework/Versions/A/ApplicationServices
0x0000000005ab9000 	/usr/lib/libz.1.dylib
0x0000000005ab9000 	/usr/lib/libSystem.B.dylib
0x0000000005ab9000 	/usr/lib/libobjc.A.dylib
0x0000000005ab9000 	/System/Library/Frameworks/CoreFoundation.framework/Versions/A/CoreFoundation
0x0000000005ab9000 	/System/Library/Frameworks/Foundation.framework/Versions/C/Foundation
0x0000000005ab9000 	/System/Library/Frameworks/AppKit.framework/Versions/C/AppKit
0x0000000005ab9000 	/System/Library/Frameworks/CoreData.framework/Versions/A/CoreData
0x0000000005ab9000 	/System/Library/PrivateFrameworks/RemoteViewServices.framework/Versions/A/RemoteViewServices
0x0000000005ab9000 	/System/Library/PrivateFrameworks/UIFoundation.framework/Versions/A/UIFoundation
0x0000000005ab9000 	/usr/lib/libScreenReader.dylib
0x0000000005ab9000 	/System/Library/Frameworks/Accelerate.framework/Versions/A/Accelerate
0x0000000005ab9000 	/System/Library/Frameworks/IOSurface.framework/Versions/A/IOSurface
0x0000000005ab9000 	/System/Library/Frameworks/AudioToolbox.framework/Versions/A/AudioToolbox
0x0000000005ab9000 	/System/Library/Frameworks/AudioUnit.framework/Versions/A/AudioUnit
0x0000000005ab9000 	/System/Library/PrivateFrameworks/DataDetectorsCore.framework/Versions/A/DataDetectorsCore
0x0000000005ab9000 	/System/Library/PrivateFrameworks/DesktopServicesPriv.framework/Versions/A/DesktopServicesPriv
0x0000000005ab9000 	/System/Library/Frameworks/Carbon.framework/Versions/A/Frameworks/HIToolbox.framework/Versions/A/HIToolbox
0x0000000005ab9000 	/System/Library/Frameworks/QuartzCore.framework/Versions/A/QuartzCore
0x0000000005ab9000 	/System/Library/Frameworks/Carbon.framework/Versions/A/Frameworks/SpeechRecognition.framework/Versions/A/SpeechRecognition
0x0000000005ab9000 	/usr/lib/libauto.dylib
0x0000000005ab9000 	/usr/lib/libicucore.A.dylib
0x0000000005ab9000 	/usr/lib/libxml2.2.dylib
0x0000000005ab9000 	/System/Library/PrivateFrameworks/CoreUI.framework/Versions/A/CoreUI
0x0000000005ab9000 	/System/Library/Frameworks/CoreAudio.framework/Versions/A/CoreAudio
0x0000000005ab9000 	/System/Library/Frameworks/DiskArbitration.framework/Versions/A/DiskArbitration
0x0000000005ab9000 	/usr/lib/liblangid.dylib
0x0000000005ab9000 	/System/Library/PrivateFrameworks/MultitouchSupport.framework/Versions/A/MultitouchSupport
0x0000000005ab9000 	/System/Library/Frameworks/IOKit.framework/Versions/A/IOKit
0x0000000005ab9000 	/usr/lib/libDiagnosticMessagesClient.dylib
0x0000000005ab9000 	/System/Library/Frameworks/CoreServices.framework/Versions/A/CoreServices
0x0000000005ab9000 	/System/Library/PrivateFrameworks/PerformanceAnalysis.framework/Versions/A/PerformanceAnalysis
0x0000000005ab9000 	/System/Library/PrivateFrameworks/GenerationalStorage.framework/Versions/A/GenerationalStorage
0x0000000005ab9000 	/System/Library/Frameworks/OpenGL.framework/Versions/A/OpenGL
0x0000000005ab9000 	/System/Library/PrivateFrameworks/Sharing.framework/Versions/A/Sharing
0x0000000005ab9000 	/System/Library/Frameworks/CoreGraphics.framework/Versions/A/CoreGraphics
0x0000000005ab9000 	/System/Library/Frameworks/CoreImage.framework/Versions/A/CoreImage
0x0000000005ab9000 	/System/Library/Frameworks/CoreText.framework/Versions/A/CoreText
0x0000000005ab9000 	/System/Library/Frameworks/ImageIO.framework/Versions/A/ImageIO
0x0000000005ab9000 	/System/Library/PrivateFrameworks/Backup.framework/Versions/A/Backup
0x0000000005ab9000 	/usr/lib/libextension.dylib
0x0000000005ab9000 	/usr/lib/libarchive.2.dylib
0x0000000005ab9000 	/System/Library/Frameworks/CFNetwork.framework/Versions/A/CFNetwork
0x0000000005ab9000 	/System/Library/Frameworks/SystemConfiguration.framework/Versions/A/SystemConfiguration
0x0000000005ab9000 	/usr/lib/libCRFSuite.dylib
0x0000000005ab9000 	/usr/lib/libc++.1.dylib
0x0000000005ab9000 	/usr/lib/libc++abi.dylib
0x0000000005ab9000 	/usr/lib/system/libcache.dylib
0x0000000005ab9000 	/usr/lib/system/libcommonCrypto.dylib
0x0000000005ab9000 	/usr/lib/system/libcompiler_rt.dylib
0x0000000005ab9000 	/usr/lib/system/libcopyfile.dylib
0x0000000005ab9000 	/usr/lib/system/libcorecrypto.dylib
0x0000000005ab9000 	/usr/lib/system/libdispatch.dylib
0x0000000005ab9000 	/usr/lib/system/libdyld.dylib
0x0000000005ab9000 	/usr/lib/system/libkeymgr.dylib
0x0000000005ab9000 	/usr/lib/system/liblaunch.dylib
0x0000000005ab9000 	/usr/lib/system/libmacho.dylib
0x0000000005ab9000 	/usr/lib/system/libquarantine.dylib
0x0000000005ab9000 	/usr/lib/system/libremovefile.dylib
0x0000000005ab9000 	/usr/lib/system/libsystem_asl.dylib
0x0000000005ab9000 	/usr/lib/system/libsystem_blocks.dylib
0x0000000005ab9000 	/usr/lib/system/libsystem_c.dylib
0x0000000005ab9000 	/usr/lib/system/libsystem_configuration.dylib
0x0000000005ab9000 	/usr/lib/system/libsystem_coreservices.dylib
0x0000000005ab9000 	/usr/lib/system/libsystem_coretls.dylib
0x0000000005ab9000 	/usr/lib/system/libsystem_dnssd.dylib
0x0000000005ab9000 	/usr/lib/system/libsystem_info.dylib
0x0000000005ab9000 	/usr/lib/system/libsystem_kernel.dylib
0x0000000005ab9000 	/usr/lib/system/libsystem_m.dylib
0x0000000005ab9000 	/usr/lib/system/libsystem_malloc.dylib
0x0000000005ab9000 	/usr/lib/system/libsystem_network.dylib
0x0000000005ab9000 	/usr/lib/system/libsystem_networkextension.dylib
0x0000000005ab9000 	/usr/lib/system/libsystem_notify.dylib
0x0000000005ab9000 	/usr/lib/system/libsystem_platform.dylib
0x0000000005ab9000 	/usr/lib/system/libsystem_pthread.dylib
0x0000000005ab9000 	/usr/lib/system/libsystem_sandbox.dylib
0x0000000005ab9000 	/usr/lib/system/libsystem_secinit.dylib
0x0000000005ab9000 	/usr/lib/system/libsystem_trace.dylib
0x0000000005ab9000 	/usr/lib/system/libunc.dylib
0x0000000005ab9000 	/usr/lib/system/libunwind.dylib
0x0000000005ab9000 	/usr/lib/system/libxpc.dylib
0x0000000005ab9000 	/usr/lib/libenergytrace.dylib
0x0000000005ab9000 	/usr/lib/libbsm.0.dylib
0x0000000005ab9000 	/usr/lib/system/libkxld.dylib
0x0000000005ab9000 	/usr/lib/libxar.1.dylib
0x0000000005ab9000 	/usr/lib/libsqlite3.dylib
0x0000000005ab9000 	/usr/lib/libpam.2.dylib
0x0000000005ab9000 	/usr/lib/libOpenScriptingUtil.dylib
0x0000000005ab9000 	/usr/lib/libbz2.1.0.dylib
0x0000000005ab9000 	/usr/lib/liblzma.5.dylib
0x0000000005ab9000 	/System/Library/Frameworks/CoreServices.framework/Versions/A/Frameworks/FSEvents.framework/Versions/A/FSEvents
0x0000000005ab9000 	/System/Library/Frameworks/CoreServices.framework/Versions/A/Frameworks/CarbonCore.framework/Versions/A/CarbonCore
0x0000000005ab9000 	/System/Library/Frameworks/CoreServices.framework/Versions/A/Frameworks/Metadata.framework/Versions/A/Metadata
0x0000000005ab9000 	/System/Library/Frameworks/CoreServices.framework/Versions/A/Frameworks/OSServices.framework/Versions/A/OSServices
0x0000000005ab9000 	/System/Library/Frameworks/CoreServices.framework/Versions/A/Frameworks/SearchKit.framework/Versions/A/SearchKit
0x0000000005ab9000 	/System/Library/Frameworks/CoreServices.framework/Versions/A/Frameworks/AE.framework/Versions/A/AE
0x0000000005ab9000 	/System/Library/Frameworks/CoreServices.framework/Versions/A/Frameworks/LaunchServices.framework/Versions/A/LaunchServices
0x0000000005ab9000 	/System/Library/Frameworks/CoreServices.framework/Versions/A/Frameworks/DictionaryServices.framework/Versions/A/DictionaryServices
0x0000000005ab9000 	/System/Library/Frameworks/CoreServices.framework/Versions/A/Frameworks/SharedFileList.framework/Versions/A/SharedFileList
0x0000000005ab9000 	/System/Library/Frameworks/NetFS.framework/Versions/A/NetFS
0x0000000005ab9000 	/System/Library/PrivateFrameworks/NetAuth.framework/Versions/A/NetAuth
0x0000000005ab9000 	/System/Library/PrivateFrameworks/login.framework/Versions/A/Frameworks/loginsupport.framework/Versions/A/loginsupport
0x0000000005ab9000 	/System/Library/PrivateFrameworks/TCC.framework/Versions/A/TCC
0x0000000005ab9000 	/usr/lib/libmecabra.dylib
0x0000000005ab9000 	/System/Library/Frameworks/ApplicationServices.framework/Versions/A/Frameworks/ATS.framework/Versions/A/ATS
0x0000000005ab9000 	/System/Library/Frameworks/ApplicationServices.framework/Versions/A/Frameworks/ColorSync.framework/Versions/A/ColorSync
0x0000000005ab9000 	/System/Library/Frameworks/ApplicationServices.framework/Versions/A/Frameworks/HIServices.framework/Versions/A/HIServices
0x0000000005ab9000 	/System/Library/Frameworks/ApplicationServices.framework/Versions/A/Frameworks/LangAnalysis.framework/Versions/A/LangAnalysis
0x0000000005ab9000 	/System/Library/Frameworks/ApplicationServices.framework/Versions/A/Frameworks/PrintCore.framework/Versions/A/PrintCore
0x0000000005ab9000 	/System/Library/Frameworks/ApplicationServices.framework/Versions/A/Frameworks/QD.framework/Versions/A/QD
0x0000000005ab9000 	/System/Library/Frameworks/ApplicationServices.framework/Versions/A/Frameworks/SpeechSynthesis.framework/Versions/A/SpeechSynthesis
0x0000000005ab9000 	/System/Library/Frameworks/Metal.framework/Versions/A/Metal
0x0000000005ab9000 	/System/Library/Frameworks/Accelerate.framework/Versions/A/Frameworks/vImage.framework/Versions/A/vImage
0x0000000005ab9000 	/System/Library/Frameworks/Accelerate.framework/Versions/A/Frameworks/vecLib.framework/Versions/A/vecLib
0x0000000005ab9000 	/System/Library/Frameworks/Accelerate.framework/Versions/A/Frameworks/vecLib.framework/Versions/A/libvDSP.dylib
0x0000000005ab9000 	/System/Library/Frameworks/Accelerate.framework/Versions/A/Frameworks/vecLib.framework/Versions/A/libvMisc.dylib
0x0000000005ab9000 	/System/Library/Frameworks/Accelerate.framework/Versions/A/Frameworks/vecLib.framework/Versions/A/libLAPACK.dylib
0x0000000005ab9000 	/System/Library/Frameworks/Accelerate.framework/Versions/A/Frameworks/vecLib.framework/Versions/A/libBLAS.dylib
0x0000000005ab9000 	/System/Library/Frameworks/Accelerate.framework/Versions/A/Frameworks/vecLib.framework/Versions/A/libLinearAlgebra.dylib
0x0000000005ab9000 	/System/Library/Frameworks/Accelerate.framework/Versions/A/Frameworks/vecLib.framework/Versions/A/libSparseBLAS.dylib
0x0000000005ab9000 	/System/Library/PrivateFrameworks/GPUCompiler.framework/libmetal_timestamp.dylib
0x0000000005ab9000 	/System/Library/Frameworks/OpenGL.framework/Versions/A/Libraries/libCoreFSCache.dylib
0x0000000005ab9000 	/System/Library/PrivateFrameworks/IOAccelerator.framework/Versions/A/IOAccelerator
0x0000000005ab9000 	/System/Library/Frameworks/ApplicationServices.framework/Versions/A/Frameworks/ATS.framework/Versions/A/Resources/libFontParser.dylib
0x0000000005ab9000 	/System/Library/Frameworks/ApplicationServices.framework/Versions/A/Frameworks/ATS.framework/Versions/A/Resources/libFontRegistry.dylib
0x0000000005ab9000 	/System/Library/PrivateFrameworks/AppleVPA.framework/Versions/A/AppleVPA
0x0000000005ab9000 	/System/Library/PrivateFrameworks/AppleJPEG.framework/Versions/A/AppleJPEG
0x0000000005ab9000 	/System/Library/Frameworks/ImageIO.framework/Versions/A/Resources/libJPEG.dylib
0x0000000005ab9000 	/System/Library/Frameworks/ImageIO.framework/Versions/A/Resources/libTIFF.dylib
0x0000000005ab9000 	/System/Library/Frameworks/ImageIO.framework/Versions/A/Resources/libPng.dylib
0x0000000005ab9000 	/System/Library/Frameworks/ImageIO.framework/Versions/A/Resources/libGIF.dylib
0x0000000005ab9000 	/System/Library/Frameworks/ImageIO.framework/Versions/A/Resources/libJP2.dylib
0x0000000005ab9000 	/System/Library/Frameworks/ImageIO.framework/Versions/A/Resources/libRadiance.dylib
0x0000000005ab9000 	/System/Library/Frameworks/CoreVideo.framework/Versions/A/CoreVideo
0x0000000005ab9000 	/System/Library/Frameworks/OpenGL.framework/Versions/A/Libraries/libGLU.dylib
0x0000000005ab9000 	/System/Library/Frameworks/OpenGL.framework/Versions/A/Libraries/libGFXShared.dylib
0x0000000005ab9000 	/System/Library/Frameworks/OpenGL.framework/Versions/A/Libraries/libGL.dylib
0x0000000005ab9000 	/System/Library/Frameworks/OpenGL.framework/Versions/A/Libraries/libGLImage.dylib
0x0000000005ab9000 	/System/Library/Frameworks/OpenGL.framework/Versions/A/Libraries/libCVMSPluginSupport.dylib
0x0000000005ab9000 	/System/Library/Frameworks/OpenGL.framework/Versions/A/Libraries/libCoreVMClient.dylib
0x0000000005ab9000 	/usr/lib/libcups.2.dylib
0x0000000005ab9000 	/System/Library/Frameworks/Kerberos.framework/Versions/A/Kerberos
0x0000000005ab9000 	/System/Library/Frameworks/GSS.framework/Versions/A/GSS
0x0000000005ab9000 	/usr/lib/libresolv.9.dylib
0x0000000005ab9000 	/usr/lib/libiconv.2.dylib
0x0000000005ab9000 	/System/Library/PrivateFrameworks/Heimdal.framework/Versions/A/Heimdal
0x0000000005ab9000 	/usr/lib/libheimdal-asn1.dylib
0x0000000005ab9000 	/System/Library/Frameworks/OpenDirectory.framework/Versions/A/OpenDirectory
0x0000000005ab9000 	/System/Library/PrivateFrameworks/CommonAuth.framework/Versions/A/CommonAuth
0x0000000005ab9000 	/System/Library/Frameworks/OpenDirectory.framework/Versions/A/Frameworks/CFOpenDirectory.framework/Versions/A/CFOpenDirectory
0x0000000005ab9000 	/System/Library/Frameworks/SecurityFoundation.framework/Versions/A/SecurityFoundation
0x0000000005ab9000 	/System/Library/PrivateFrameworks/LanguageModeling.framework/Versions/A/LanguageModeling
0x0000000005ab9000 	/usr/lib/libmarisa.dylib
0x0000000005ab9000 	/usr/lib/libChineseTokenizer.dylib
0x0000000005ab9000 	/usr/lib/libcmph.dylib
0x0000000005ab9000 	/usr/lib/libcompression.dylib
0x0000000005ab9000 	/System/Library/Frameworks/ServiceManagement.framework/Versions/A/ServiceManagement
0x0000000005ab9000 	/usr/lib/libxslt.1.dylib
0x0000000005ab9000 	/System/Library/Frameworks/Carbon.framework/Versions/A/Frameworks/Ink.framework/Versions/A/Ink
0x0000000005ab9000 	/usr/lib/libFosl_dynamic.dylib
0x0000000005ab9000 	/System/Library/PrivateFrameworks/FaceCore.framework/Versions/A/FaceCore
0x0000000005ab9000 	/System/Library/Frameworks/OpenCL.framework/Versions/A/OpenCL
0x0000000005ab9000 	/System/Library/PrivateFrameworks/CrashReporterSupport.framework/Versions/A/CrashReporterSupport
0x0000000005ab9000 	/System/Library/PrivateFrameworks/IconServices.framework/Versions/A/IconServices
0x0000000005ab9000 	/System/Library/PrivateFrameworks/Apple80211.framework/Versions/A/Apple80211
0x0000000005ab9000 	/System/Library/Frameworks/CoreWLAN.framework/Versions/A/CoreWLAN
0x0000000005ab9000 	/System/Library/Frameworks/IOBluetooth.framework/Versions/A/IOBluetooth
0x0000000005ab9000 	/System/Library/PrivateFrameworks/CoreWiFi.framework/Versions/A/CoreWiFi
0x0000000005ab9000 	/System/Library/Frameworks/CoreBluetooth.framework/Versions/A/CoreBluetooth
0x0000000005ab9000 	/System/Library/PrivateFrameworks/ChunkingLibrary.framework/Versions/A/ChunkingLibrary
0x0000000005ab9000 	/System/Library/PrivateFrameworks/DebugSymbols.framework/Versions/A/DebugSymbols
0x0000000005ab9000 	/System/Library/PrivateFrameworks/CoreSymbolication.framework/Versions/A/CoreSymbolication
0x0000000005ab9000 	/System/Library/PrivateFrameworks/Symbolication.framework/Versions/A/Symbolication
0x0000000005ab9000 	/System/Library/PrivateFrameworks/SpeechRecognitionCore.framework/Versions/A/SpeechRecognitionCore
0x000000010c000000 	/Library/Java/JavaVirtualMachines/jdk1.8.0_25.jdk/Contents/Home/jre/lib/server/libjvm.dylib
0x0000000005ab9000 	/usr/lib/libstdc++.6.dylib
0x000000010b6d2000 	/Library/Java/JavaVirtualMachines/jdk1.8.0_25.jdk/Contents/Home/jre/lib/libverify.dylib
0x000000010b6e0000 	/Library/Java/JavaVirtualMachines/jdk1.8.0_25.jdk/Contents/Home/jre/lib/libjava.dylib
0x000000010b71e000 	/Library/Java/JavaVirtualMachines/jdk1.8.0_25.jdk/Contents/Home/jre/lib/libzip.dylib
0x00000001227b0000 	/System/Library/Frameworks/JavaVM.framework/Frameworks/JavaRuntimeSupport.framework/JavaRuntimeSupport
0x00000001227cb000 	/System/Library/Frameworks/JavaVM.framework/Versions/A/Frameworks/JavaNativeFoundation.framework/Versions/A/JavaNativeFoundation
0x000000010b7f3000 	/System/Library/Frameworks/JavaVM.framework/Versions/A/JavaVM
0x0000000005ab9000 	/System/Library/Frameworks/Carbon.framework/Versions/A/Carbon
0x00000001227e0000 	/System/Library/PrivateFrameworks/JavaLaunching.framework/Versions/A/JavaLaunching
0x0000000005ab9000 	/System/Library/Frameworks/Carbon.framework/Versions/A/Frameworks/CommonPanels.framework/Versions/A/CommonPanels
0x0000000005ab9000 	/System/Library/Frameworks/Carbon.framework/Versions/A/Frameworks/Help.framework/Versions/A/Help
0x0000000005ab9000 	/System/Library/Frameworks/Carbon.framework/Versions/A/Frameworks/ImageCapture.framework/Versions/A/ImageCapture
0x0000000005ab9000 	/System/Library/Frameworks/Carbon.framework/Versions/A/Frameworks/OpenScripting.framework/Versions/A/OpenScripting
0x0000000005ab9000 	/System/Library/Frameworks/Carbon.framework/Versions/A/Frameworks/Print.framework/Versions/A/Print
0x0000000005ab9000 	/System/Library/Frameworks/Carbon.framework/Versions/A/Frameworks/SecurityHI.framework/Versions/A/SecurityHI
0x000000012418f000 	/Library/Java/JavaVirtualMachines/jdk1.8.0_25.jdk/Contents/Home/jre/lib/libprism_es2.dylib
0x0000000005ab9000 	/System/Library/Frameworks/OpenGL.framework/Versions/A/Resources/GLEngine.bundle/GLEngine
0x0000000005ab9000 	/System/Library/Frameworks/OpenGL.framework/Versions/A/Libraries/libGLProgrammability.dylib
0x0000000124210000 	/System/Library/Extensions/AppleIntelHD5000GraphicsGLDriver.bundle/Contents/MacOS/AppleIntelHD5000GraphicsGLDriver
0x0000000005ab9000 	/System/Library/PrivateFrameworks/GPUSupport.framework/Versions/A/Libraries/libGPUSupportMercury.dylib
0x0000000005ab9000 	/System/Library/Frameworks/OpenGL.framework/Versions/A/Resources/GLRendererFloat.bundle/GLRendererFloat
0x0000000005ab9000 	/System/Library/Frameworks/OpenCL.framework/Versions/A/Libraries/libcldcpuengine.dylib
0x0000000005ab9000 	/System/Library/PrivateFrameworks/DiskImages.framework/Versions/A/DiskImages
0x0000000005ab9000 	/System/Library/Frameworks/DiscRecording.framework/Versions/A/DiscRecording
0x0000000005ab9000 	/usr/lib/libcsfde.dylib
0x0000000005ab9000 	/usr/lib/libcurl.4.dylib
0x0000000005ab9000 	/System/Library/PrivateFrameworks/MediaKit.framework/Versions/A/MediaKit
0x0000000005ab9000 	/System/Library/PrivateFrameworks/ProtectedCloudStorage.framework/Versions/A/ProtectedCloudStorage
0x0000000005ab9000 	/usr/lib/libCoreStorage.dylib
0x0000000005ab9000 	/System/Library/PrivateFrameworks/EFILogin.framework/Versions/A/EFILogin
0x0000000005ab9000 	/usr/lib/libutil.dylib
0x0000000005ab9000 	/System/Library/PrivateFrameworks/FindMyDevice.framework/Versions/A/FindMyDevice
0x0000000005ab9000 	/System/Library/Frameworks/LDAP.framework/Versions/A/LDAP
0x0000000005ab9000 	/usr/lib/libsasl2.2.dylib
0x0000000005ab9000 	/System/Library/PrivateFrameworks/CoreDaemon.framework/Versions/B/CoreDaemon
0x0000000005ab9000 	/usr/lib/libcrypto.0.9.8.dylib
0x0000000005ab9000 	/System/Library/PrivateFrameworks/AppleSRP.framework/Versions/A/AppleSRP
0x0000000005ab9000 	/System/Library/PrivateFrameworks/TrustEvaluationAgent.framework/Versions/A/TrustEvaluationAgent
0x0000000124d93000 	/Library/Java/JavaVirtualMachines/jdk1.8.0_25.jdk/Contents/Home/jre/lib/libglass.dylib
0x0000000005ab9000 	/System/Library/PrivateFrameworks/CoreServicesInternal.framework/Versions/A/CoreServicesInternal
0x0000000005ab9000 	/System/Library/CoreServices/RawCamera.bundle/Contents/MacOS/RawCamera
0x0000000005ab9000 	/System/Library/Frameworks/CoreGraphics.framework/Versions/A/Resources/libRIP.A.dylib
0x0000000005ab9000 	/System/Library/Frameworks/Accelerate.framework/Versions/A/Frameworks/vImage.framework/Versions/A/Libraries/libCGInterfaces.dylib
0x0000000005ab9000 	/System/Library/PrivateFrameworks/FamilyControls.framework/Versions/A/FamilyControls
0x0000000005ab9000 	/System/Library/PrivateFrameworks/CommerceKit.framework/Versions/A/Frameworks/CommerceCore.framework/Versions/A/CommerceCore
0x0000000005ab9000 	/System/Library/PrivateFrameworks/SystemAdministration.framework/Versions/A/SystemAdministration
0x0000000005ab9000 	/System/Library/PrivateFrameworks/AppContainer.framework/Versions/A/AppContainer
0x0000000005ab9000 	/System/Library/PrivateFrameworks/SecCodeWrapper.framework/Versions/A/SecCodeWrapper
0x0000000005ab9000 	/System/Library/Frameworks/DirectoryService.framework/Versions/A/DirectoryService
0x0000000005ab9000 	/System/Library/PrivateFrameworks/LoginUIKit.framework/Versions/A/Frameworks/LoginUICore.framework/Versions/A/LoginUICore
0x0000000005ab9000 	/usr/lib/libodfde.dylib
0x0000000127bc9000 	/Library/Java/JavaVirtualMachines/jdk1.8.0_25.jdk/Contents/Home/jre/lib/libjavafx_font.dylib
0x0000000005ab9000 	/System/Library/Frameworks/CoreGraphics.framework/Versions/A/Resources/libCGXType.A.dylib
0x0000000129c2e000 	cl_kernels
0x0000000005ab9000 	/System/Library/Frameworks/OpenCL.framework/Versions/A/Libraries/ImageFormats/unorm8_bgra.dylib
0x0000000005ab9000 	/System/Library/Frameworks/OpenCL.framework/Versions/A/Libraries/ImageFormats/unorm8_rgba.dylib
0x000000012a74b000 	/Library/Java/JavaVirtualMachines/jdk1.8.0_25.jdk/Contents/Home/jre/lib/libprism_common.dylib
0x000000012b616000 	/System/Library/Extensions/AppleIntelHD5000GraphicsMTLDriver.bundle/Contents/MacOS/AppleIntelHD5000GraphicsMTLDriver

VM Arguments:
jvm_args: -Dfile.encoding=UTF-8 
java_command: application.Main
java_class_path (initial): /Users/dez/Documents/workspace/Test/bin:/Users/dez/.p2/pool/plugins/org.eclipse.fx.ide.css.jfx8_2.3.0.201603030809.jar
Launcher Type: SUN_STANDARD

Environment Variables:
PATH=/usr/bin:/bin:/usr/sbin:/sbin
SHELL=/bin/bash
DISPLAY=/private/tmp/com.apple.launchd.Dg43Mb3JFX/org.macosforge.xquartz:0

Signal Handlers:
SIGSEGV: [libjvm.dylib+0x579dc7], sa_mask[0]=11111111011111110111111111111111, sa_flags=SA_ONSTACK|SA_RESTART|SA_SIGINFO
SIGBUS: [libjvm.dylib+0x579dc7], sa_mask[0]=11111111011111110111111111111111, sa_flags=SA_RESTART|SA_SIGINFO
SIGFPE: [libjvm.dylib+0x45b030], sa_mask[0]=11111111011111110111111111111111, sa_flags=SA_RESTART|SA_SIGINFO
SIGPIPE: [libjvm.dylib+0x45b030], sa_mask[0]=11111111011111110111111111111111, sa_flags=SA_RESTART|SA_SIGINFO
SIGXFSZ: [libjvm.dylib+0x45b030], sa_mask[0]=11111111011111110111111111111111, sa_flags=SA_RESTART|SA_SIGINFO
SIGILL: [libjvm.dylib+0x45b030], sa_mask[0]=11111111011111110111111111111111, sa_flags=SA_RESTART|SA_SIGINFO
SIGUSR1: SIG_DFL, sa_mask[0]=00000000000000000000000000000000, sa_flags=none
SIGUSR2: [libjvm.dylib+0x45ab4e], sa_mask[0]=00100000000000000000000000000000, sa_flags=SA_RESTART|SA_SIGINFO
SIGHUP: [libjvm.dylib+0x459121], sa_mask[0]=11111111011111110111111111111111, sa_flags=SA_RESTART|SA_SIGINFO
SIGINT: [libjvm.dylib+0x459121], sa_mask[0]=11111111011111110111111111111111, sa_flags=SA_RESTART|SA_SIGINFO
SIGTERM: [libjvm.dylib+0x459121], sa_mask[0]=11111111011111110111111111111111, sa_flags=SA_RESTART|SA_SIGINFO
SIGQUIT: [libjvm.dylib+0x459121], sa_mask[0]=11111111011111110111111111111111, sa_flags=SA_RESTART|SA_SIGINFO


---------------  S Y S T E M  ---------------

OS:Bsduname:Darwin 15.3.0 Darwin Kernel Version 15.3.0: Thu Dec 10 18:40:58 PST 2015; root:xnu-3248.30.4~1/RELEASE_X86_64 x86_64
rlimit: STACK 8192k, CORE 0k, NPROC 709, NOFILE 10240, AS infinity
load average:2.06 2.14 2.17

CPU:total 4 (2 cores per cpu, 2 threads per core) family 6 model 69 stepping 1, cmov, cx8, fxsr, mmx, sse, sse2, sse3, ssse3, sse4.1, sse4.2, popcnt, avx, avx2, aes, clmul, erms, lzcnt, ht, tsc, tscinvbit, bmi1, bmi2

Memory: 4k page, physical 8388608k(1537136k free)

/proc/meminfo:


vm_info: Java HotSpot(TM) 64-Bit Server VM (25.25-b02) for bsd-amd64 JRE (1.8.0_25-b17), built on Sep 17 2014 16:56:50 by "java_re" with gcc 4.2.1 (Based on Apple Inc. build 5658) (LLVM build 2336.11.00)

time: Thu Apr  7 14:01:36 2016
elapsed time: 25 seconds (0d 0h 0m 25s)

