#
# A fatal error has been detected by the Java Runtime Environment:
#
#  SIGSEGV (0xb) at pc=0x00000001280183fd, pid=1447, tid=2571
#
# JRE version: Java(TM) SE Runtime Environment (8.0_25-b17) (build 1.8.0_25-b17)
# Java VM: Java HotSpot(TM) 64-Bit Server VM (25.25-b02 mixed mode bsd-amd64 compressed oops)
# Problematic frame:
# C  [libglass.dylib+0x163fd]  GlassScreenDidChangeScreenParameters+0x9d
#
# Failed to write core dump. Core dumps have been disabled. To enable core dumping, try "ulimit -c unlimited" before starting Java again
#
# If you would like to submit a bug report, please visit:
#   http://bugreport.sun.com/bugreport/crash.jsp
#

---------------  T H R E A D  ---------------

Current thread is native thread

siginfo: si_signo: 11 (SIGSEGV), si_code: 1 (SEGV_MAPERR), si_addr: 0x0000000000000000

Registers:
RAX=0x000000012804ae40, RBX=0x0000000000000000, RCX=0x0000000000000103, RDX=0x00007fe3d9e579d0
RSP=0x00007fff5153ac00, RBP=0x00007fff5153ac10, RSI=0x00007fe3d9c1cbb8, RDI=0x0000000000000000
R8 =0x0000000000000040, R9 =0x00007fff72c201e0, R10=0xffffffffffffffff, R11=0x0000000000000246
R12=0x00007fe3d9c53940, R13=0x00007fe3d9c6d3c0, R14=0x00007fe3d9c6d400, R15=0x0000000000000000
RIP=0x00000001280183fd, EFLAGS=0x0000000000010202, ERR=0x0000000000000004
  TRAPNO=0x000000000000000e

Top of Stack: (sp=0x00007fff5153ac00)
0x00007fff5153ac00:   00007fff5153ac58 00007fe3d9c6d400
0x00007fff5153ac10:   00007fff5153ac20 00007fff965d1bbc
0x00007fff5153ac20:   00007fff5153ac40 00007fff965d1b4f
0x00007fff5153ac30:   0000000000000000 0000000000000000
0x00007fff5153ac40:   00007fff5153acb0 00007fff965d1ac7
0x00007fff5153ac50:   00007fff969926c0 00007fff75b470a0
0x00007fff5153ac60:   0000000042000000 00007fff965d1b10
0x00007fff5153ac70:   00007fff76724720 00007fe3d9c6d3c0
0x00007fff5153ac80:   00007fe3d9c53940 00007fff5153b458
0x00007fff5153ac90:   00007fff76851780 00007fff5153b458
0x00007fff5153aca0:   00007fe3d9c6d3c0 00007fff969919e2
0x00007fff5153acb0:   00007fff5153acf0 00007fff965d1832
0x00007fff5153acc0:   00007fff5153b2d0 0000000000000000
0x00007fff5153acd0:   00007fff76851780 00007fff5153b458
0x00007fff5153ace0:   00007fff902b84c0 00007fff969919e2
0x00007fff5153acf0:   00007fff5153b400 00007fff9658e5e2
0x00007fff5153ad00:   00007fe3d9ccd800 0000000000000002
0x00007fff5153ad10:   0000000000000000 00007fe3d9c264d0
0x00007fff5153ad20:   00007fe3da009048 00007fe3d9c55970
0x00007fff5153ad30:   0000000000000000 00007fe3d9c6d460
0x00007fff5153ad40:   0000000000000000 0000000000000000
0x00007fff5153ad50:   00007fff76761bc0 00007fff5153b2d0
0x00007fff5153ad60:   0000000000000001 0000000000000100
0x00007fff5153ad70:   0000000000000000 00007fff5153b1d0
0x00007fff5153ad80:   0000000000000000 0000000000000100
0x00007fff5153ad90:   4093000000000000 00007fff76851780
0x00007fff5153ada0:   0000000000000000 00007fff76725500
0x00007fff5153adb0:   00007fff76851780 0000000000000000
0x00007fff5153adc0:   00007fff76725500 00007fe3dc336730
0x00007fff5153add0:   00007fe3d9ccd800 0000000000000002
0x00007fff5153ade0:   0000000000000000 00007fff902b84c0
0x00007fff5153adf0:   00007fff5153afb0 00007fff8908e584 

Instructions: (pc=0x00000001280183fd)
0x00000001280183dd:   89 df 4c 89 f1 41 ff 90 68 04 00 00 48 8d 05 58
0x00000001280183ed:   29 03 00 48 8b 30 48 8d 05 46 2a 03 00 48 8b 10
0x00000001280183fd:   48 8b 0b 30 c0 48 89 df ff 91 68 04 00 00 48 8b
0x000000012801840d:   03 48 89 df ff 50 78 48 85 c0 74 36 49 89 c6 48 

Register to memory mapping:

RAX=0x000000012804ae40: jScreenNotifySettingsChanged+0 in /Library/Java/JavaVirtualMachines/jdk1.8.0_25.jdk/Contents/Home/jre/lib/libglass.dylib at 0x0000000128002000
RBX=0x0000000000000000 is an unknown value
RCX=0x0000000000000103 is an unknown value
RDX=0x00007fe3d9e579d0 is an unknown value
RSP=0x00007fff5153ac00 is an unknown value
RBP=0x00007fff5153ac10 is an unknown value
RSI=0x00007fe3d9c1cbb8 is a global jni handle
RDI=0x0000000000000000 is an unknown value
R8 =0x0000000000000040 is an unknown value
R9 =0x00007fff72c201e0: __sFX+0x1c0 in /usr/lib/system/libsystem_c.dylib at 0x00007fff845b3000
R10=0xffffffffffffffff is an unknown value
R11=0x0000000000000246 is an unknown value
R12=0x00007fe3d9c53940 is an unknown value
R13=0x00007fe3d9c6d3c0 is an unknown value
R14=0x00007fe3d9c6d400 is an unknown value
R15=0x0000000000000000 is an unknown value


Stack: [0x00007fff50d3e000,0x00007fff5153e000],  sp=0x00007fff5153ac00,  free space=8179k
Native frames: (J=compiled Java code, j=interpreted, Vv=VM code, C=native code)
C  [libglass.dylib+0x163fd]  GlassScreenDidChangeScreenParameters+0x9d
C  [CoreFoundation+0xa0bbc]  __CFNOTIFICATIONCENTER_IS_CALLING_OUT_TO_AN_OBSERVER__+0xc
C  [CoreFoundation+0xa0b4f]  ___CFXRegistrationPost_block_invoke+0x3f
C  [CoreFoundation+0xa0ac7]  _CFXRegistrationPost+0x197
C  [CoreFoundation+0xa0832]  ___CFXNotificationPost_block_invoke+0x32
C  [CoreFoundation+0x5d5e2]  -[_CFXNotificationRegistrar find:object:observer:enumerator:]+0x782
C  [CoreFoundation+0x5c835]  _CFXNotificationPost+0x2b5
C  [Foundation+0x6fda]  -[NSNotificationCenter postNotificationName:object:userInfo:]+0x42
C  [AppKit+0x41c157]  -[NSApplication _reactToScreenInvalidationImmediately:]+0x17f
C  [AppKit+0x41bfa8]  __44-[NSApplication _reactToScreenInvalidation:]_block_invoke+0x3b
C  [CoreFoundation+0xaa4ac]  __CFRUNLOOP_IS_CALLING_OUT_TO_A_BLOCK__+0xc
C  [CoreFoundation+0x89d05]  __CFRunLoopDoBlocks+0x155
C  [CoreFoundation+0x89a6b]  __CFRunLoopRun+0x92b
C  [CoreFoundation+0x88ed8]  CFRunLoopRunSpecific+0x128
C  [java+0x56cc]  CreateExecutionEnvironment+0x367
C  [java+0x165c]  JLI_Launch+0x7a0
C  [java+0x768a]  main+0x65
C  [java+0xeb4]  start+0x34


---------------  P R O C E S S  ---------------

VM state:not at safepoint (normal execution)

VM Mutex/Monitor currently owned by a thread: None

Heap:
 PSYoungGen      total 38400K, used 33280K [0x0000000795580000, 0x0000000798000000, 0x00000007c0000000)
  eden space 33280K, 100% used [0x0000000795580000,0x0000000797600000,0x0000000797600000)
  from space 5120K, 0% used [0x0000000797b00000,0x0000000797b00000,0x0000000798000000)
  to   space 5120K, 0% used [0x0000000797600000,0x0000000797600000,0x0000000797b00000)
 ParOldGen       total 87552K, used 0K [0x0000000740000000, 0x0000000745580000, 0x0000000795580000)
  object space 87552K, 0% used [0x0000000740000000,0x0000000740000000,0x0000000745580000)
 Metaspace       used 14823K, capacity 15334K, committed 15488K, reserved 1062912K
  class space    used 1948K, capacity 2102K, committed 2176K, reserved 1048576K

Card table byte_map: [0x000000011f4dc000,0x000000011f8dd000] byte_map_base: 0x000000011badc000

Marking Bits: (ParMarkBitMap*) 0x000000010fa9d390
 Begin Bits: [0x000000011fb88000, 0x0000000121b88000)
 End Bits:   [0x0000000121b88000, 0x0000000123b88000)

Polling page: 0x000000010e983000

CodeCache: size=245760Kb used=4841Kb max_used=4847Kb free=240918Kb
 bounds [0x000000011011c000, 0x00000001105dc000, 0x000000011f11c000]
 total_blobs=2204 nmethods=1592 adapters=526
 compilation: enabled

Compilation events (10 events):
Event: 138.099 Thread 0x00007fe3db022000 1589       4       java.util.concurrent.ConcurrentHashMap::casTabAt (20 bytes)
Event: 138.100 Thread 0x00007fe3db022000 nmethod 1589 0x00000001105d0790 code [0x00000001105d08c0, 0x00000001105d0938]
Event: 138.100 Thread 0x00007fe3db016000 1590       3       java.util.Properties::getProperty (46 bytes)
Event: 138.101 Thread 0x00007fe3db016000 nmethod 1590 0x00000001105d8750 code [0x00000001105d88e0, 0x00000001105d8df8]
Event: 138.104 Thread 0x00007fe3db016000 1591       3       java.lang.StringBuffer::<init> (7 bytes)
Event: 138.104 Thread 0x00007fe3db016000 nmethod 1591 0x00000001105d7fd0 code [0x00000001105d8140, 0x00000001105d83f0]
Event: 144.618 Thread 0x00007fe3db016000 1592       3       java.nio.HeapCharBuffer::ix (7 bytes)
Event: 144.618 Thread 0x00007fe3db016000 nmethod 1592 0x00000001105d7cd0 code [0x00000001105d7e20, 0x00000001105d7f70]
Event: 144.618 Thread 0x00007fe3db016000 1593       3       java.lang.Character::charCount (12 bytes)
Event: 144.618 Thread 0x00007fe3db016000 nmethod 1593 0x00000001105d7950 code [0x00000001105d7ac0, 0x00000001105d7c50]

GC Heap History (0 events):
No events

Deoptimization events (10 events):
Event: 0.549 Thread 0x00007fe3db825800 Uncommon trap: reason=unreached action=reinterpret pc=0x0000000110371428 method=java.util.HashMap.getNode(ILjava/lang/Object;)Ljava/util/HashMap$Node; @ 84
Event: 0.829 Thread 0x00007fe3db825800 Uncommon trap: reason=class_check action=maybe_recompile pc=0x000000011036bed0 method=java.io.DataInputStream.readShort()S @ 4
Event: 0.829 Thread 0x00007fe3db825800 Uncommon trap: reason=class_check action=maybe_recompile pc=0x000000011036bed0 method=java.io.DataInputStream.readShort()S @ 4
Event: 0.829 Thread 0x00007fe3db825800 Uncommon trap: reason=class_check action=maybe_recompile pc=0x000000011036bed0 method=java.io.DataInputStream.readShort()S @ 4
Event: 0.829 Thread 0x00007fe3db825800 Uncommon trap: reason=class_check action=maybe_recompile pc=0x000000011036bed0 method=java.io.DataInputStream.readShort()S @ 4
Event: 0.837 Thread 0x00007fe3db825800 Uncommon trap: reason=class_check action=maybe_recompile pc=0x000000011023f55c method=java.lang.String.equals(Ljava/lang/Object;)Z @ 8
Event: 0.837 Thread 0x00007fe3db825800 Uncommon trap: reason=class_check action=maybe_recompile pc=0x000000011023f55c method=java.lang.String.equals(Ljava/lang/Object;)Z @ 8
Event: 0.837 Thread 0x00007fe3db825800 Uncommon trap: reason=class_check action=maybe_recompile pc=0x000000011023f55c method=java.lang.String.equals(Ljava/lang/Object;)Z @ 8
Event: 1.037 Thread 0x00007fe3db825800 Uncommon trap: reason=unloaded action=reinterpret pc=0x000000011035e4d8 method=java.lang.CharacterData.of(I)Ljava/lang/CharacterData; @ 96
Event: 1.074 Thread 0x00007fe3db825800 Uncommon trap: reason=class_check action=maybe_recompile pc=0x000000011023f55c method=java.lang.String.equals(Ljava/lang/Object;)Z @ 8

Internal exceptions (10 events):
Event: 10.758 Thread 0x00007fe3db825800 Exception <a 'java/security/PrivilegedActionException'> (0x000000079747bd58) thrown at [/HUDSON3/workspace/8-2-build-macosx-x86_64/jdk8u25/1514/hotspot/src/share/vm/prims/jvm.cpp, line 1312]
Event: 10.759 Thread 0x00007fe3da35b000 Exception <a 'java/security/PrivilegedActionException'> (0x0000000797480b20) thrown at [/HUDSON3/workspace/8-2-build-macosx-x86_64/jdk8u25/1514/hotspot/src/share/vm/prims/jvm.cpp, line 1312]
Event: 10.760 Thread 0x00007fe3da35b000 Exception <a 'java/security/PrivilegedActionException'> (0x0000000797482640) thrown at [/HUDSON3/workspace/8-2-build-macosx-x86_64/jdk8u25/1514/hotspot/src/share/vm/prims/jvm.cpp, line 1312]
Event: 10.762 Thread 0x00007fe3da35b000 Exception <a 'java/security/PrivilegedActionException'> (0x000000079748edb8) thrown at [/HUDSON3/workspace/8-2-build-macosx-x86_64/jdk8u25/1514/hotspot/src/share/vm/prims/jvm.cpp, line 1312]
Event: 10.763 Thread 0x00007fe3da35b000 Exception <a 'java/security/PrivilegedActionException'> (0x0000000797491638) thrown at [/HUDSON3/workspace/8-2-build-macosx-x86_64/jdk8u25/1514/hotspot/src/share/vm/prims/jvm.cpp, line 1312]
Event: 138.101 Thread 0x00007fe3da35b000 Exception <a 'java/security/PrivilegedActionException'> (0x00000007974b1b28) thrown at [/HUDSON3/workspace/8-2-build-macosx-x86_64/jdk8u25/1514/hotspot/src/share/vm/prims/jvm.cpp, line 1312]
Event: 138.102 Thread 0x00007fe3da35b000 Exception <a 'java/security/PrivilegedActionException'> (0x00000007974b5aa8) thrown at [/HUDSON3/workspace/8-2-build-macosx-x86_64/jdk8u25/1514/hotspot/src/share/vm/prims/jvm.cpp, line 1312]
Event: 138.102 Thread 0x00007fe3da35b000 Exception <a 'java/security/PrivilegedActionException'> (0x00000007974b7f70) thrown at [/HUDSON3/workspace/8-2-build-macosx-x86_64/jdk8u25/1514/hotspot/src/share/vm/prims/jvm.cpp, line 1312]
Event: 138.103 Thread 0x00007fe3da35b000 Exception <a 'java/security/PrivilegedActionException'> (0x00000007974ba588) thrown at [/HUDSON3/workspace/8-2-build-macosx-x86_64/jdk8u25/1514/hotspot/src/share/vm/prims/jvm.cpp, line 1312]
Event: 138.104 Thread 0x00007fe3da35b000 Exception <a 'java/lang/NullPointerException'> (0x00000007974bc028) thrown at [/HUDSON3/workspace/8-2-build-macosx-x86_64/jdk8u25/1514/hotspot/src/share/vm/interpreter/linkResolver.cpp, line 1178]

Events (10 events):
Event: 138.101 loading class java/io/InterruptedIOException
Event: 138.101 loading class java/io/InterruptedIOException done
Event: 138.101 loading class application/Plateau
Event: 138.101 loading class application/Plateau done
Event: 138.102 loading class application/PlateauTournant
Event: 138.102 loading class application/PlateauTournant done
Event: 138.102 loading class application/ExceptionPilierRempli
Event: 138.102 loading class application/ExceptionPilierRempli done
Event: 138.103 loading class application/Plateau$Pion
Event: 138.103 loading class application/Plateau$Pion done


Dynamic libraries:
0x00000000028f3000 	/System/Library/Frameworks/Cocoa.framework/Versions/A/Cocoa
0x00000000028f3000 	/System/Library/Frameworks/Security.framework/Versions/A/Security
0x00000000028f3000 	/System/Library/Frameworks/ApplicationServices.framework/Versions/A/ApplicationServices
0x00000000028f3000 	/usr/lib/libz.1.dylib
0x00000000028f3000 	/usr/lib/libSystem.B.dylib
0x00000000028f3000 	/usr/lib/libobjc.A.dylib
0x00000000028f3000 	/System/Library/Frameworks/CoreFoundation.framework/Versions/A/CoreFoundation
0x00000000028f3000 	/System/Library/Frameworks/Foundation.framework/Versions/C/Foundation
0x00000000028f3000 	/System/Library/Frameworks/AppKit.framework/Versions/C/AppKit
0x00000000028f3000 	/System/Library/Frameworks/CoreData.framework/Versions/A/CoreData
0x00000000028f3000 	/System/Library/PrivateFrameworks/RemoteViewServices.framework/Versions/A/RemoteViewServices
0x00000000028f3000 	/System/Library/PrivateFrameworks/UIFoundation.framework/Versions/A/UIFoundation
0x00000000028f3000 	/usr/lib/libScreenReader.dylib
0x00000000028f3000 	/System/Library/Frameworks/Accelerate.framework/Versions/A/Accelerate
0x00000000028f3000 	/System/Library/Frameworks/IOSurface.framework/Versions/A/IOSurface
0x00000000028f3000 	/System/Library/Frameworks/AudioToolbox.framework/Versions/A/AudioToolbox
0x00000000028f3000 	/System/Library/Frameworks/AudioUnit.framework/Versions/A/AudioUnit
0x00000000028f3000 	/System/Library/PrivateFrameworks/DataDetectorsCore.framework/Versions/A/DataDetectorsCore
0x00000000028f3000 	/System/Library/PrivateFrameworks/DesktopServicesPriv.framework/Versions/A/DesktopServicesPriv
0x00000000028f3000 	/System/Library/Frameworks/Carbon.framework/Versions/A/Frameworks/HIToolbox.framework/Versions/A/HIToolbox
0x00000000028f3000 	/System/Library/Frameworks/QuartzCore.framework/Versions/A/QuartzCore
0x00000000028f3000 	/System/Library/Frameworks/Carbon.framework/Versions/A/Frameworks/SpeechRecognition.framework/Versions/A/SpeechRecognition
0x00000000028f3000 	/usr/lib/libauto.dylib
0x00000000028f3000 	/usr/lib/libicucore.A.dylib
0x00000000028f3000 	/usr/lib/libxml2.2.dylib
0x00000000028f3000 	/System/Library/PrivateFrameworks/CoreUI.framework/Versions/A/CoreUI
0x00000000028f3000 	/System/Library/Frameworks/CoreAudio.framework/Versions/A/CoreAudio
0x00000000028f3000 	/System/Library/Frameworks/DiskArbitration.framework/Versions/A/DiskArbitration
0x00000000028f3000 	/usr/lib/liblangid.dylib
0x00000000028f3000 	/System/Library/PrivateFrameworks/MultitouchSupport.framework/Versions/A/MultitouchSupport
0x00000000028f3000 	/System/Library/Frameworks/IOKit.framework/Versions/A/IOKit
0x00000000028f3000 	/usr/lib/libDiagnosticMessagesClient.dylib
0x00000000028f3000 	/System/Library/Frameworks/CoreServices.framework/Versions/A/CoreServices
0x00000000028f3000 	/System/Library/PrivateFrameworks/PerformanceAnalysis.framework/Versions/A/PerformanceAnalysis
0x00000000028f3000 	/System/Library/PrivateFrameworks/GenerationalStorage.framework/Versions/A/GenerationalStorage
0x00000000028f3000 	/System/Library/Frameworks/OpenGL.framework/Versions/A/OpenGL
0x00000000028f3000 	/System/Library/PrivateFrameworks/Sharing.framework/Versions/A/Sharing
0x00000000028f3000 	/System/Library/Frameworks/CoreGraphics.framework/Versions/A/CoreGraphics
0x00000000028f3000 	/System/Library/Frameworks/CoreImage.framework/Versions/A/CoreImage
0x00000000028f3000 	/System/Library/Frameworks/CoreText.framework/Versions/A/CoreText
0x00000000028f3000 	/System/Library/Frameworks/ImageIO.framework/Versions/A/ImageIO
0x00000000028f3000 	/System/Library/PrivateFrameworks/Backup.framework/Versions/A/Backup
0x00000000028f3000 	/usr/lib/libextension.dylib
0x00000000028f3000 	/usr/lib/libarchive.2.dylib
0x00000000028f3000 	/System/Library/Frameworks/CFNetwork.framework/Versions/A/CFNetwork
0x00000000028f3000 	/System/Library/Frameworks/SystemConfiguration.framework/Versions/A/SystemConfiguration
0x00000000028f3000 	/usr/lib/libCRFSuite.dylib
0x00000000028f3000 	/usr/lib/libc++.1.dylib
0x00000000028f3000 	/usr/lib/libc++abi.dylib
0x00000000028f3000 	/usr/lib/system/libcache.dylib
0x00000000028f3000 	/usr/lib/system/libcommonCrypto.dylib
0x00000000028f3000 	/usr/lib/system/libcompiler_rt.dylib
0x00000000028f3000 	/usr/lib/system/libcopyfile.dylib
0x00000000028f3000 	/usr/lib/system/libcorecrypto.dylib
0x00000000028f3000 	/usr/lib/system/libdispatch.dylib
0x00000000028f3000 	/usr/lib/system/libdyld.dylib
0x00000000028f3000 	/usr/lib/system/libkeymgr.dylib
0x00000000028f3000 	/usr/lib/system/liblaunch.dylib
0x00000000028f3000 	/usr/lib/system/libmacho.dylib
0x00000000028f3000 	/usr/lib/system/libquarantine.dylib
0x00000000028f3000 	/usr/lib/system/libremovefile.dylib
0x00000000028f3000 	/usr/lib/system/libsystem_asl.dylib
0x00000000028f3000 	/usr/lib/system/libsystem_blocks.dylib
0x00000000028f3000 	/usr/lib/system/libsystem_c.dylib
0x00000000028f3000 	/usr/lib/system/libsystem_configuration.dylib
0x00000000028f3000 	/usr/lib/system/libsystem_coreservices.dylib
0x00000000028f3000 	/usr/lib/system/libsystem_coretls.dylib
0x00000000028f3000 	/usr/lib/system/libsystem_dnssd.dylib
0x00000000028f3000 	/usr/lib/system/libsystem_info.dylib
0x00000000028f3000 	/usr/lib/system/libsystem_kernel.dylib
0x00000000028f3000 	/usr/lib/system/libsystem_m.dylib
0x00000000028f3000 	/usr/lib/system/libsystem_malloc.dylib
0x00000000028f3000 	/usr/lib/system/libsystem_network.dylib
0x00000000028f3000 	/usr/lib/system/libsystem_networkextension.dylib
0x00000000028f3000 	/usr/lib/system/libsystem_notify.dylib
0x00000000028f3000 	/usr/lib/system/libsystem_platform.dylib
0x00000000028f3000 	/usr/lib/system/libsystem_pthread.dylib
0x00000000028f3000 	/usr/lib/system/libsystem_sandbox.dylib
0x00000000028f3000 	/usr/lib/system/libsystem_secinit.dylib
0x00000000028f3000 	/usr/lib/system/libsystem_trace.dylib
0x00000000028f3000 	/usr/lib/system/libunc.dylib
0x00000000028f3000 	/usr/lib/system/libunwind.dylib
0x00000000028f3000 	/usr/lib/system/libxpc.dylib
0x00000000028f3000 	/usr/lib/libenergytrace.dylib
0x00000000028f3000 	/usr/lib/libbsm.0.dylib
0x00000000028f3000 	/usr/lib/system/libkxld.dylib
0x00000000028f3000 	/usr/lib/libxar.1.dylib
0x00000000028f3000 	/usr/lib/libsqlite3.dylib
0x00000000028f3000 	/usr/lib/libpam.2.dylib
0x00000000028f3000 	/usr/lib/libOpenScriptingUtil.dylib
0x00000000028f3000 	/usr/lib/libbz2.1.0.dylib
0x00000000028f3000 	/usr/lib/liblzma.5.dylib
0x00000000028f3000 	/System/Library/Frameworks/CoreServices.framework/Versions/A/Frameworks/FSEvents.framework/Versions/A/FSEvents
0x00000000028f3000 	/System/Library/Frameworks/CoreServices.framework/Versions/A/Frameworks/CarbonCore.framework/Versions/A/CarbonCore
0x00000000028f3000 	/System/Library/Frameworks/CoreServices.framework/Versions/A/Frameworks/Metadata.framework/Versions/A/Metadata
0x00000000028f3000 	/System/Library/Frameworks/CoreServices.framework/Versions/A/Frameworks/OSServices.framework/Versions/A/OSServices
0x00000000028f3000 	/System/Library/Frameworks/CoreServices.framework/Versions/A/Frameworks/SearchKit.framework/Versions/A/SearchKit
0x00000000028f3000 	/System/Library/Frameworks/CoreServices.framework/Versions/A/Frameworks/AE.framework/Versions/A/AE
0x00000000028f3000 	/System/Library/Frameworks/CoreServices.framework/Versions/A/Frameworks/LaunchServices.framework/Versions/A/LaunchServices
0x00000000028f3000 	/System/Library/Frameworks/CoreServices.framework/Versions/A/Frameworks/DictionaryServices.framework/Versions/A/DictionaryServices
0x00000000028f3000 	/System/Library/Frameworks/CoreServices.framework/Versions/A/Frameworks/SharedFileList.framework/Versions/A/SharedFileList
0x00000000028f3000 	/System/Library/Frameworks/NetFS.framework/Versions/A/NetFS
0x00000000028f3000 	/System/Library/PrivateFrameworks/NetAuth.framework/Versions/A/NetAuth
0x00000000028f3000 	/System/Library/PrivateFrameworks/login.framework/Versions/A/Frameworks/loginsupport.framework/Versions/A/loginsupport
0x00000000028f3000 	/System/Library/PrivateFrameworks/TCC.framework/Versions/A/TCC
0x00000000028f3000 	/usr/lib/libmecabra.dylib
0x00000000028f3000 	/System/Library/Frameworks/ApplicationServices.framework/Versions/A/Frameworks/ATS.framework/Versions/A/ATS
0x00000000028f3000 	/System/Library/Frameworks/ApplicationServices.framework/Versions/A/Frameworks/ColorSync.framework/Versions/A/ColorSync
0x00000000028f3000 	/System/Library/Frameworks/ApplicationServices.framework/Versions/A/Frameworks/HIServices.framework/Versions/A/HIServices
0x00000000028f3000 	/System/Library/Frameworks/ApplicationServices.framework/Versions/A/Frameworks/LangAnalysis.framework/Versions/A/LangAnalysis
0x00000000028f3000 	/System/Library/Frameworks/ApplicationServices.framework/Versions/A/Frameworks/PrintCore.framework/Versions/A/PrintCore
0x00000000028f3000 	/System/Library/Frameworks/ApplicationServices.framework/Versions/A/Frameworks/QD.framework/Versions/A/QD
0x00000000028f3000 	/System/Library/Frameworks/ApplicationServices.framework/Versions/A/Frameworks/SpeechSynthesis.framework/Versions/A/SpeechSynthesis
0x00000000028f3000 	/System/Library/Frameworks/Metal.framework/Versions/A/Metal
0x00000000028f3000 	/System/Library/Frameworks/Accelerate.framework/Versions/A/Frameworks/vImage.framework/Versions/A/vImage
0x00000000028f3000 	/System/Library/Frameworks/Accelerate.framework/Versions/A/Frameworks/vecLib.framework/Versions/A/vecLib
0x00000000028f3000 	/System/Library/Frameworks/Accelerate.framework/Versions/A/Frameworks/vecLib.framework/Versions/A/libvDSP.dylib
0x00000000028f3000 	/System/Library/Frameworks/Accelerate.framework/Versions/A/Frameworks/vecLib.framework/Versions/A/libvMisc.dylib
0x00000000028f3000 	/System/Library/Frameworks/Accelerate.framework/Versions/A/Frameworks/vecLib.framework/Versions/A/libLAPACK.dylib
0x00000000028f3000 	/System/Library/Frameworks/Accelerate.framework/Versions/A/Frameworks/vecLib.framework/Versions/A/libBLAS.dylib
0x00000000028f3000 	/System/Library/Frameworks/Accelerate.framework/Versions/A/Frameworks/vecLib.framework/Versions/A/libLinearAlgebra.dylib
0x00000000028f3000 	/System/Library/Frameworks/Accelerate.framework/Versions/A/Frameworks/vecLib.framework/Versions/A/libSparseBLAS.dylib
0x00000000028f3000 	/System/Library/PrivateFrameworks/GPUCompiler.framework/libmetal_timestamp.dylib
0x00000000028f3000 	/System/Library/Frameworks/OpenGL.framework/Versions/A/Libraries/libCoreFSCache.dylib
0x00000000028f3000 	/System/Library/PrivateFrameworks/IOAccelerator.framework/Versions/A/IOAccelerator
0x00000000028f3000 	/System/Library/Frameworks/ApplicationServices.framework/Versions/A/Frameworks/ATS.framework/Versions/A/Resources/libFontParser.dylib
0x00000000028f3000 	/System/Library/Frameworks/ApplicationServices.framework/Versions/A/Frameworks/ATS.framework/Versions/A/Resources/libFontRegistry.dylib
0x00000000028f3000 	/System/Library/PrivateFrameworks/AppleVPA.framework/Versions/A/AppleVPA
0x00000000028f3000 	/System/Library/PrivateFrameworks/AppleJPEG.framework/Versions/A/AppleJPEG
0x00000000028f3000 	/System/Library/Frameworks/ImageIO.framework/Versions/A/Resources/libJPEG.dylib
0x00000000028f3000 	/System/Library/Frameworks/ImageIO.framework/Versions/A/Resources/libTIFF.dylib
0x00000000028f3000 	/System/Library/Frameworks/ImageIO.framework/Versions/A/Resources/libPng.dylib
0x00000000028f3000 	/System/Library/Frameworks/ImageIO.framework/Versions/A/Resources/libGIF.dylib
0x00000000028f3000 	/System/Library/Frameworks/ImageIO.framework/Versions/A/Resources/libJP2.dylib
0x00000000028f3000 	/System/Library/Frameworks/ImageIO.framework/Versions/A/Resources/libRadiance.dylib
0x00000000028f3000 	/System/Library/Frameworks/CoreVideo.framework/Versions/A/CoreVideo
0x00000000028f3000 	/System/Library/Frameworks/OpenGL.framework/Versions/A/Libraries/libGLU.dylib
0x00000000028f3000 	/System/Library/Frameworks/OpenGL.framework/Versions/A/Libraries/libGFXShared.dylib
0x00000000028f3000 	/System/Library/Frameworks/OpenGL.framework/Versions/A/Libraries/libGL.dylib
0x00000000028f3000 	/System/Library/Frameworks/OpenGL.framework/Versions/A/Libraries/libGLImage.dylib
0x00000000028f3000 	/System/Library/Frameworks/OpenGL.framework/Versions/A/Libraries/libCVMSPluginSupport.dylib
0x00000000028f3000 	/System/Library/Frameworks/OpenGL.framework/Versions/A/Libraries/libCoreVMClient.dylib
0x00000000028f3000 	/usr/lib/libcups.2.dylib
0x00000000028f3000 	/System/Library/Frameworks/Kerberos.framework/Versions/A/Kerberos
0x00000000028f3000 	/System/Library/Frameworks/GSS.framework/Versions/A/GSS
0x00000000028f3000 	/usr/lib/libresolv.9.dylib
0x00000000028f3000 	/usr/lib/libiconv.2.dylib
0x00000000028f3000 	/System/Library/PrivateFrameworks/Heimdal.framework/Versions/A/Heimdal
0x00000000028f3000 	/usr/lib/libheimdal-asn1.dylib
0x00000000028f3000 	/System/Library/Frameworks/OpenDirectory.framework/Versions/A/OpenDirectory
0x00000000028f3000 	/System/Library/PrivateFrameworks/CommonAuth.framework/Versions/A/CommonAuth
0x00000000028f3000 	/System/Library/Frameworks/OpenDirectory.framework/Versions/A/Frameworks/CFOpenDirectory.framework/Versions/A/CFOpenDirectory
0x00000000028f3000 	/System/Library/Frameworks/SecurityFoundation.framework/Versions/A/SecurityFoundation
0x00000000028f3000 	/System/Library/PrivateFrameworks/LanguageModeling.framework/Versions/A/LanguageModeling
0x00000000028f3000 	/usr/lib/libmarisa.dylib
0x00000000028f3000 	/usr/lib/libChineseTokenizer.dylib
0x00000000028f3000 	/usr/lib/libcmph.dylib
0x00000000028f3000 	/usr/lib/libcompression.dylib
0x00000000028f3000 	/System/Library/Frameworks/ServiceManagement.framework/Versions/A/ServiceManagement
0x00000000028f3000 	/usr/lib/libxslt.1.dylib
0x00000000028f3000 	/System/Library/Frameworks/Carbon.framework/Versions/A/Frameworks/Ink.framework/Versions/A/Ink
0x00000000028f3000 	/usr/lib/libFosl_dynamic.dylib
0x00000000028f3000 	/System/Library/PrivateFrameworks/FaceCore.framework/Versions/A/FaceCore
0x00000000028f3000 	/System/Library/Frameworks/OpenCL.framework/Versions/A/OpenCL
0x00000000028f3000 	/System/Library/PrivateFrameworks/CrashReporterSupport.framework/Versions/A/CrashReporterSupport
0x00000000028f3000 	/System/Library/PrivateFrameworks/IconServices.framework/Versions/A/IconServices
0x00000000028f3000 	/System/Library/PrivateFrameworks/Apple80211.framework/Versions/A/Apple80211
0x00000000028f3000 	/System/Library/Frameworks/CoreWLAN.framework/Versions/A/CoreWLAN
0x00000000028f3000 	/System/Library/Frameworks/IOBluetooth.framework/Versions/A/IOBluetooth
0x00000000028f3000 	/System/Library/PrivateFrameworks/CoreWiFi.framework/Versions/A/CoreWiFi
0x00000000028f3000 	/System/Library/Frameworks/CoreBluetooth.framework/Versions/A/CoreBluetooth
0x00000000028f3000 	/System/Library/PrivateFrameworks/ChunkingLibrary.framework/Versions/A/ChunkingLibrary
0x00000000028f3000 	/System/Library/PrivateFrameworks/DebugSymbols.framework/Versions/A/DebugSymbols
0x00000000028f3000 	/System/Library/PrivateFrameworks/CoreSymbolication.framework/Versions/A/CoreSymbolication
0x00000000028f3000 	/System/Library/PrivateFrameworks/Symbolication.framework/Versions/A/Symbolication
0x00000000028f3000 	/System/Library/PrivateFrameworks/SpeechRecognitionCore.framework/Versions/A/SpeechRecognitionCore
0x000000010f200000 	/Library/Java/JavaVirtualMachines/jdk1.8.0_25.jdk/Contents/Home/jre/lib/server/libjvm.dylib
0x00000000028f3000 	/usr/lib/libstdc++.6.dylib
0x000000010e941000 	/Library/Java/JavaVirtualMachines/jdk1.8.0_25.jdk/Contents/Home/jre/lib/libverify.dylib
0x000000010e94f000 	/Library/Java/JavaVirtualMachines/jdk1.8.0_25.jdk/Contents/Home/jre/lib/libjava.dylib
0x000000010e98d000 	/Library/Java/JavaVirtualMachines/jdk1.8.0_25.jdk/Contents/Home/jre/lib/libzip.dylib
0x0000000125a2b000 	/System/Library/Frameworks/JavaVM.framework/Frameworks/JavaRuntimeSupport.framework/JavaRuntimeSupport
0x000000010e9e7000 	/System/Library/Frameworks/JavaVM.framework/Versions/A/Frameworks/JavaNativeFoundation.framework/Versions/A/JavaNativeFoundation
0x0000000125a46000 	/System/Library/Frameworks/JavaVM.framework/Versions/A/JavaVM
0x00000000028f3000 	/System/Library/Frameworks/Carbon.framework/Versions/A/Carbon
0x0000000125a53000 	/System/Library/PrivateFrameworks/JavaLaunching.framework/Versions/A/JavaLaunching
0x00000000028f3000 	/System/Library/Frameworks/Carbon.framework/Versions/A/Frameworks/CommonPanels.framework/Versions/A/CommonPanels
0x00000000028f3000 	/System/Library/Frameworks/Carbon.framework/Versions/A/Frameworks/Help.framework/Versions/A/Help
0x00000000028f3000 	/System/Library/Frameworks/Carbon.framework/Versions/A/Frameworks/ImageCapture.framework/Versions/A/ImageCapture
0x00000000028f3000 	/System/Library/Frameworks/Carbon.framework/Versions/A/Frameworks/OpenScripting.framework/Versions/A/OpenScripting
0x00000000028f3000 	/System/Library/Frameworks/Carbon.framework/Versions/A/Frameworks/Print.framework/Versions/A/Print
0x00000000028f3000 	/System/Library/Frameworks/Carbon.framework/Versions/A/Frameworks/SecurityHI.framework/Versions/A/SecurityHI
0x00000001273ff000 	/Library/Java/JavaVirtualMachines/jdk1.8.0_25.jdk/Contents/Home/jre/lib/libprism_es2.dylib
0x00000000028f3000 	/System/Library/Frameworks/OpenGL.framework/Versions/A/Resources/GLEngine.bundle/GLEngine
0x00000000028f3000 	/System/Library/Frameworks/OpenGL.framework/Versions/A/Libraries/libGLProgrammability.dylib
0x0000000127480000 	/System/Library/Extensions/AppleIntelHD5000GraphicsGLDriver.bundle/Contents/MacOS/AppleIntelHD5000GraphicsGLDriver
0x00000000028f3000 	/System/Library/PrivateFrameworks/GPUSupport.framework/Versions/A/Libraries/libGPUSupportMercury.dylib
0x00000000028f3000 	/System/Library/Frameworks/OpenGL.framework/Versions/A/Resources/GLRendererFloat.bundle/GLRendererFloat
0x00000000028f3000 	/System/Library/Frameworks/OpenCL.framework/Versions/A/Libraries/libcldcpuengine.dylib
0x00000000028f3000 	/System/Library/PrivateFrameworks/DiskImages.framework/Versions/A/DiskImages
0x00000000028f3000 	/System/Library/Frameworks/DiscRecording.framework/Versions/A/DiscRecording
0x00000000028f3000 	/usr/lib/libcsfde.dylib
0x00000000028f3000 	/usr/lib/libcurl.4.dylib
0x00000000028f3000 	/System/Library/PrivateFrameworks/MediaKit.framework/Versions/A/MediaKit
0x00000000028f3000 	/System/Library/PrivateFrameworks/ProtectedCloudStorage.framework/Versions/A/ProtectedCloudStorage
0x00000000028f3000 	/usr/lib/libCoreStorage.dylib
0x00000000028f3000 	/System/Library/PrivateFrameworks/EFILogin.framework/Versions/A/EFILogin
0x00000000028f3000 	/usr/lib/libutil.dylib
0x00000000028f3000 	/System/Library/PrivateFrameworks/FindMyDevice.framework/Versions/A/FindMyDevice
0x00000000028f3000 	/System/Library/Frameworks/LDAP.framework/Versions/A/LDAP
0x00000000028f3000 	/usr/lib/libsasl2.2.dylib
0x00000000028f3000 	/System/Library/PrivateFrameworks/CoreDaemon.framework/Versions/B/CoreDaemon
0x00000000028f3000 	/usr/lib/libcrypto.0.9.8.dylib
0x00000000028f3000 	/System/Library/PrivateFrameworks/AppleSRP.framework/Versions/A/AppleSRP
0x00000000028f3000 	/System/Library/PrivateFrameworks/TrustEvaluationAgent.framework/Versions/A/TrustEvaluationAgent
0x0000000128002000 	/Library/Java/JavaVirtualMachines/jdk1.8.0_25.jdk/Contents/Home/jre/lib/libglass.dylib
0x00000000028f3000 	/System/Library/PrivateFrameworks/CoreServicesInternal.framework/Versions/A/CoreServicesInternal
0x00000000028f3000 	/System/Library/CoreServices/RawCamera.bundle/Contents/MacOS/RawCamera
0x00000000028f3000 	/System/Library/Frameworks/CoreGraphics.framework/Versions/A/Resources/libRIP.A.dylib
0x00000000028f3000 	/System/Library/Frameworks/Accelerate.framework/Versions/A/Frameworks/vImage.framework/Versions/A/Libraries/libCGInterfaces.dylib
0x00000000028f3000 	/System/Library/PrivateFrameworks/FamilyControls.framework/Versions/A/FamilyControls
0x00000000028f3000 	/System/Library/PrivateFrameworks/CommerceKit.framework/Versions/A/Frameworks/CommerceCore.framework/Versions/A/CommerceCore
0x00000000028f3000 	/System/Library/PrivateFrameworks/SystemAdministration.framework/Versions/A/SystemAdministration
0x00000000028f3000 	/System/Library/PrivateFrameworks/AppContainer.framework/Versions/A/AppContainer
0x00000000028f3000 	/System/Library/PrivateFrameworks/SecCodeWrapper.framework/Versions/A/SecCodeWrapper
0x00000000028f3000 	/System/Library/Frameworks/DirectoryService.framework/Versions/A/DirectoryService
0x00000000028f3000 	/System/Library/PrivateFrameworks/LoginUIKit.framework/Versions/A/Frameworks/LoginUICore.framework/Versions/A/LoginUICore
0x00000000028f3000 	/usr/lib/libodfde.dylib
0x000000012ae2e000 	/Library/Java/JavaVirtualMachines/jdk1.8.0_25.jdk/Contents/Home/jre/lib/libjavafx_font.dylib
0x00000000028f3000 	/System/Library/Frameworks/CoreGraphics.framework/Versions/A/Resources/libCGXType.A.dylib
0x000000012ce93000 	cl_kernels
0x00000000028f3000 	/System/Library/Frameworks/OpenCL.framework/Versions/A/Libraries/ImageFormats/unorm8_bgra.dylib
0x00000000028f3000 	/System/Library/Frameworks/OpenCL.framework/Versions/A/Libraries/ImageFormats/unorm8_rgba.dylib
0x000000012d9a0000 	/Library/Java/JavaVirtualMachines/jdk1.8.0_25.jdk/Contents/Home/jre/lib/libprism_common.dylib
0x000000012ea7b000 	/System/Library/Extensions/AppleIntelHD5000GraphicsMTLDriver.bundle/Contents/MacOS/AppleIntelHD5000GraphicsMTLDriver

VM Arguments:
jvm_args: -Dfile.encoding=UTF-8 
java_command: application.Main
java_class_path (initial): /Users/dez/Documents/workspace/Interface/bin
Launcher Type: SUN_STANDARD

Environment Variables:
PATH=/usr/bin:/bin:/usr/sbin:/sbin
SHELL=/bin/bash
DISPLAY=/private/tmp/com.apple.launchd.2I538nOW7c/org.macosforge.xquartz:0

Signal Handlers:
SIGSEGV: [libjvm.dylib+0x579dc7], sa_mask[0]=11111111011111110111111111111111, sa_flags=SA_ONSTACK|SA_RESTART|SA_SIGINFO
SIGBUS: [libjvm.dylib+0x579dc7], sa_mask[0]=11111111011111110111111111111111, sa_flags=SA_RESTART|SA_SIGINFO
SIGFPE: [libjvm.dylib+0x45b030], sa_mask[0]=11111111011111110111111111111111, sa_flags=SA_RESTART|SA_SIGINFO
SIGPIPE: [libjvm.dylib+0x45b030], sa_mask[0]=11111111011111110111111111111111, sa_flags=SA_RESTART|SA_SIGINFO
SIGXFSZ: [libjvm.dylib+0x45b030], sa_mask[0]=11111111011111110111111111111111, sa_flags=SA_RESTART|SA_SIGINFO
SIGILL: [libjvm.dylib+0x45b030], sa_mask[0]=11111111011111110111111111111111, sa_flags=SA_RESTART|SA_SIGINFO
SIGUSR1: SIG_DFL, sa_mask[0]=00000000000000000000000000000000, sa_flags=none
SIGUSR2: [libjvm.dylib+0x45ab4e], sa_mask[0]=00100000000000000000000000000000, sa_flags=SA_RESTART|SA_SIGINFO
SIGHUP: [libjvm.dylib+0x459121], sa_mask[0]=11111111011111110111111111111111, sa_flags=SA_RESTART|SA_SIGINFO
SIGINT: [libjvm.dylib+0x459121], sa_mask[0]=11111111011111110111111111111111, sa_flags=SA_RESTART|SA_SIGINFO
SIGTERM: [libjvm.dylib+0x459121], sa_mask[0]=11111111011111110111111111111111, sa_flags=SA_RESTART|SA_SIGINFO
SIGQUIT: [libjvm.dylib+0x459121], sa_mask[0]=11111111011111110111111111111111, sa_flags=SA_RESTART|SA_SIGINFO


---------------  S Y S T E M  ---------------

OS:Bsduname:Darwin 15.4.0 Darwin Kernel Version 15.4.0: Fri Feb 26 22:08:05 PST 2016; root:xnu-3248.40.184~3/RELEASE_X86_64 x86_64
rlimit: STACK 8192k, CORE 0k, NPROC 709, NOFILE 10240, AS infinity
load average:2.85 2.26 2.12

CPU:total 4 (2 cores per cpu, 2 threads per core) family 6 model 69 stepping 1, cmov, cx8, fxsr, mmx, sse, sse2, sse3, ssse3, sse4.1, sse4.2, popcnt, avx, avx2, aes, clmul, erms, lzcnt, ht, tsc, tscinvbit, bmi1, bmi2

Memory: 4k page, physical 8388608k(892600k free)

/proc/meminfo:


vm_info: Java HotSpot(TM) 64-Bit Server VM (25.25-b02) for bsd-amd64 JRE (1.8.0_25-b17), built on Sep 17 2014 16:56:50 by "java_re" with gcc 4.2.1 (Based on Apple Inc. build 5658) (LLVM build 2336.11.00)

time: Sun Apr 24 14:41:24 2016
elapsed time: 160 seconds (0d 0h 2m 40s)

